This file contains any messages produced by compilers while
running configure, to aid debugging if configure makes a mistake.

It was created by binutils configure 2.39, which was
generated by GNU Autoconf 2.69.  Invocation command line was

  $ /home/cvonelm/masterarbeit/software/binutils-softmode/src/binutils-2.39/binutils/configure --srcdir=.././binutils --cache-file=./config.cache --with-gnu-as --with-gnu-ld --with-sysroot=/usr/riscv64-elf --prefix=/usr --enable-multilib --enable-interwork --with-gnu-as --with-gnu-ld --disable-nls --enable-ld=default --enable-gold --enable-plugins --enable-deterministic-archives --program-transform-name=s&^&riscv64-elf-& --disable-option-checking --build=x86_64-pc-linux-gnu --host=x86_64-pc-linux-gnu --target=riscv64-elf

## --------- ##
## Platform. ##
## --------- ##

hostname = redshanks
uname -m = x86_64
uname -r = 6.1.7-arch1-1
uname -s = Linux
uname -v = #1 SMP PREEMPT_DYNAMIC Wed, 18 Jan 2023 19:54:38 +0000

/usr/bin/uname -p = unknown
/bin/uname -X     = unknown

/bin/arch              = unknown
/usr/bin/arch -k       = unknown
/usr/convex/getsysinfo = unknown
/usr/bin/hostinfo      = unknown
/bin/machine           = unknown
/usr/bin/oslevel       = unknown
/bin/universe          = unknown

PATH: /usr/local/sbin
PATH: /usr/local/bin
PATH: /usr/bin
PATH: /usr/lib/jvm/default/bin
PATH: /usr/bin/site_perl
PATH: /usr/bin/vendor_perl
PATH: /usr/bin/core_perl


## ----------- ##
## Core tests. ##
## ----------- ##

configure:2539: loading cache ./config.cache
configure:2661: checking build system type
configure:2675: result: x86_64-pc-linux-gnu
configure:2695: checking host system type
configure:2708: result: x86_64-pc-linux-gnu
configure:2728: checking target system type
configure:2741: result: riscv64-unknown-elf
configure:2784: checking for a BSD-compatible install
configure:2852: result: /usr/bin/install -c
configure:2863: checking whether build environment is sane
configure:2918: result: yes
configure:3069: checking for a thread-safe mkdir -p
configure:3108: result: /usr/bin/mkdir -p
configure:3115: checking for gawk
configure:3142: result: gawk
configure:3153: checking whether make sets $(MAKE)
configure:3175: result: yes
configure:3204: checking whether make supports nested variables
configure:3221: result: yes
configure:3358: checking whether make supports nested variables
configure:3375: result: yes
configure:3395: checking for x86_64-pc-linux-gnu-gcc
configure:3422: result: gcc
configure:3691: checking for C compiler version
configure:3700: gcc --version >&5
gcc (GCC) 12.2.1 20230111
Copyright (C) 2022 Free Software Foundation, Inc.
This is free software; see the source for copying conditions.  There is NO
warranty; not even for MERCHANTABILITY or FITNESS FOR A PARTICULAR PURPOSE.

configure:3711: $? = 0
configure:3700: gcc -v >&5
Using built-in specs.
COLLECT_GCC=gcc
COLLECT_LTO_WRAPPER=/usr/lib/gcc/x86_64-pc-linux-gnu/12.2.1/lto-wrapper
Target: x86_64-pc-linux-gnu
Configured with: /build/gcc/src/gcc/configure --enable-languages=c,c++,ada,fortran,go,lto,objc,obj-c++,d --enable-bootstrap --prefix=/usr --libdir=/usr/lib --libexecdir=/usr/lib --mandir=/usr/share/man --infodir=/usr/share/info --with-bugurl=https://bugs.archlinux.org/ --with-build-config=bootstrap-lto --with-linker-hash-style=gnu --with-system-zlib --enable-__cxa_atexit --enable-cet=auto --enable-checking=release --enable-clocale=gnu --enable-default-pie --enable-default-ssp --enable-gnu-indirect-function --enable-gnu-unique-object --enable-libstdcxx-backtrace --enable-link-serialization=1 --enable-linker-build-id --enable-lto --enable-multilib --enable-plugin --enable-shared --enable-threads=posix --disable-libssp --disable-libstdcxx-pch --disable-werror
Thread model: posix
Supported LTO compression algorithms: zlib zstd
gcc version 12.2.1 20230111 (GCC) 
configure:3711: $? = 0
configure:3700: gcc -V >&5
gcc: error: unrecognized command-line option '-V'
gcc: fatal error: no input files
compilation terminated.
configure:3711: $? = 1
configure:3700: gcc -qversion >&5
gcc: error: unrecognized command-line option '-qversion'; did you mean '--version'?
gcc: fatal error: no input files
compilation terminated.
configure:3711: $? = 1
configure:3731: checking whether the C compiler works
configure:3753: gcc -march=x86-64 -mtune=generic -O2 -pipe -fno-plt -fexceptions         -Wp,-D_FORTIFY_SOURCE=2 -Wformat -Werror=format-security         -fstack-clash-protection -fcf-protection       -Wl,-O1,--sort-common,--as-needed,-z,relro,-z,now conftest.c  >&5
configure:3757: $? = 0
configure:3805: result: yes
configure:3808: checking for C compiler default output file name
configure:3810: result: a.out
configure:3816: checking for suffix of executables
configure:3823: gcc -o conftest -march=x86-64 -mtune=generic -O2 -pipe -fno-plt -fexceptions         -Wp,-D_FORTIFY_SOURCE=2 -Wformat -Werror=format-security         -fstack-clash-protection -fcf-protection       -Wl,-O1,--sort-common,--as-needed,-z,relro,-z,now conftest.c  >&5
configure:3827: $? = 0
configure:3849: result: 
configure:3871: checking whether we are cross compiling
configure:3879: gcc -o conftest -march=x86-64 -mtune=generic -O2 -pipe -fno-plt -fexceptions         -Wp,-D_FORTIFY_SOURCE=2 -Wformat -Werror=format-security         -fstack-clash-protection -fcf-protection       -Wl,-O1,--sort-common,--as-needed,-z,relro,-z,now conftest.c  >&5
configure:3883: $? = 0
configure:3890: ./conftest
configure:3894: $? = 0
configure:3909: result: no
configure:3914: checking for suffix of object files
configure:3961: result: o
configure:3965: checking whether we are using the GNU C compiler
configure:3993: result: yes
configure:4002: checking whether gcc accepts -g
configure:4063: result: yes
configure:4080: checking for gcc option to accept ISO C89
configure:4156: result: none needed
configure:4181: checking whether gcc understands -c and -o together
configure:4218: result: yes
configure:4246: checking for style of include used by make
configure:4274: result: GNU
configure:4300: checking dependency style of gcc
configure:4411: result: gcc3
configure:4432: checking how to run the C preprocessor
configure:4502: result: gcc -E
configure:4522: gcc -E  conftest.c
configure:4522: $? = 0
configure:4536: gcc -E  conftest.c
conftest.c:11:10: fatal error: ac_nonexistent.h: No such file or directory
   11 | #include <ac_nonexistent.h>
      |          ^~~~~~~~~~~~~~~~~~
compilation terminated.
configure:4536: $? = 1
configure: failed program was:
| /* confdefs.h */
| #define PACKAGE_NAME "binutils"
| #define PACKAGE_TARNAME "binutils"
| #define PACKAGE_VERSION "2.39"
| #define PACKAGE_STRING "binutils 2.39"
| #define PACKAGE_BUGREPORT ""
| #define PACKAGE_URL ""
| #define PACKAGE "binutils"
| #define VERSION "2.39"
| /* end confdefs.h.  */
| #include <ac_nonexistent.h>
configure:4565: checking for grep that handles long lines and -e
configure:4623: result: /usr/bin/grep
configure:4628: checking for egrep
configure:4690: result: /usr/bin/grep -E
configure:4695: checking for ANSI C header files
configure:4799: result: yes
configure:4812: checking for sys/types.h
configure:4812: result: yes
configure:4812: checking for sys/stat.h
configure:4812: result: yes
configure:4812: checking for stdlib.h
configure:4812: result: yes
configure:4812: checking for string.h
configure:4812: result: yes
configure:4812: checking for memory.h
configure:4812: result: yes
configure:4812: checking for strings.h
configure:4812: result: yes
configure:4812: checking for inttypes.h
configure:4812: result: yes
configure:4812: checking for stdint.h
configure:4812: result: yes
configure:4812: checking for unistd.h
configure:4812: result: yes
configure:4825: checking for minix/config.h
configure:4825: result: no
configure:4846: checking whether it is safe to define __EXTENSIONS__
configure:4871: result: yes
configure:4934: checking how to print strings
configure:4961: result: printf
configure:4982: checking for a sed that does not truncate output
configure:5046: result: /usr/bin/sed
configure:5064: checking for fgrep
configure:5126: result: /usr/bin/grep -F
configure:5161: checking for ld used by gcc
configure:5228: result: ld
configure:5235: checking if the linker (ld) is GNU ld
configure:5250: result: yes
configure:5262: checking for BSD- or MS-compatible name lister (nm)
configure:5318: result: /usr/bin/nm -B
configure:5448: checking the name lister (/usr/bin/nm -B) interface
configure:5468: result: BSD nm
configure:5471: checking whether ln -s works
configure:5475: result: yes
configure:5483: checking the maximum length of command line arguments
configure:5608: result: 1572864
configure:5625: checking whether the shell understands some XSI constructs
configure:5635: result: yes
configure:5639: checking whether the shell understands "+="
configure:5645: result: yes
configure:5680: checking for ld option to reload object files
configure:5687: result: -r
configure:5716: checking for x86_64-pc-linux-gnu-objdump
configure:5743: result: objdump
configure:5815: checking how to recognize dependent libraries
configure:6016: result: pass_all
configure:6049: checking for x86_64-pc-linux-gnu-ar
configure:6076: result: ar --plugin /usr/lib/gcc/x86_64-pc-linux-gnu/12.2.0/liblto_plugin.so
configure:6167: checking for x86_64-pc-linux-gnu-strip
configure:6197: result: no
configure:6207: checking for strip
configure:6234: result: strip
configure:6266: checking for x86_64-pc-linux-gnu-ranlib
configure:6293: result: ranlib --plugin /usr/lib/gcc/x86_64-pc-linux-gnu/12.2.0/liblto_plugin.so
configure:6440: checking command to parse /usr/bin/nm -B output from gcc object
configure:6663: result: ok
configure:6758: gcc -c -march=x86-64 -mtune=generic -O2 -pipe -fno-plt -fexceptions         -Wp,-D_FORTIFY_SOURCE=2 -Wformat -Werror=format-security         -fstack-clash-protection -fcf-protection      conftest.c >&5
configure:6761: $? = 0
configure:7511: checking for dlfcn.h
configure:7511: result: yes
configure:7698: checking for objdir
configure:7713: result: .libs
configure:7984: checking if gcc supports -fno-rtti -fno-exceptions
configure:8019: result: no
configure:8039: checking for gcc option to produce PIC
configure:8325: result: -fPIC -DPIC
configure:8337: checking if gcc PIC flag -fPIC -DPIC works
configure:8372: result: yes
configure:8396: checking if gcc static flag -static works
configure:8424: result: yes
configure:8439: checking if gcc supports -c -o file.o
configure:8486: result: yes
configure:8494: checking if gcc supports -c -o file.o
configure:8541: result: yes
configure:8574: checking whether the gcc linker (ld -m elf_x86_64) supports shared libraries
configure:9645: result: yes
configure:9682: checking whether -lc should be explicitly linked in
configure:9725: result: no
configure:9890: checking dynamic linker characteristics
configure:10553: result: GNU/Linux ld.so
configure:10660: checking how to hardcode library paths into programs
configure:10685: result: immediate
configure:11225: checking whether stripping libraries is possible
configure:11230: result: yes
configure:11265: checking if libtool supports shared libraries
configure:11267: result: yes
configure:11270: checking whether to build shared libraries
configure:11291: result: yes
configure:11294: checking whether to build static libraries
configure:11298: result: yes
configure:11346: checking for dlfcn.h
configure:11346: result: yes
configure:11359: checking for windows.h
configure:11359: result: no
configure:11386: checking for library containing dlsym
configure:11434: result: none required
configure:11506: checking for special C compiler options needed for large files
configure:11551: result: no
configure:11557: checking for _FILE_OFFSET_BITS value needed for large files
configure:11614: result: no
configure:11819: checking for x86_64-pc-linux-gnu-pkg-config
configure:11849: result: /usr/bin/x86_64-pc-linux-gnu-pkg-config
configure:11917: checking pkg-config is at least version 0.9.0
configure:11920: result: yes
configure:11938: checking whether to use debuginfod
configure:11940: result: auto
configure:11946: checking for libdebuginfod >= 0.179
configure:11953: $PKG_CONFIG --exists --print-errors "libdebuginfod >= 0.179"
configure:11956: $? = 0
configure:11970: $PKG_CONFIG --exists --print-errors "libdebuginfod >= 0.179"
configure:11973: $? = 0
configure:11998: gcc -o conftest -march=x86-64 -mtune=generic -O2 -pipe -fno-plt -fexceptions         -Wp,-D_FORTIFY_SOURCE=2 -Wformat -Werror=format-security         -fstack-clash-protection -fcf-protection       -Wl,-O1,--sort-common,--as-needed,-z,relro,-z,now -ldebuginfod  conftest.c  >&5
configure:11998: $? = 0
configure:12045: result: yes
gcc: warning: @CPPFLAGS_FOR_BUILD@: linker input file unused because linking not done
gcc: error: @CPPFLAGS_FOR_BUILD@: linker input file not found: No such file or directory
gcc: warning: @CPPFLAGS_FOR_BUILD@: linker input file unused because linking not done
gcc: error: @CPPFLAGS_FOR_BUILD@: linker input file not found: No such file or directory
configure:12253: checking for bison
configure:12280: result: bison -y
configure:12296: checking for flex
configure:12323: result: flex
configure:12362: flex conftest.l
configure:12366: $? = 0
configure:12368: checking lex output file root
configure:12382: result: lex.yy
configure:12387: checking lex library
configure:12411: result: -lfl
configure:12417: checking whether yytext is a pointer
configure:12442: result: yes
configure:12470: checking whether NLS is requested
configure:12473: result: no
configure:12541: checking whether NLS is requested
configure:12550: result: no
configure:12588: checking for msgfmt
configure:12619: result: /usr/bin/msgfmt
configure:12628: checking for gmsgfmt
configure:12659: result: /usr/bin/msgfmt
configure:12699: checking for xgettext
configure:12730: result: /usr/bin/xgettext
configure:12770: checking for msgmerge
configure:12800: result: /usr/bin/msgmerge
configure:12837: checking whether to enable maintainer-specific portions of Makefiles
configure:12846: result: no
configure:12891: checking for x86_64-pc-linux-gnu-ranlib
configure:12918: result: ranlib --plugin /usr/lib/gcc/x86_64-pc-linux-gnu/12.2.0/liblto_plugin.so
configure:13031: checking size of long
configure:13050: result: 8
configure:13064: checking size of long long
configure:13083: result: 8
configure:13103: checking for fcntl.h
configure:13103: result: yes
configure:13103: checking for inttypes.h
configure:13103: result: yes
configure:13103: checking for stdint.h
configure:13103: result: yes
configure:13103: checking for sys/file.h
configure:13103: result: yes
configure:13103: checking for sys/stat.h
configure:13103: result: yes
configure:13103: checking for sys/time.h
configure:13103: result: yes
configure:13103: checking for sys/types.h
configure:13103: result: yes
configure:13103: checking for unistd.h
configure:13103: result: yes
configure:13113: checking for sys/wait.h that is POSIX.1 compatible
configure:13146: result: yes
configure:13160: checking for stdlib.h
configure:13160: result: yes
configure:13160: checking for unistd.h
configure:13160: result: yes
configure:13160: checking for sys/param.h
configure:13160: result: yes
configure:13180: checking for getpagesize
configure:13180: result: yes
configure:13189: checking for working mmap
configure:13346: result: yes
configure:13358: checking for getc_unlocked
configure:13358: result: yes
configure:13358: checking for mkdtemp
configure:13358: result: yes
configure:13358: checking for mkstemp
configure:13358: result: yes
configure:13358: checking for sbrk
configure:13358: result: yes
configure:13358: checking for utimensat
configure:13358: result: yes
configure:13358: checking for utimes
configure:13358: result: yes
configure:13368: checking for mbstate_t
configure:13381: gcc -c -march=x86-64 -mtune=generic -O2 -pipe -fno-plt -fexceptions         -Wp,-D_FORTIFY_SOURCE=2 -Wformat -Werror=format-security         -fstack-clash-protection -fcf-protection      conftest.c >&5
configure:13381: $? = 0
configure:13387: result: yes
configure:13397: checking for struct stat.st_atim.tv_nsec
configure:13397: result: yes
configure:13406: checking whether struct stat.st_atim is of type struct timespec
configure:13440: result: yes
configure:13490: checking for library containing frexp
configure:13538: result: none required
configure:13548: checking for LC_MESSAGES
configure:13572: result: yes
configure:13581: checking for a known getopt prototype in unistd.h
configure:13605: result: yes
configure:13615: checking for utime.h
configure:13643: result: yes
configure:13651: checking whether asprintf is declared
configure:13651: result: yes
configure:13661: checking whether environ is declared
configure:13661: result: yes
configure:13671: checking whether getc_unlocked is declared
configure:13671: result: yes
configure:13681: checking whether sbrk is declared
configure:13681: result: yes
configure:13691: checking whether stpcpy is declared
configure:13691: result: yes
configure:13701: checking whether strnlen is declared
configure:13701: result: yes
configure:13756: checking for msgpack
configure:13763: $PKG_CONFIG --exists --print-errors "msgpack"
Package msgpack was not found in the pkg-config search path.
Perhaps you should add the directory containing `msgpack.pc'
to the PKG_CONFIG_PATH environment variable
Package 'msgpack', required by 'virtual:world', not found
configure:13766: $? = 1
configure:13780: $PKG_CONFIG --exists --print-errors "msgpack"
Package msgpack was not found in the pkg-config search path.
Perhaps you should add the directory containing `msgpack.pc'
to the PKG_CONFIG_PATH environment variable
Package 'msgpack', required by 'virtual:world', not found
configure:13783: $? = 1
configure:13821: result: no
Package 'msgpack', required by 'virtual:world', not found
configure:13879: checking for iconv.h
configure:13879: result: yes
configure:13925: checking for ld used by GCC
configure:13988: result: ld -m elf_x86_64
configure:13995: checking if the linker (ld -m elf_x86_64) is GNU ld
configure:14007: result: yes
configure:14013: checking for shared library run path origin
configure:14026: result: done
configure:14446: checking for iconv
configure:14544: result: yes
configure:14587: checking for iconv declaration
configure:14627: result: 
         extern size_t iconv (iconv_t cd, char * *inbuf, size_t *inbytesleft, char * *outbuf, size_t *outbytesleft);
configure:14981: checking that generated files are newer than configure
configure:14987: result: done
configure:15022: creating ./config.status

## ---------------------- ##
## Running config.status. ##
## ---------------------- ##

This file was extended by binutils config.status 2.39, which was
generated by GNU Autoconf 2.69.  Invocation command line was

  CONFIG_FILES    = 
  CONFIG_HEADERS  = 
  CONFIG_LINKS    = 
  CONFIG_COMMANDS = 
  $ ./config.status 

on redshanks

config.status:1192: creating Makefile
config.status:1192: creating po/Makefile.in
config.status:1192: creating config.h
config.status:1373: config.h is unchanged
config.status:1421: executing depfiles commands
config.status:1421: executing libtool commands
config.status:1421: executing default-1 commands

## ---------------- ##
## Cache variables. ##
## ---------------- ##

ac_cv_build=x86_64-pc-linux-gnu
ac_cv_c_compiler_gnu=yes
ac_cv_env_CC_set=set
ac_cv_env_CC_value=gcc
ac_cv_env_CFLAGS_set=set
ac_cv_env_CFLAGS_value='-march=x86-64 -mtune=generic -O2 -pipe -fno-plt -fexceptions         -Wp,-D_FORTIFY_SOURCE=2 -Wformat -Werror=format-security         -fstack-clash-protection -fcf-protection    '
ac_cv_env_CPPFLAGS_set=
ac_cv_env_CPPFLAGS_value=
ac_cv_env_CPP_set=
ac_cv_env_CPP_value=
ac_cv_env_DEBUGINFOD_CFLAGS_set=
ac_cv_env_DEBUGINFOD_CFLAGS_value=
ac_cv_env_DEBUGINFOD_LIBS_set=
ac_cv_env_DEBUGINFOD_LIBS_value=
ac_cv_env_LDFLAGS_set=set
ac_cv_env_LDFLAGS_value=' -Wl,-O1,--sort-common,--as-needed,-z,relro,-z,now'
ac_cv_env_LIBS_set=
ac_cv_env_LIBS_value=
ac_cv_env_MSGPACK_CFLAGS_set=
ac_cv_env_MSGPACK_CFLAGS_value=
ac_cv_env_MSGPACK_LIBS_set=
ac_cv_env_MSGPACK_LIBS_value=
ac_cv_env_PKG_CONFIG_LIBDIR_set=
ac_cv_env_PKG_CONFIG_LIBDIR_value=
ac_cv_env_PKG_CONFIG_PATH_set=set
ac_cv_env_PKG_CONFIG_PATH_value=
ac_cv_env_PKG_CONFIG_set=
ac_cv_env_PKG_CONFIG_value=
ac_cv_env_YACC_set=set
ac_cv_env_YACC_value='bison -y'
ac_cv_env_YFLAGS_set=
ac_cv_env_YFLAGS_value=
ac_cv_env_build_alias_set=set
ac_cv_env_build_alias_value=x86_64-pc-linux-gnu
ac_cv_env_host_alias_set=set
ac_cv_env_host_alias_value=x86_64-pc-linux-gnu
ac_cv_env_target_alias_set=set
ac_cv_env_target_alias_value=riscv64-elf
ac_cv_func_getc_unlocked=yes
ac_cv_func_getpagesize=yes
ac_cv_func_mkdtemp=yes
ac_cv_func_mkstemp=yes
ac_cv_func_mmap_fixed_mapped=yes
ac_cv_func_sbrk=yes
ac_cv_func_utimensat=yes
ac_cv_func_utimes=yes
ac_cv_have_decl_asprintf=yes
ac_cv_have_decl_environ=yes
ac_cv_have_decl_getc_unlocked=yes
ac_cv_have_decl_sbrk=yes
ac_cv_have_decl_stpcpy=yes
ac_cv_have_decl_strnlen=yes
ac_cv_header_dlfcn_h=yes
ac_cv_header_fcntl_h=yes
ac_cv_header_iconv_h=yes
ac_cv_header_inttypes_h=yes
ac_cv_header_memory_h=yes
ac_cv_header_minix_config_h=no
ac_cv_header_stdc=yes
ac_cv_header_stdint_h=yes
ac_cv_header_stdlib_h=yes
ac_cv_header_string_h=yes
ac_cv_header_strings_h=yes
ac_cv_header_sys_file_h=yes
ac_cv_header_sys_param_h=yes
ac_cv_header_sys_stat_h=yes
ac_cv_header_sys_time_h=yes
ac_cv_header_sys_types_h=yes
ac_cv_header_sys_wait_h=yes
ac_cv_header_unistd_h=yes
ac_cv_header_windows_h=no
ac_cv_host=x86_64-pc-linux-gnu
ac_cv_lib_lex=-lfl
ac_cv_member_struct_stat_st_atim_tv_nsec=yes
ac_cv_objext=o
ac_cv_path_EGREP='/usr/bin/grep -E'
ac_cv_path_FGREP='/usr/bin/grep -F'
ac_cv_path_GMSGFMT=/usr/bin/msgfmt
ac_cv_path_GREP=/usr/bin/grep
ac_cv_path_MSGFMT=/usr/bin/msgfmt
ac_cv_path_MSGMERGE=/usr/bin/msgmerge
ac_cv_path_PKG_CONFIG=/usr/bin/x86_64-pc-linux-gnu-pkg-config
ac_cv_path_SED=/usr/bin/sed
ac_cv_path_XGETTEXT=/usr/bin/xgettext
ac_cv_path_mkdir=/usr/bin/mkdir
ac_cv_prog_AR='ar --plugin /usr/lib/gcc/x86_64-pc-linux-gnu/12.2.0/liblto_plugin.so'
ac_cv_prog_AWK=gawk
ac_cv_prog_CC=gcc
ac_cv_prog_CPP='gcc -E'
ac_cv_prog_LEX=flex
ac_cv_prog_OBJDUMP=objdump
ac_cv_prog_RANLIB='ranlib --plugin /usr/lib/gcc/x86_64-pc-linux-gnu/12.2.0/liblto_plugin.so'
ac_cv_prog_YACC='bison -y'
ac_cv_prog_ac_ct_STRIP=strip
ac_cv_prog_cc_c89=
ac_cv_prog_cc_g=yes
ac_cv_prog_lex_root=lex.yy
ac_cv_prog_lex_yytext_pointer=yes
ac_cv_prog_make_make_set=yes
ac_cv_safe_to_define___extensions__=yes
ac_cv_search_dlsym='none required'
ac_cv_search_frexp='none required'
ac_cv_sizeof_long=8
ac_cv_sizeof_long_long=8
ac_cv_sys_file_offset_bits=no
ac_cv_sys_largefile_CC=no
ac_cv_target=riscv64-unknown-elf
ac_cv_typeof_struct_stat_st_atim_is_struct_timespec=yes
acl_cv_hardcode_direct=no
acl_cv_hardcode_libdir_flag_spec='${wl}-rpath ${wl}$libdir'
acl_cv_hardcode_libdir_separator=
acl_cv_hardcode_minus_L=no
acl_cv_libext=a
acl_cv_path_LD='ld -m elf_x86_64'
acl_cv_prog_gnu_ld=yes
acl_cv_rpath=done
acl_cv_shlibext=so
acl_cv_wl=-Wl,
am_cv_CC_dependencies_compiler_type=gcc3
am_cv_func_iconv=yes
am_cv_lib_iconv=no
am_cv_make_support_nested_variables=yes
am_cv_prog_cc_c_o=yes
am_cv_proto_iconv='extern size_t iconv (iconv_t cd, char * *inbuf, size_t *inbytesleft, char * *outbuf, size_t *outbytesleft);'
am_cv_proto_iconv_arg1=
am_cv_val_LC_MESSAGES=yes
bu_cv_decl_getopt_unistd_h=yes
bu_cv_header_utime_h=yes
lt_cv_archive_cmds_need_lc=no
lt_cv_deplibs_check_method=pass_all
lt_cv_file_magic_cmd='$MAGIC_CMD'
lt_cv_file_magic_test_file=
lt_cv_ld_reload_flag=-r
lt_cv_nm_interface='BSD nm'
lt_cv_objdir=.libs
lt_cv_path_LD=ld
lt_cv_path_NM='/usr/bin/nm -B'
lt_cv_prog_compiler_c_o=yes
lt_cv_prog_compiler_pic_works=yes
lt_cv_prog_compiler_rtti_exceptions=no
lt_cv_prog_compiler_static_works=yes
lt_cv_prog_gnu_ld=yes
lt_cv_shlibpath_overrides_runpath=no
lt_cv_sys_global_symbol_pipe='sed -n -e '\''s/^.*[	 ]\([ABCDGIRSTW][ABCDGIRSTW]*\)[	 ][	 ]*\([_A-Za-z][_A-Za-z0-9]*\)$/\1 \2 \2/p'\'''
lt_cv_sys_global_symbol_to_c_name_address='sed -n -e '\''s/^: \([^ ]*\) $/  {\"\1\", (void *) 0},/p'\'' -e '\''s/^[ABCDGIRSTW]* \([^ ]*\) \([^ ]*\)$/  {"\2", (void *) \&\2},/p'\'''
lt_cv_sys_global_symbol_to_c_name_address_lib_prefix='sed -n -e '\''s/^: \([^ ]*\) $/  {\"\1\", (void *) 0},/p'\'' -e '\''s/^[ABCDGIRSTW]* \([^ ]*\) \(lib[^ ]*\)$/  {"\2", (void *) \&\2},/p'\'' -e '\''s/^[ABCDGIRSTW]* \([^ ]*\) \([^ ]*\)$/  {"lib\2", (void *) \&\2},/p'\'''
lt_cv_sys_global_symbol_to_cdecl='sed -n -e '\''s/^T .* \(.*\)$/extern int \1();/p'\'' -e '\''s/^[ABCDGIRSTW]* .* \(.*\)$/extern char \1;/p'\'''
lt_cv_sys_max_cmd_len=1572864
pkg_cv_DEBUGINFOD_CFLAGS=
pkg_cv_DEBUGINFOD_LIBS='-ldebuginfod '

## ----------------- ##
## Output variables. ##
## ----------------- ##

ACLOCAL='${SHELL} /home/cvonelm/masterarbeit/software/binutils-softmode/src/binutils-2.39/missing aclocal-1.15'
AMDEPBACKSLASH='\'
AMDEP_FALSE='#'
AMDEP_TRUE=''
AMTAR='$${TAR-tar}'
AM_BACKSLASH='\'
AM_DEFAULT_V='$(AM_DEFAULT_VERBOSITY)'
AM_DEFAULT_VERBOSITY='0'
AM_V='$(V)'
AR='ar --plugin /usr/lib/gcc/x86_64-pc-linux-gnu/12.2.0/liblto_plugin.so --plugin /usr/lib/gcc/x86_64-pc-linux-gnu/12.2.1/liblto_plugin.so'
AUTOCONF='${SHELL} /home/cvonelm/masterarbeit/software/binutils-softmode/src/binutils-2.39/missing autoconf'
AUTOHEADER='${SHELL} /home/cvonelm/masterarbeit/software/binutils-softmode/src/binutils-2.39/missing autoheader'
AUTOMAKE='${SHELL} /home/cvonelm/masterarbeit/software/binutils-softmode/src/binutils-2.39/missing automake-1.15'
AWK='gawk'
BUILD_DLLTOOL=''
BUILD_DLLWRAP=''
BUILD_INSTALL_MISC=''
BUILD_MISC=''
BUILD_SRCONV=''
BUILD_WINDMC=''
BUILD_WINDRES=''
CATALOGS=''
CATOBJEXT=''
CC='gcc'
CCDEPMODE='depmode=gcc3'
CC_FOR_BUILD='gcc'
CFLAGS='-march=x86-64 -mtune=generic -O2 -pipe -fno-plt -fexceptions         -Wp,-D_FORTIFY_SOURCE=2 -Wformat -Werror=format-security         -fstack-clash-protection -fcf-protection    '
CPP='gcc -E'
CPPFLAGS=''
CYGPATH_W='echo'
DATADIRNAME=''
DEBUGINFOD_CFLAGS=''
DEBUGINFOD_LIBS='-ldebuginfod '
DEFS='-DHAVE_CONFIG_H'
DEMANGLER_NAME='c++filt'
DEPDIR='.deps'
DLLTOOL_DEFS=' '
DSYMUTIL='@DSYMUTIL@'
DUMPBIN=''
ECHO_C=''
ECHO_N='-n'
ECHO_T=''
EGREP='/usr/bin/grep -E'
EMULATION='vanilla'
EMULATION_VECTOR='bin_vanilla_emulation'
ENABLE_LIBCTF_FALSE='#'
ENABLE_LIBCTF_TRUE=''
EXEEXT=''
EXEEXT_FOR_BUILD='$(EXEEXT)'
FGREP='/usr/bin/grep -F'
GENCAT=''
GENINSRC_NEVER_FALSE=''
GENINSRC_NEVER_TRUE='#'
GMSGFMT='/usr/bin/msgfmt'
GREP='/usr/bin/grep'
HDEFINES=''
INCINTL=''
INSTALL_DATA='/usr/bin/install -c -m 644'
INSTALL_PROGRAM='/usr/bin/install -c'
INSTALL_SCRIPT='/usr/bin/install -c'
INSTALL_STRIP_PROGRAM='$(install_sh) -c -s'
INSTOBJEXT=''
LARGEFILE_CPPFLAGS=''
LD='ld -m elf_x86_64'
LDFLAGS=' -Wl,-O1,--sort-common,--as-needed,-z,relro,-z,now'
LEX='flex'
LEXLIB='-lfl'
LEX_OUTPUT_ROOT='lex.yy'
LIBICONV=''
LIBINTL=''
LIBINTL_DEP=''
LIBOBJS=''
LIBS=''
LIBTOOL='$(SHELL) $(top_builddir)/libtool'
LIPO=''
LN_S='ln -s'
LTLIBICONV=''
LTLIBOBJS=''
MAINT='#'
MAINTAINER_MODE_FALSE=''
MAINTAINER_MODE_TRUE='#'
MAKEINFO='makeinfo --split-size=5000000'
MKDIR_P='/usr/bin/mkdir -p'
MKINSTALLDIRS='$(top_builddir)/./../mkinstalldirs'
MSGFMT='/usr/bin/msgfmt'
MSGMERGE='/usr/bin/msgmerge'
MSGPACK_CFLAGS=''
MSGPACK_LIBS=''
NM='/usr/bin/nm -B'
NMEDIT=''
NO_WERROR=''
OBJDUMP='objdump'
OBJDUMP_DEFS=' -DOBJDUMP_PRIVATE_VECTORS=""'
OBJDUMP_PRIVATE_OFILES=''
OBJEXT='o'
OTOOL64=''
OTOOL='@OTOOL@'
PACKAGE='binutils'
PACKAGE_BUGREPORT=''
PACKAGE_NAME='binutils'
PACKAGE_STRING='binutils 2.39'
PACKAGE_TARNAME='binutils'
PACKAGE_URL=''
PACKAGE_VERSION='2.39'
PATH_SEPARATOR=':'
PKG_CONFIG='/usr/bin/x86_64-pc-linux-gnu-pkg-config'
PKG_CONFIG_LIBDIR=''
PKG_CONFIG_PATH=''
POSUB=''
RANLIB='ranlib --plugin /usr/lib/gcc/x86_64-pc-linux-gnu/12.2.0/liblto_plugin.so'
SED='/usr/bin/sed'
SET_MAKE=''
SHELL='/bin/sh'
STRIP='strip'
USE_NLS='no'
VERSION='2.39'
WARN_CFLAGS='-W -Wall -Wstrict-prototypes -Wmissing-prototypes -Wshadow -Wstack-usage=262144'
WARN_CFLAGS_FOR_BUILD='-W -Wall -Wstrict-prototypes -Wmissing-prototypes -Wshadow -Wstack-usage=262144'
WARN_WRITE_STRINGS='-Wwrite-strings'
XGETTEXT='/usr/bin/xgettext'
YACC='bison -y'
YFLAGS=''
ac_ct_CC=''
ac_ct_DUMPBIN=''
am__EXEEXT_FALSE=''
am__EXEEXT_TRUE='#'
am__fastdepCC_FALSE='#'
am__fastdepCC_TRUE=''
am__include='include'
am__isrc=''
am__leading_dot='.'
am__nodep='_no'
am__quote=''
am__tar='$${TAR-tar} chof - "$$tardir"'
am__untar='$${TAR-tar} xf -'
bindir='${exec_prefix}/bin'
build='x86_64-pc-linux-gnu'
build_alias='x86_64-pc-linux-gnu'
build_cpu='x86_64'
build_os='linux-gnu'
build_vendor='pc'
datadir='${datarootdir}'
datarootdir='${prefix}/share'
docdir='${datarootdir}/doc/${PACKAGE_TARNAME}'
dvidir='${docdir}'
exec_prefix='${prefix}'
host='x86_64-pc-linux-gnu'
host_alias='x86_64-pc-linux-gnu'
host_cpu='x86_64'
host_os='linux-gnu'
host_vendor='pc'
htmldir='${docdir}'
includedir='${prefix}/include'
infodir='${datarootdir}/info'
install_sh='${SHELL} /home/cvonelm/masterarbeit/software/binutils-softmode/src/binutils-2.39/install-sh'
libdir='${exec_prefix}/lib'
libexecdir='${exec_prefix}/libexec'
localedir='${datarootdir}/locale'
localstatedir='${prefix}/var'
mandir='${datarootdir}/man'
mkdir_p='$(MKDIR_P)'
oldincludedir='/usr/include'
pdfdir='${docdir}'
prefix='/usr'
program_transform_name='s&^&riscv64-elf-&'
psdir='${docdir}'
sbindir='${exec_prefix}/sbin'
sharedstatedir='${prefix}/com'
sysconfdir='${prefix}/etc'
target='riscv64-unknown-elf'
target_alias='riscv64-elf'
target_cpu='riscv64'
target_os='elf'
target_vendor='unknown'
zlibdir='-L$(top_builddir)/../zlib'
zlibinc='-I$(top_srcdir)/../zlib'

## ----------- ##
## confdefs.h. ##
## ----------- ##

/* confdefs.h */
#define PACKAGE_NAME "binutils"
#define PACKAGE_TARNAME "binutils"
#define PACKAGE_VERSION "2.39"
#define PACKAGE_STRING "binutils 2.39"
#define PACKAGE_BUGREPORT ""
#define PACKAGE_URL ""
#define PACKAGE "binutils"
#define VERSION "2.39"
#define STDC_HEADERS 1
#define HAVE_SYS_TYPES_H 1
#define HAVE_SYS_STAT_H 1
#define HAVE_STDLIB_H 1
#define HAVE_STRING_H 1
#define HAVE_MEMORY_H 1
#define HAVE_STRINGS_H 1
#define HAVE_INTTYPES_H 1
#define HAVE_STDINT_H 1
#define HAVE_UNISTD_H 1
#define __EXTENSIONS__ 1
#define _ALL_SOURCE 1
#define _GNU_SOURCE 1
#define _POSIX_PTHREAD_SEMANTICS 1
#define _TANDEM_SOURCE 1
#define HAVE_DLFCN_H 1
#define LT_OBJDIR ".libs/"
#define HAVE_DLFCN_H 1
#define DEFAULT_AR_DETERMINISTIC 1
#define DEFAULT_STRINGS_ALL 1
#define DEFAULT_F_FOR_IFUNC_SYMBOLS 0
#define DEFAULT_FOR_FOLLOW_LINKS 1
#define HAVE_LIBDEBUGINFOD 1
#define ENABLE_LIBCTF 1
#define YYTEXT_POINTER 1
#define EXECUTABLE_SUFFIX ""
#define SIZEOF_LONG 8
#define SIZEOF_LONG_LONG 8
#define HAVE_FCNTL_H 1
#define HAVE_INTTYPES_H 1
#define HAVE_STDINT_H 1
#define HAVE_SYS_FILE_H 1
#define HAVE_SYS_STAT_H 1
#define HAVE_SYS_TIME_H 1
#define HAVE_SYS_TYPES_H 1
#define HAVE_UNISTD_H 1
#define HAVE_SYS_WAIT_H 1
#define HAVE_STDLIB_H 1
#define HAVE_UNISTD_H 1
#define HAVE_SYS_PARAM_H 1
#define HAVE_GETPAGESIZE 1
#define HAVE_MMAP 1
#define HAVE_GETC_UNLOCKED 1
#define HAVE_MKDTEMP 1
#define HAVE_MKSTEMP 1
#define HAVE_SBRK 1
#define HAVE_UTIMENSAT 1
#define HAVE_UTIMES 1
#define HAVE_MBSTATE_T 1
#define HAVE_STRUCT_STAT_ST_ATIM_TV_NSEC 1
#define TYPEOF_STRUCT_STAT_ST_ATIM_IS_STRUCT_TIMESPEC 1
#define HAVE_LC_MESSAGES 1
#define HAVE_DECL_GETOPT 1
#define HAVE_GOOD_UTIME_H 1
#define HAVE_DECL_ASPRINTF 1
#define HAVE_DECL_ENVIRON 1
#define HAVE_DECL_GETC_UNLOCKED 1
#define HAVE_DECL_SBRK 1
#define HAVE_DECL_STPCPY 1
#define HAVE_DECL_STRNLEN 1
#define HAVE_ICONV 1
#define ICONV_CONST 
#define TARGET "riscv64-unknown-elf"
#define TARGET_PREPENDS_UNDERSCORE 0

configure: exit 0
