This file contains any messages produced by compilers while
running configure, to aid debugging if configure makes a mistake.

It was created by ld configure 2.39, which was
generated by GNU Autoconf 2.69.  Invocation command line was

  $ /home/cvonelm/masterarbeit/software/binutils-softmode/src/binutils-2.39/ld/configure --srcdir=.././ld --cache-file=./config.cache --with-gnu-as --with-gnu-ld --with-sysroot=/usr/riscv64-elf --prefix=/usr --enable-multilib --enable-interwork --with-gnu-as --with-gnu-ld --disable-nls --enable-ld=default --enable-gold --enable-plugins --enable-deterministic-archives --program-transform-name=s&^&riscv64-elf-& --disable-option-checking --build=x86_64-pc-linux-gnu --host=x86_64-pc-linux-gnu --target=riscv64-elf

## --------- ##
## Platform. ##
## --------- ##

hostname = redshanks
uname -m = x86_64
uname -r = 6.1.7-arch1-1
uname -s = Linux
uname -v = #1 SMP PREEMPT_DYNAMIC Wed, 18 Jan 2023 19:54:38 +0000

/usr/bin/uname -p = unknown
/bin/uname -X     = unknown

/bin/arch              = unknown
/usr/bin/arch -k       = unknown
/usr/convex/getsysinfo = unknown
/usr/bin/hostinfo      = unknown
/bin/machine           = unknown
/usr/bin/oslevel       = unknown
/bin/universe          = unknown

PATH: /usr/local/sbin
PATH: /usr/local/bin
PATH: /usr/bin
PATH: /usr/lib/jvm/default/bin
PATH: /usr/bin/site_perl
PATH: /usr/bin/vendor_perl
PATH: /usr/bin/core_perl


## ----------- ##
## Core tests. ##
## ----------- ##

configure:2632: loading cache ./config.cache
configure:2754: checking build system type
configure:2768: result: x86_64-pc-linux-gnu
configure:2788: checking host system type
configure:2801: result: x86_64-pc-linux-gnu
configure:2821: checking target system type
configure:2834: result: riscv64-unknown-elf
configure:2878: checking for a BSD-compatible install
configure:2946: result: /usr/bin/install -c
configure:2957: checking whether build environment is sane
configure:3012: result: yes
configure:3163: checking for a thread-safe mkdir -p
configure:3202: result: /usr/bin/mkdir -p
configure:3209: checking for gawk
configure:3236: result: gawk
configure:3247: checking whether make sets $(MAKE)
configure:3269: result: yes
configure:3298: checking whether make supports nested variables
configure:3315: result: yes
configure:3452: checking whether make supports nested variables
configure:3469: result: yes
configure:3481: checking whether to enable maintainer-specific portions of Makefiles
configure:3490: result: no
configure:3512: checking for x86_64-pc-linux-gnu-gcc
configure:3539: result: gcc
configure:3808: checking for C compiler version
configure:3817: gcc --version >&5
gcc (GCC) 12.2.1 20230111
Copyright (C) 2022 Free Software Foundation, Inc.
This is free software; see the source for copying conditions.  There is NO
warranty; not even for MERCHANTABILITY or FITNESS FOR A PARTICULAR PURPOSE.

configure:3828: $? = 0
configure:3817: gcc -v >&5
Using built-in specs.
COLLECT_GCC=gcc
COLLECT_LTO_WRAPPER=/usr/lib/gcc/x86_64-pc-linux-gnu/12.2.1/lto-wrapper
Target: x86_64-pc-linux-gnu
Configured with: /build/gcc/src/gcc/configure --enable-languages=c,c++,ada,fortran,go,lto,objc,obj-c++,d --enable-bootstrap --prefix=/usr --libdir=/usr/lib --libexecdir=/usr/lib --mandir=/usr/share/man --infodir=/usr/share/info --with-bugurl=https://bugs.archlinux.org/ --with-build-config=bootstrap-lto --with-linker-hash-style=gnu --with-system-zlib --enable-__cxa_atexit --enable-cet=auto --enable-checking=release --enable-clocale=gnu --enable-default-pie --enable-default-ssp --enable-gnu-indirect-function --enable-gnu-unique-object --enable-libstdcxx-backtrace --enable-link-serialization=1 --enable-linker-build-id --enable-lto --enable-multilib --enable-plugin --enable-shared --enable-threads=posix --disable-libssp --disable-libstdcxx-pch --disable-werror
Thread model: posix
Supported LTO compression algorithms: zlib zstd
gcc version 12.2.1 20230111 (GCC) 
configure:3828: $? = 0
configure:3817: gcc -V >&5
gcc: error: unrecognized command-line option '-V'
gcc: fatal error: no input files
compilation terminated.
configure:3828: $? = 1
configure:3817: gcc -qversion >&5
gcc: error: unrecognized command-line option '-qversion'; did you mean '--version'?
gcc: fatal error: no input files
compilation terminated.
configure:3828: $? = 1
configure:3848: checking whether the C compiler works
configure:3870: gcc -march=x86-64 -mtune=generic -O2 -pipe -fno-plt -fexceptions         -Wp,-D_FORTIFY_SOURCE=2 -Wformat -Werror=format-security         -fstack-clash-protection -fcf-protection       -Wl,-O1,--sort-common,--as-needed,-z,relro,-z,now conftest.c  >&5
configure:3874: $? = 0
configure:3922: result: yes
configure:3925: checking for C compiler default output file name
configure:3927: result: a.out
configure:3933: checking for suffix of executables
configure:3940: gcc -o conftest -march=x86-64 -mtune=generic -O2 -pipe -fno-plt -fexceptions         -Wp,-D_FORTIFY_SOURCE=2 -Wformat -Werror=format-security         -fstack-clash-protection -fcf-protection       -Wl,-O1,--sort-common,--as-needed,-z,relro,-z,now conftest.c  >&5
configure:3944: $? = 0
configure:3966: result: 
configure:3988: checking whether we are cross compiling
configure:3996: gcc -o conftest -march=x86-64 -mtune=generic -O2 -pipe -fno-plt -fexceptions         -Wp,-D_FORTIFY_SOURCE=2 -Wformat -Werror=format-security         -fstack-clash-protection -fcf-protection       -Wl,-O1,--sort-common,--as-needed,-z,relro,-z,now conftest.c  >&5
configure:4000: $? = 0
configure:4007: ./conftest
configure:4011: $? = 0
configure:4026: result: no
configure:4031: checking for suffix of object files
configure:4078: result: o
configure:4082: checking whether we are using the GNU C compiler
configure:4110: result: yes
configure:4119: checking whether gcc accepts -g
configure:4180: result: yes
configure:4197: checking for gcc option to accept ISO C89
configure:4273: result: none needed
configure:4298: checking whether gcc understands -c and -o together
configure:4335: result: yes
configure:4363: checking for style of include used by make
configure:4391: result: GNU
configure:4417: checking dependency style of gcc
configure:4528: result: gcc3
configure:4655: checking for C++ compiler version
configure:4664: g++ --version >&5
g++ (GCC) 12.2.1 20230111
Copyright (C) 2022 Free Software Foundation, Inc.
This is free software; see the source for copying conditions.  There is NO
warranty; not even for MERCHANTABILITY or FITNESS FOR A PARTICULAR PURPOSE.

configure:4675: $? = 0
configure:4664: g++ -v >&5
Using built-in specs.
COLLECT_GCC=g++
COLLECT_LTO_WRAPPER=/usr/lib/gcc/x86_64-pc-linux-gnu/12.2.1/lto-wrapper
Target: x86_64-pc-linux-gnu
Configured with: /build/gcc/src/gcc/configure --enable-languages=c,c++,ada,fortran,go,lto,objc,obj-c++,d --enable-bootstrap --prefix=/usr --libdir=/usr/lib --libexecdir=/usr/lib --mandir=/usr/share/man --infodir=/usr/share/info --with-bugurl=https://bugs.archlinux.org/ --with-build-config=bootstrap-lto --with-linker-hash-style=gnu --with-system-zlib --enable-__cxa_atexit --enable-cet=auto --enable-checking=release --enable-clocale=gnu --enable-default-pie --enable-default-ssp --enable-gnu-indirect-function --enable-gnu-unique-object --enable-libstdcxx-backtrace --enable-link-serialization=1 --enable-linker-build-id --enable-lto --enable-multilib --enable-plugin --enable-shared --enable-threads=posix --disable-libssp --disable-libstdcxx-pch --disable-werror
Thread model: posix
Supported LTO compression algorithms: zlib zstd
gcc version 12.2.1 20230111 (GCC) 
configure:4675: $? = 0
configure:4664: g++ -V >&5
g++: error: unrecognized command-line option '-V'
g++: fatal error: no input files
compilation terminated.
configure:4675: $? = 1
configure:4664: g++ -qversion >&5
g++: error: unrecognized command-line option '-qversion'; did you mean '--version'?
g++: fatal error: no input files
compilation terminated.
configure:4675: $? = 1
configure:4679: checking whether we are using the GNU C++ compiler
configure:4707: result: yes
configure:4716: checking whether g++ accepts -g
configure:4777: result: yes
configure:4802: checking dependency style of g++
configure:4913: result: gcc3
configure:4928: checking for grep that handles long lines and -e
configure:4986: result: /usr/bin/grep
configure:4997: checking how to run the C preprocessor
configure:5067: result: gcc -E
configure:5087: gcc -E  conftest.c
configure:5087: $? = 0
configure:5101: gcc -E  conftest.c
conftest.c:11:10: fatal error: ac_nonexistent.h: No such file or directory
   11 | #include <ac_nonexistent.h>
      |          ^~~~~~~~~~~~~~~~~~
compilation terminated.
configure:5101: $? = 1
configure: failed program was:
| /* confdefs.h */
| #define PACKAGE_NAME "ld"
| #define PACKAGE_TARNAME "ld"
| #define PACKAGE_VERSION "2.39"
| #define PACKAGE_STRING "ld 2.39"
| #define PACKAGE_BUGREPORT ""
| #define PACKAGE_URL ""
| #define PACKAGE "ld"
| #define VERSION "2.39"
| /* end confdefs.h.  */
| #include <ac_nonexistent.h>
configure:5130: checking for egrep
configure:5192: result: /usr/bin/grep -E
configure:5197: checking for ANSI C header files
configure:5301: result: yes
configure:5314: checking for sys/types.h
configure:5314: result: yes
configure:5314: checking for sys/stat.h
configure:5314: result: yes
configure:5314: checking for stdlib.h
configure:5314: result: yes
configure:5314: checking for string.h
configure:5314: result: yes
configure:5314: checking for memory.h
configure:5314: result: yes
configure:5314: checking for strings.h
configure:5314: result: yes
configure:5314: checking for inttypes.h
configure:5314: result: yes
configure:5314: checking for stdint.h
configure:5314: result: yes
configure:5314: checking for unistd.h
configure:5314: result: yes
configure:5327: checking for minix/config.h
configure:5327: result: no
configure:5348: checking whether it is safe to define __EXTENSIONS__
configure:5373: result: yes
configure:5437: checking how to print strings
configure:5464: result: printf
configure:5485: checking for a sed that does not truncate output
configure:5549: result: /usr/bin/sed
configure:5567: checking for fgrep
configure:5629: result: /usr/bin/grep -F
configure:5664: checking for ld used by gcc
configure:5731: result: ld
configure:5738: checking if the linker (ld) is GNU ld
configure:5753: result: yes
configure:5765: checking for BSD- or MS-compatible name lister (nm)
configure:5821: result: /usr/bin/nm -B
configure:5951: checking the name lister (/usr/bin/nm -B) interface
configure:5971: result: BSD nm
configure:5974: checking whether ln -s works
configure:5978: result: yes
configure:5986: checking the maximum length of command line arguments
configure:6111: result: 1572864
configure:6128: checking whether the shell understands some XSI constructs
configure:6138: result: yes
configure:6142: checking whether the shell understands "+="
configure:6148: result: yes
configure:6183: checking for ld option to reload object files
configure:6190: result: -r
configure:6219: checking for x86_64-pc-linux-gnu-objdump
configure:6246: result: objdump
configure:6318: checking how to recognize dependent libraries
configure:6519: result: pass_all
configure:6552: checking for x86_64-pc-linux-gnu-ar
configure:6579: result: ar --plugin /usr/lib/gcc/x86_64-pc-linux-gnu/12.2.0/liblto_plugin.so
configure:6670: checking for x86_64-pc-linux-gnu-strip
configure:6700: result: no
configure:6710: checking for strip
configure:6737: result: strip
configure:6769: checking for x86_64-pc-linux-gnu-ranlib
configure:6796: result: ranlib --plugin /usr/lib/gcc/x86_64-pc-linux-gnu/12.2.0/liblto_plugin.so
configure:6943: checking command to parse /usr/bin/nm -B output from gcc object
configure:7166: result: ok
configure:7261: gcc -c -march=x86-64 -mtune=generic -O2 -pipe -fno-plt -fexceptions         -Wp,-D_FORTIFY_SOURCE=2 -Wformat -Werror=format-security         -fstack-clash-protection -fcf-protection      conftest.c >&5
configure:7264: $? = 0
configure:8014: checking for dlfcn.h
configure:8014: result: yes
configure:8202: checking for objdir
configure:8217: result: .libs
configure:8488: checking if gcc supports -fno-rtti -fno-exceptions
configure:8523: result: no
configure:8543: checking for gcc option to produce PIC
configure:8829: result: -fPIC -DPIC
configure:8841: checking if gcc PIC flag -fPIC -DPIC works
configure:8876: result: yes
configure:8900: checking if gcc static flag -static works
configure:8928: result: yes
configure:8943: checking if gcc supports -c -o file.o
configure:8990: result: yes
configure:8998: checking if gcc supports -c -o file.o
configure:9045: result: yes
configure:9078: checking whether the gcc linker (ld -m elf_x86_64) supports shared libraries
configure:10149: result: yes
configure:10186: checking whether -lc should be explicitly linked in
configure:10229: result: no
configure:10394: checking dynamic linker characteristics
configure:11057: result: GNU/Linux ld.so
configure:11164: checking how to hardcode library paths into programs
configure:11189: result: immediate
configure:11729: checking whether stripping libraries is possible
configure:11734: result: yes
configure:11769: checking if libtool supports shared libraries
configure:11771: result: yes
configure:11774: checking whether to build shared libraries
configure:11795: result: yes
configure:11798: checking whether to build static libraries
configure:11802: result: yes
configure:11825: checking how to run the C++ preprocessor
configure:11891: result: g++ -E
configure:11911: g++ -E  conftest.cpp
configure:11911: $? = 0
configure:11925: g++ -E  conftest.cpp
conftest.cpp:28:10: fatal error: ac_nonexistent.h: No such file or directory
   28 | #include <ac_nonexistent.h>
      |          ^~~~~~~~~~~~~~~~~~
compilation terminated.
configure:11925: $? = 1
configure: failed program was:
| /* confdefs.h */
| #define PACKAGE_NAME "ld"
| #define PACKAGE_TARNAME "ld"
| #define PACKAGE_VERSION "2.39"
| #define PACKAGE_STRING "ld 2.39"
| #define PACKAGE_BUGREPORT ""
| #define PACKAGE_URL ""
| #define PACKAGE "ld"
| #define VERSION "2.39"
| #define STDC_HEADERS 1
| #define HAVE_SYS_TYPES_H 1
| #define HAVE_SYS_STAT_H 1
| #define HAVE_STDLIB_H 1
| #define HAVE_STRING_H 1
| #define HAVE_MEMORY_H 1
| #define HAVE_STRINGS_H 1
| #define HAVE_INTTYPES_H 1
| #define HAVE_STDINT_H 1
| #define HAVE_UNISTD_H 1
| #define __EXTENSIONS__ 1
| #define _ALL_SOURCE 1
| #define _GNU_SOURCE 1
| #define _POSIX_PTHREAD_SEMANTICS 1
| #define _TANDEM_SOURCE 1
| #define HAVE_DLFCN_H 1
| #define LT_OBJDIR ".libs/"
| /* end confdefs.h.  */
| #include <ac_nonexistent.h>
configure:12093: checking for ld used by g++
configure:12160: result: ld -m elf_x86_64
configure:12167: checking if the linker (ld -m elf_x86_64) is GNU ld
configure:12182: result: yes
configure:12237: checking whether the g++ linker (ld -m elf_x86_64) supports shared libraries
configure:13169: result: yes
configure:13197: g++ -c -march=x86-64 -mtune=generic -O2 -pipe -fno-plt -fexceptions         -Wp,-D_FORTIFY_SOURCE=2 -Wformat -Werror=format-security         -fstack-clash-protection -fcf-protection -Wp,-D_GLIBCXX_ASSERTIONS      conftest.cpp >&5
configure:13200: $? = 0
configure:13382: checking for g++ option to produce PIC
configure:13705: result: -fPIC -DPIC
configure:13714: checking if g++ PIC flag -fPIC -DPIC works
configure:13749: result: yes
configure:13770: checking if g++ static flag -static works
configure:13798: result: yes
configure:13810: checking if g++ supports -c -o file.o
configure:13857: result: yes
configure:13862: checking if g++ supports -c -o file.o
configure:13909: result: yes
configure:13939: checking whether the g++ linker (ld -m elf_x86_64) supports shared libraries
configure:13967: result: yes
configure:14110: checking dynamic linker characteristics
configure:14707: result: GNU/Linux ld.so
configure:14760: checking how to hardcode library paths into programs
configure:14785: result: immediate
configure:14856: checking for dlfcn.h
configure:14856: result: yes
configure:14869: checking for windows.h
configure:14869: result: no
configure:14896: checking for library containing dlsym
configure:14944: result: none required
configure:15016: checking for special C compiler options needed for large files
configure:15061: result: no
configure:15067: checking for _FILE_OFFSET_BITS value needed for large files
configure:15124: result: no
configure:15263: checking size of void *
configure:15282: result: 8
gcc: warning: @CPPFLAGS_FOR_BUILD@: linker input file unused because linking not done
gcc: error: @CPPFLAGS_FOR_BUILD@: linker input file not found: No such file or directory
gcc: warning: @CPPFLAGS_FOR_BUILD@: linker input file unused because linking not done
gcc: error: @CPPFLAGS_FOR_BUILD@: linker input file not found: No such file or directory
configure:15978: checking for LC_MESSAGES
configure:16002: result: yes
configure:16040: checking whether NLS is requested
configure:16043: result: no
configure:16111: checking whether NLS is requested
configure:16120: result: no
configure:16158: checking for msgfmt
configure:16189: result: /usr/bin/msgfmt
configure:16198: checking for gmsgfmt
configure:16229: result: /usr/bin/msgfmt
configure:16269: checking for xgettext
configure:16300: result: /usr/bin/xgettext
configure:16340: checking for msgmerge
configure:16370: result: /usr/bin/msgmerge
configure:16412: checking for bison
configure:16439: result: bison -y
configure:16455: checking for flex
configure:16482: result: flex
configure:16521: flex conftest.l
configure:16525: $? = 0
configure:16527: checking lex output file root
configure:16541: result: lex.yy
configure:16546: checking lex library
configure:16570: result: -lfl
configure:16576: checking whether yytext is a pointer
configure:16601: result: yes
configure:16616: checking whether to enable maintainer-specific portions of Makefiles
configure:16625: result: no
configure:16646: checking how to compare bootstrapped objects
configure:16671: result: cmp --ignore-initial=16 $$f1 $$f2
configure:16693: checking for fcntl.h
configure:16693: result: yes
configure:16693: checking for elf-hints.h
configure:16693: result: no
configure:16693: checking for limits.h
configure:16693: result: yes
configure:16693: checking for inttypes.h
configure:16693: result: yes
configure:16693: checking for stdint.h
configure:16693: result: yes
configure:16693: checking for sys/file.h
configure:16693: result: yes
configure:16693: checking for sys/mman.h
configure:16693: result: yes
configure:16693: checking for sys/param.h
configure:16693: result: yes
configure:16693: checking for sys/stat.h
configure:16693: result: yes
configure:16693: checking for sys/time.h
configure:16693: result: yes
configure:16693: checking for sys/types.h
configure:16693: result: yes
configure:16693: checking for unistd.h
configure:16693: result: yes
configure:16706: checking for close
configure:16706: result: yes
configure:16706: checking for glob
configure:16706: result: yes
configure:16706: checking for lseek
configure:16706: result: yes
configure:16706: checking for mkstemp
configure:16706: result: yes
configure:16706: checking for open
configure:16706: result: yes
configure:16706: checking for realpath
configure:16706: result: yes
configure:16706: checking for sbrk
configure:16706: result: yes
configure:16706: checking for waitpid
configure:16706: result: yes
configure:16724: checking whether asprintf is declared
configure:16724: result: yes
configure:16734: checking whether environ is declared
configure:16734: result: yes
configure:16744: checking whether sbrk is declared
configure:16744: result: yes
configure:16762: checking for stdlib.h
configure:16762: result: yes
configure:16762: checking for unistd.h
configure:16762: result: yes
configure:16762: checking for sys/param.h
configure:16762: result: yes
configure:16782: checking for getpagesize
configure:16782: result: yes
configure:16791: checking for working mmap
configure:16948: result: yes
configure:16958: checking for library containing dlopen
configure:17006: result: none required
configure:17015: checking for a known getopt prototype in unistd.h
configure:17039: result: yes
configure:17073: checking whether ANSI C string concatenation works
configure:17097: result: yes
configure:17483: checking that generated files are newer than configure
configure:17489: result: done
configure:17536: creating ./config.status

## ---------------------- ##
## Running config.status. ##
## ---------------------- ##

This file was extended by ld config.status 2.39, which was
generated by GNU Autoconf 2.69.  Invocation command line was

  CONFIG_FILES    = 
  CONFIG_HEADERS  = 
  CONFIG_LINKS    = 
  CONFIG_COMMANDS = 
  $ ./config.status 

on redshanks

config.status:1266: creating Makefile
config.status:1266: creating po/Makefile.in
config.status:1266: creating config.h
config.status:1447: config.h is unchanged
config.status:1495: executing depfiles commands
config.status:1495: executing libtool commands
config.status:1495: executing default-1 commands
config.status:1495: executing default commands

## ---------------- ##
## Cache variables. ##
## ---------------- ##

ac_cv_build=x86_64-pc-linux-gnu
ac_cv_c_compiler_gnu=yes
ac_cv_cxx_compiler_gnu=yes
ac_cv_env_CCC_set=
ac_cv_env_CCC_value=
ac_cv_env_CC_set=set
ac_cv_env_CC_value=gcc
ac_cv_env_CFLAGS_set=set
ac_cv_env_CFLAGS_value='-march=x86-64 -mtune=generic -O2 -pipe -fno-plt -fexceptions         -Wp,-D_FORTIFY_SOURCE=2 -Wformat -Werror=format-security         -fstack-clash-protection -fcf-protection    '
ac_cv_env_CPPFLAGS_set=
ac_cv_env_CPPFLAGS_value=
ac_cv_env_CPP_set=
ac_cv_env_CPP_value=
ac_cv_env_CXXCPP_set=
ac_cv_env_CXXCPP_value=
ac_cv_env_CXXFLAGS_set=set
ac_cv_env_CXXFLAGS_value='-march=x86-64 -mtune=generic -O2 -pipe -fno-plt -fexceptions         -Wp,-D_FORTIFY_SOURCE=2 -Wformat -Werror=format-security         -fstack-clash-protection -fcf-protection -Wp,-D_GLIBCXX_ASSERTIONS    '
ac_cv_env_CXX_set=set
ac_cv_env_CXX_value=g++
ac_cv_env_JANSSON_CFLAGS_set=
ac_cv_env_JANSSON_CFLAGS_value=
ac_cv_env_JANSSON_LIBS_set=
ac_cv_env_JANSSON_LIBS_value=
ac_cv_env_LDFLAGS_set=set
ac_cv_env_LDFLAGS_value=' -Wl,-O1,--sort-common,--as-needed,-z,relro,-z,now'
ac_cv_env_LIBS_set=
ac_cv_env_LIBS_value=
ac_cv_env_PKG_CONFIG_LIBDIR_set=
ac_cv_env_PKG_CONFIG_LIBDIR_value=
ac_cv_env_PKG_CONFIG_PATH_set=set
ac_cv_env_PKG_CONFIG_PATH_value=
ac_cv_env_PKG_CONFIG_set=
ac_cv_env_PKG_CONFIG_value=
ac_cv_env_YACC_set=set
ac_cv_env_YACC_value='bison -y'
ac_cv_env_YFLAGS_set=
ac_cv_env_YFLAGS_value=
ac_cv_env_build_alias_set=set
ac_cv_env_build_alias_value=x86_64-pc-linux-gnu
ac_cv_env_host_alias_set=set
ac_cv_env_host_alias_value=x86_64-pc-linux-gnu
ac_cv_env_target_alias_set=set
ac_cv_env_target_alias_value=riscv64-elf
ac_cv_func_close=yes
ac_cv_func_getpagesize=yes
ac_cv_func_glob=yes
ac_cv_func_lseek=yes
ac_cv_func_mkstemp=yes
ac_cv_func_mmap_fixed_mapped=yes
ac_cv_func_open=yes
ac_cv_func_realpath=yes
ac_cv_func_sbrk=yes
ac_cv_func_waitpid=yes
ac_cv_have_decl_asprintf=yes
ac_cv_have_decl_environ=yes
ac_cv_have_decl_sbrk=yes
ac_cv_header_dlfcn_h=yes
ac_cv_header_elf_hints_h=no
ac_cv_header_fcntl_h=yes
ac_cv_header_inttypes_h=yes
ac_cv_header_limits_h=yes
ac_cv_header_memory_h=yes
ac_cv_header_minix_config_h=no
ac_cv_header_stdc=yes
ac_cv_header_stdint_h=yes
ac_cv_header_stdlib_h=yes
ac_cv_header_string_h=yes
ac_cv_header_strings_h=yes
ac_cv_header_sys_file_h=yes
ac_cv_header_sys_mman_h=yes
ac_cv_header_sys_param_h=yes
ac_cv_header_sys_stat_h=yes
ac_cv_header_sys_time_h=yes
ac_cv_header_sys_types_h=yes
ac_cv_header_unistd_h=yes
ac_cv_header_windows_h=no
ac_cv_host=x86_64-pc-linux-gnu
ac_cv_lib_lex=-lfl
ac_cv_objext=o
ac_cv_path_EGREP='/usr/bin/grep -E'
ac_cv_path_FGREP='/usr/bin/grep -F'
ac_cv_path_GMSGFMT=/usr/bin/msgfmt
ac_cv_path_GREP=/usr/bin/grep
ac_cv_path_MSGFMT=/usr/bin/msgfmt
ac_cv_path_MSGMERGE=/usr/bin/msgmerge
ac_cv_path_SED=/usr/bin/sed
ac_cv_path_XGETTEXT=/usr/bin/xgettext
ac_cv_path_mkdir=/usr/bin/mkdir
ac_cv_prog_AR='ar --plugin /usr/lib/gcc/x86_64-pc-linux-gnu/12.2.0/liblto_plugin.so'
ac_cv_prog_AWK=gawk
ac_cv_prog_CC=gcc
ac_cv_prog_CPP='gcc -E'
ac_cv_prog_CXXCPP='g++ -E'
ac_cv_prog_LEX=flex
ac_cv_prog_OBJDUMP=objdump
ac_cv_prog_RANLIB='ranlib --plugin /usr/lib/gcc/x86_64-pc-linux-gnu/12.2.0/liblto_plugin.so'
ac_cv_prog_YACC='bison -y'
ac_cv_prog_ac_ct_STRIP=strip
ac_cv_prog_cc_c89=
ac_cv_prog_cc_g=yes
ac_cv_prog_cxx_g=yes
ac_cv_prog_lex_root=lex.yy
ac_cv_prog_lex_yytext_pointer=yes
ac_cv_prog_make_make_set=yes
ac_cv_safe_to_define___extensions__=yes
ac_cv_search_dlopen='none required'
ac_cv_search_dlsym='none required'
ac_cv_sizeof_void_p=8
ac_cv_sys_file_offset_bits=no
ac_cv_sys_largefile_CC=no
ac_cv_target=riscv64-unknown-elf
am_cv_CC_dependencies_compiler_type=gcc3
am_cv_CXX_dependencies_compiler_type=gcc3
am_cv_make_support_nested_variables=yes
am_cv_prog_cc_c_o=yes
am_cv_val_LC_MESSAGES=yes
gcc_cv_prog_cmp_skip='cmp --ignore-initial=16 $$f1 $$f2'
ld_cv_decl_getopt_unistd_h=yes
ld_cv_string_concatenation=yes
lt_cv_archive_cmds_need_lc=no
lt_cv_deplibs_check_method=pass_all
lt_cv_file_magic_cmd='$MAGIC_CMD'
lt_cv_file_magic_test_file=
lt_cv_ld_reload_flag=-r
lt_cv_nm_interface='BSD nm'
lt_cv_objdir=.libs
lt_cv_path_LD=ld
lt_cv_path_LDCXX='ld -m elf_x86_64'
lt_cv_path_NM='/usr/bin/nm -B'
lt_cv_prog_compiler_c_o=yes
lt_cv_prog_compiler_c_o_CXX=yes
lt_cv_prog_compiler_pic_works=yes
lt_cv_prog_compiler_pic_works_CXX=yes
lt_cv_prog_compiler_rtti_exceptions=no
lt_cv_prog_compiler_static_works=yes
lt_cv_prog_compiler_static_works_CXX=yes
lt_cv_prog_gnu_ld=yes
lt_cv_prog_gnu_ldcxx=yes
lt_cv_shlibpath_overrides_runpath=no
lt_cv_sys_global_symbol_pipe='sed -n -e '\''s/^.*[	 ]\([ABCDGIRSTW][ABCDGIRSTW]*\)[	 ][	 ]*\([_A-Za-z][_A-Za-z0-9]*\)$/\1 \2 \2/p'\'''
lt_cv_sys_global_symbol_to_c_name_address='sed -n -e '\''s/^: \([^ ]*\) $/  {\"\1\", (void *) 0},/p'\'' -e '\''s/^[ABCDGIRSTW]* \([^ ]*\) \([^ ]*\)$/  {"\2", (void *) \&\2},/p'\'''
lt_cv_sys_global_symbol_to_c_name_address_lib_prefix='sed -n -e '\''s/^: \([^ ]*\) $/  {\"\1\", (void *) 0},/p'\'' -e '\''s/^[ABCDGIRSTW]* \([^ ]*\) \(lib[^ ]*\)$/  {"\2", (void *) \&\2},/p'\'' -e '\''s/^[ABCDGIRSTW]* \([^ ]*\) \([^ ]*\)$/  {"lib\2", (void *) \&\2},/p'\'''
lt_cv_sys_global_symbol_to_cdecl='sed -n -e '\''s/^T .* \(.*\)$/extern int \1();/p'\'' -e '\''s/^[ABCDGIRSTW]* .* \(.*\)$/extern char \1;/p'\'''
lt_cv_sys_max_cmd_len=1572864

## ----------------- ##
## Output variables. ##
## ----------------- ##

ACLOCAL='${SHELL} /home/cvonelm/masterarbeit/software/binutils-softmode/src/binutils-2.39/missing aclocal-1.15'
AMDEPBACKSLASH='\'
AMDEP_FALSE='#'
AMDEP_TRUE=''
AMTAR='$${TAR-tar}'
AM_BACKSLASH='\'
AM_DEFAULT_V='$(AM_DEFAULT_VERBOSITY)'
AM_DEFAULT_VERBOSITY='0'
AM_V='$(V)'
AR='ar --plugin /usr/lib/gcc/x86_64-pc-linux-gnu/12.2.0/liblto_plugin.so --plugin /usr/lib/gcc/x86_64-pc-linux-gnu/12.2.1/liblto_plugin.so'
AUTOCONF='${SHELL} /home/cvonelm/masterarbeit/software/binutils-softmode/src/binutils-2.39/missing autoconf'
AUTOHEADER='${SHELL} /home/cvonelm/masterarbeit/software/binutils-softmode/src/binutils-2.39/missing autoheader'
AUTOMAKE='${SHELL} /home/cvonelm/masterarbeit/software/binutils-softmode/src/binutils-2.39/missing automake-1.15'
AWK='gawk'
CATALOGS=''
CATOBJEXT=''
CC='gcc'
CCDEPMODE='depmode=gcc3'
CFLAGS='-march=x86-64 -mtune=generic -O2 -pipe -fno-plt -fexceptions         -Wp,-D_FORTIFY_SOURCE=2 -Wformat -Werror=format-security         -fstack-clash-protection -fcf-protection    '
CPP='gcc -E'
CPPFLAGS=''
CXX='g++'
CXXCPP='g++ -E'
CXXDEPMODE='depmode=gcc3'
CXXFLAGS='-march=x86-64 -mtune=generic -O2 -pipe -fno-plt -fexceptions         -Wp,-D_FORTIFY_SOURCE=2 -Wformat -Werror=format-security         -fstack-clash-protection -fcf-protection -Wp,-D_GLIBCXX_ASSERTIONS    '
CYGPATH_W='echo'
DATADIRNAME=''
DEFS='-DHAVE_CONFIG_H'
DEPDIR='.deps'
DSYMUTIL='@DSYMUTIL@'
DUMPBIN=''
ECHO_C=''
ECHO_N='-n'
ECHO_T=''
EGREP='/usr/bin/grep -E'
EMUL='elf64lriscv'
EMULATION_LIBPATH='elf64lriscv elf32lriscv elf64briscv elf32briscv'
EMULATION_OFILES=' eelf64lriscv.o eelf32lriscv.o eelf64briscv.o eelf32briscv.o'
EMUL_EXTRA_OFILES=' ldelf.o ldelfgen.o'
ENABLE_BFD_64_BIT_FALSE='#'
ENABLE_BFD_64_BIT_TRUE=''
ENABLE_LIBCTF_FALSE='#'
ENABLE_LIBCTF_TRUE=''
EXEEXT=''
FGREP='/usr/bin/grep -F'
GENCAT=''
GENINSRC_NEVER_FALSE=''
GENINSRC_NEVER_TRUE='#'
GMSGFMT='/usr/bin/msgfmt'
GREP='/usr/bin/grep'
HDEFINES=''
INCINTL=''
INSTALL_DATA='/usr/bin/install -c -m 644'
INSTALL_PROGRAM='/usr/bin/install -c'
INSTALL_SCRIPT='/usr/bin/install -c'
INSTALL_STRIP_PROGRAM='$(install_sh) -c -s'
INSTOBJEXT=''
JANSSON_CFLAGS=''
JANSSON_LIBS=''
LARGEFILE_CPPFLAGS=''
LD='ld -m elf_x86_64'
LDFLAGS=' -Wl,-O1,--sort-common,--as-needed,-z,relro,-z,now'
LEX='flex'
LEXLIB='-lfl'
LEX_OUTPUT_ROOT='lex.yy'
LIBINTL=''
LIBINTL_DEP=''
LIBOBJS=''
LIBS=''
LIBTOOL='$(SHELL) $(top_builddir)/libtool'
LIB_PATH=''
LIPO=''
LN_S='ln -s'
LTLIBOBJS=''
MAINT='#'
MAINTAINER_MODE_FALSE=''
MAINTAINER_MODE_TRUE='#'
MAKEINFO='makeinfo --split-size=5000000'
MKDIR_P='/usr/bin/mkdir -p'
MKINSTALLDIRS='$(top_builddir)/./../mkinstalldirs'
MSGFMT='/usr/bin/msgfmt'
MSGMERGE='/usr/bin/msgmerge'
NATIVE_LIB_DIRS='/usr/local/lib /lib /usr/lib'
NM='/usr/bin/nm -B'
NMEDIT=''
NO_WERROR=''
OBJDUMP='objdump'
OBJEXT='o'
OTOOL64=''
OTOOL='@OTOOL@'
PACKAGE='ld'
PACKAGE_BUGREPORT=''
PACKAGE_NAME='ld'
PACKAGE_STRING='ld 2.39'
PACKAGE_TARNAME='ld'
PACKAGE_URL=''
PACKAGE_VERSION='2.39'
PATH_SEPARATOR=':'
PKG_CONFIG=''
PKG_CONFIG_LIBDIR=''
PKG_CONFIG_PATH=''
POSUB=''
RANLIB='ranlib --plugin /usr/lib/gcc/x86_64-pc-linux-gnu/12.2.0/liblto_plugin.so --plugin /usr/lib/gcc/x86_64-pc-linux-gnu/12.2.1/liblto_plugin.so'
SED='/usr/bin/sed'
SET_MAKE=''
SHELL='/bin/sh'
STRINGIFY='astring.sed'
STRIP='strip'
TARGET_SYSTEM_ROOT='/usr/riscv64-elf'
TARGET_SYSTEM_ROOT_DEFINE='-DTARGET_SYSTEM_ROOT=\"$(TARGET_SYSTEM_ROOT)\" -DTARGET_SYSTEM_ROOT_RELOCATABLE'
TDIRS='
TESTBFDLIB='../bfd/.libs/libbfd.a'
TESTCTFLIB='../libctf/.libs/libctf.a'
USE_NLS='no'
VERSION='2.39'
WARN_CFLAGS='-W -Wall -Wstrict-prototypes -Wmissing-prototypes -Wshadow -Wstack-usage=262144'
WARN_CFLAGS_FOR_BUILD='-W -Wall -Wstrict-prototypes -Wmissing-prototypes -Wshadow -Wstack-usage=262144'
WARN_WRITE_STRINGS='-Wwrite-strings'
XGETTEXT='/usr/bin/xgettext'
YACC='bison -y'
YFLAGS=''
ac_ct_CC=''
ac_ct_CXX=''
ac_ct_DUMPBIN=''
am__EXEEXT_FALSE=''
am__EXEEXT_TRUE='#'
am__fastdepCC_FALSE='#'
am__fastdepCC_TRUE=''
am__fastdepCXX_FALSE='#'
am__fastdepCXX_TRUE=''
am__include='include'
am__isrc=''
am__leading_dot='.'
am__nodep='_no'
am__quote=''
am__tar='$${TAR-tar} chof - "$$tardir"'
am__untar='$${TAR-tar} xf -'
bindir='${exec_prefix}/bin'
build='x86_64-pc-linux-gnu'
build_alias='x86_64-pc-linux-gnu'
build_cpu='x86_64'
build_os='linux-gnu'
build_vendor='pc'
datadir='${datarootdir}'
datarootdir='${prefix}/share'
do_compare='cmp --ignore-initial=16 $$f1 $$f2'
docdir='${datarootdir}/doc/${PACKAGE_TARNAME}'
dvidir='${docdir}'
elf_list_options='true'
elf_plt_unwind_list_options='false'
elf_shlib_list_options='false'
enable_initfini_array='yes'
enable_libctf='yes'
exec_prefix='${prefix}'
host='x86_64-pc-linux-gnu'
host_alias='x86_64-pc-linux-gnu'
host_cpu='x86_64'
host_os='linux-gnu'
host_vendor='pc'
htmldir='${docdir}'
includedir='${prefix}/include'
infodir='${datarootdir}/info'
install_as_default='yes'
install_sh='${SHELL} /home/cvonelm/masterarbeit/software/binutils-softmode/src/binutils-2.39/install-sh'
installed_linker='ld.bfd'
libdir='${exec_prefix}/lib'
libexecdir='${exec_prefix}/libexec'
localedir='${datarootdir}/locale'
localstatedir='${prefix}/var'
mandir='${datarootdir}/man'
mkdir_p='$(MKDIR_P)'
oldincludedir='/usr/include'
pdfdir='${docdir}'
prefix='/usr'
program_transform_name='s&^&riscv64-elf-&'
psdir='${docdir}'
sbindir='${exec_prefix}/sbin'
sharedstatedir='${prefix}/com'
sysconfdir='${prefix}/etc'
target='riscv64-unknown-elf'
target_alias='riscv64-elf'
target_cpu='riscv64'
target_os='elf'
target_vendor='unknown'
tdir_elf32briscv=riscv64-elf'
tdir_elf32lriscv=riscv64-elf
tdir_elf64briscv=riscv64-elf
tdir_elf64lriscv=riscv64-elf
use_sysroot='yes'
zlibdir='-L$(top_builddir)/../zlib'
zlibinc='-I$(top_srcdir)/../zlib'

## ----------- ##
## confdefs.h. ##
## ----------- ##

/* confdefs.h */
#define PACKAGE_NAME "ld"
#define PACKAGE_TARNAME "ld"
#define PACKAGE_VERSION "2.39"
#define PACKAGE_STRING "ld 2.39"
#define PACKAGE_BUGREPORT ""
#define PACKAGE_URL ""
#define PACKAGE "ld"
#define VERSION "2.39"
#define STDC_HEADERS 1
#define HAVE_SYS_TYPES_H 1
#define HAVE_SYS_STAT_H 1
#define HAVE_STDLIB_H 1
#define HAVE_STRING_H 1
#define HAVE_MEMORY_H 1
#define HAVE_STRINGS_H 1
#define HAVE_INTTYPES_H 1
#define HAVE_STDINT_H 1
#define HAVE_UNISTD_H 1
#define __EXTENSIONS__ 1
#define _ALL_SOURCE 1
#define _GNU_SOURCE 1
#define _POSIX_PTHREAD_SEMANTICS 1
#define _TANDEM_SOURCE 1
#define HAVE_DLFCN_H 1
#define LT_OBJDIR ".libs/"
#define HAVE_DLFCN_H 1
#define SIZEOF_VOID_P 8
#define GOT_HANDLING_DEFAULT GOT_HANDLING_TARGET_DEFAULT
#define HAVE_INITFINI_ARRAY 1
#define ENABLE_LIBCTF 1
#define HAVE_LC_MESSAGES 1
#define YYTEXT_POINTER 1
#define HAVE_FCNTL_H 1
#define HAVE_LIMITS_H 1
#define HAVE_INTTYPES_H 1
#define HAVE_STDINT_H 1
#define HAVE_SYS_FILE_H 1
#define HAVE_SYS_MMAN_H 1
#define HAVE_SYS_PARAM_H 1
#define HAVE_SYS_STAT_H 1
#define HAVE_SYS_TIME_H 1
#define HAVE_SYS_TYPES_H 1
#define HAVE_UNISTD_H 1
#define HAVE_CLOSE 1
#define HAVE_GLOB 1
#define HAVE_LSEEK 1
#define HAVE_MKSTEMP 1
#define HAVE_OPEN 1
#define HAVE_REALPATH 1
#define HAVE_SBRK 1
#define HAVE_WAITPID 1
#define HAVE_DECL_ASPRINTF 1
#define HAVE_DECL_ENVIRON 1
#define HAVE_DECL_SBRK 1
#define HAVE_STDLIB_H 1
#define HAVE_UNISTD_H 1
#define HAVE_SYS_PARAM_H 1
#define HAVE_GETPAGESIZE 1
#define HAVE_MMAP 1
#define HAVE_DECL_GETOPT 1
#define DEFAULT_NEW_DTAGS 0
#define DEFAULT_LD_Z_RELRO 0
#define DEFAULT_LD_TEXTREL_CHECK textrel_check_none
#define DEFAULT_LD_TEXTREL_CHECK_WARNING 0
#define DEFAULT_LD_Z_SEPARATE_CODE 0
#define DEFAULT_LD_WARN_EXECSTACK 2
#define DEFAULT_LD_WARN_RWX_SEGMENTS 1
#define DEFAULT_LD_EXECSTACK 1
#define SUPPORT_ERROR_HANDLING_SCRIPT 1
#define DEFAULT_EMIT_SYSV_HASH 1
#define DEFAULT_EMIT_GNU_HASH 0

configure: exit 0
