This file contains any messages produced by compilers while
running configure, to aid debugging if configure makes a mistake.

It was created by configure, which was
generated by GNU Autoconf 2.69.  Invocation command line was

  $ /home/cvonelm/masterarbeit/software/binutils-softmode/src/binutils-2.39/libiberty/configure --srcdir=.././libiberty --cache-file=./config.cache --with-gnu-as --with-gnu-ld --with-sysroot=/usr/riscv64-elf --prefix=/usr --enable-multilib --enable-interwork --with-gnu-as --with-gnu-ld --disable-nls --enable-ld=default --enable-gold --enable-plugins --enable-deterministic-archives --program-transform-name=s&^&riscv64-elf-& --disable-option-checking --build=x86_64-pc-linux-gnu --host=x86_64-pc-linux-gnu --target=riscv64-elf

## --------- ##
## Platform. ##
## --------- ##

hostname = redshanks
uname -m = x86_64
uname -r = 6.1.7-arch1-1
uname -s = Linux
uname -v = #1 SMP PREEMPT_DYNAMIC Wed, 18 Jan 2023 19:54:38 +0000

/usr/bin/uname -p = unknown
/bin/uname -X     = unknown

/bin/arch              = unknown
/usr/bin/arch -k       = unknown
/usr/convex/getsysinfo = unknown
/usr/bin/hostinfo      = unknown
/bin/machine           = unknown
/usr/bin/oslevel       = unknown
/bin/universe          = unknown

PATH: /usr/local/sbin
PATH: /usr/local/bin
PATH: /usr/bin
PATH: /usr/lib/jvm/default/bin
PATH: /usr/bin/site_perl
PATH: /usr/bin/vendor_perl
PATH: /usr/bin/core_perl


## ----------- ##
## Core tests. ##
## ----------- ##

configure:2378: loading cache ./config.cache
configure:2544: checking whether to enable maintainer-specific portions of Makefiles
configure:2554: result: no
configure:2574: checking for makeinfo
configure:2601: result: makeinfo --split-size=5000000
configure:2641: checking for perl
configure:2668: result: perl
configure:2687: checking build system type
configure:2701: result: x86_64-pc-linux-gnu
configure:2721: checking host system type
configure:2734: result: x86_64-pc-linux-gnu
configure:2759: checking for x86_64-pc-linux-gnu-ar
configure:2786: result: ar --plugin /usr/lib/gcc/x86_64-pc-linux-gnu/12.2.0/liblto_plugin.so
configure:2851: checking for x86_64-pc-linux-gnu-ranlib
configure:2878: result: ranlib --plugin /usr/lib/gcc/x86_64-pc-linux-gnu/12.2.0/liblto_plugin.so
configure:2941: checking for -plugin option
configure:2959: checking for x86_64-pc-linux-gnu-ar
configure:2986: result: ar --plugin /usr/lib/gcc/x86_64-pc-linux-gnu/12.2.0/liblto_plugin.so
configure:3061: result: --plugin /usr/lib/gcc/x86_64-pc-linux-gnu/12.2.1/liblto_plugin.so
configure:3101: checking whether to install libiberty headers and static library
configure:3124: result: no
configure:3126: target_header_dir = 
configure:3138: checking for x86_64-pc-linux-gnu-gcc
configure:3165: result: gcc
configure:3434: checking for C compiler version
configure:3443: gcc --version >&5
gcc (GCC) 12.2.1 20230111
Copyright (C) 2022 Free Software Foundation, Inc.
This is free software; see the source for copying conditions.  There is NO
warranty; not even for MERCHANTABILITY or FITNESS FOR A PARTICULAR PURPOSE.

configure:3454: $? = 0
configure:3443: gcc -v >&5
Using built-in specs.
COLLECT_GCC=gcc
COLLECT_LTO_WRAPPER=/usr/lib/gcc/x86_64-pc-linux-gnu/12.2.1/lto-wrapper
Target: x86_64-pc-linux-gnu
Configured with: /build/gcc/src/gcc/configure --enable-languages=c,c++,ada,fortran,go,lto,objc,obj-c++,d --enable-bootstrap --prefix=/usr --libdir=/usr/lib --libexecdir=/usr/lib --mandir=/usr/share/man --infodir=/usr/share/info --with-bugurl=https://bugs.archlinux.org/ --with-build-config=bootstrap-lto --with-linker-hash-style=gnu --with-system-zlib --enable-__cxa_atexit --enable-cet=auto --enable-checking=release --enable-clocale=gnu --enable-default-pie --enable-default-ssp --enable-gnu-indirect-function --enable-gnu-unique-object --enable-libstdcxx-backtrace --enable-link-serialization=1 --enable-linker-build-id --enable-lto --enable-multilib --enable-plugin --enable-shared --enable-threads=posix --disable-libssp --disable-libstdcxx-pch --disable-werror
Thread model: posix
Supported LTO compression algorithms: zlib zstd
gcc version 12.2.1 20230111 (GCC) 
configure:3454: $? = 0
configure:3443: gcc -V >&5
gcc: error: unrecognized command-line option '-V'
gcc: fatal error: no input files
compilation terminated.
configure:3454: $? = 1
configure:3443: gcc -qversion >&5
gcc: error: unrecognized command-line option '-qversion'; did you mean '--version'?
gcc: fatal error: no input files
compilation terminated.
configure:3454: $? = 1
configure:3470: gcc -o conftest -march=x86-64 -mtune=generic -O2 -pipe -fno-plt -fexceptions         -Wp,-D_FORTIFY_SOURCE=2 -Wformat -Werror=format-security         -fstack-clash-protection -fcf-protection       -Wl,-O1,--sort-common,--as-needed,-z,relro,-z,now conftest.c  >&5
configure:3473: $? = 0
configure:3502: checking whether the C compiler works
configure:3524: gcc -march=x86-64 -mtune=generic -O2 -pipe -fno-plt -fexceptions         -Wp,-D_FORTIFY_SOURCE=2 -Wformat -Werror=format-security         -fstack-clash-protection -fcf-protection       -Wl,-O1,--sort-common,--as-needed,-z,relro,-z,now conftest.c  >&5
configure:3528: $? = 0
configure:3576: result: yes
configure:3579: checking for C compiler default output file name
configure:3581: result: a.out
configure:3587: checking for suffix of executables
configure:3594: gcc -o conftest -march=x86-64 -mtune=generic -O2 -pipe -fno-plt -fexceptions         -Wp,-D_FORTIFY_SOURCE=2 -Wformat -Werror=format-security         -fstack-clash-protection -fcf-protection       -Wl,-O1,--sort-common,--as-needed,-z,relro,-z,now conftest.c  >&5
configure:3598: $? = 0
configure:3620: result: 
configure:3642: checking whether we are cross compiling
configure:3650: gcc -o conftest -march=x86-64 -mtune=generic -O2 -pipe -fno-plt -fexceptions         -Wp,-D_FORTIFY_SOURCE=2 -Wformat -Werror=format-security         -fstack-clash-protection -fcf-protection       -Wl,-O1,--sort-common,--as-needed,-z,relro,-z,now conftest.c  >&5
configure:3654: $? = 0
configure:3661: ./conftest
configure:3665: $? = 0
configure:3680: result: no
configure:3686: checking for suffix of object files
configure:3733: result: o
configure:3737: checking whether we are using the GNU C compiler
configure:3765: result: yes
configure:3774: checking whether gcc accepts -g
configure:3835: result: yes
configure:3852: checking for gcc option to accept ISO C89
configure:3928: result: none needed
configure:3954: checking how to run the C preprocessor
configure:4024: result: gcc -E
configure:4044: gcc -E  conftest.c
configure:4044: $? = 0
configure:4058: gcc -E  conftest.c
conftest.c:9:10: fatal error: ac_nonexistent.h: No such file or directory
    9 | #include <ac_nonexistent.h>
      |          ^~~~~~~~~~~~~~~~~~
compilation terminated.
configure:4058: $? = 1
configure: failed program was:
| /* confdefs.h */
| #define PACKAGE_NAME ""
| #define PACKAGE_TARNAME ""
| #define PACKAGE_VERSION ""
| #define PACKAGE_STRING ""
| #define PACKAGE_BUGREPORT ""
| #define PACKAGE_URL ""
| /* end confdefs.h.  */
| #include <ac_nonexistent.h>
configure:4087: checking for grep that handles long lines and -e
configure:4145: result: /usr/bin/grep
configure:4150: checking for egrep
configure:4212: result: /usr/bin/grep -E
configure:4217: checking for ANSI C header files
configure:4321: result: yes
configure:4334: checking for sys/types.h
configure:4334: result: yes
configure:4334: checking for sys/stat.h
configure:4334: result: yes
configure:4334: checking for stdlib.h
configure:4334: result: yes
configure:4334: checking for string.h
configure:4334: result: yes
configure:4334: checking for memory.h
configure:4334: result: yes
configure:4334: checking for strings.h
configure:4334: result: yes
configure:4334: checking for inttypes.h
configure:4334: result: yes
configure:4334: checking for stdint.h
configure:4334: result: yes
configure:4334: checking for unistd.h
configure:4334: result: yes
configure:4347: checking for minix/config.h
configure:4347: result: no
configure:4368: checking whether it is safe to define __EXTENSIONS__
configure:4393: result: yes
configure:4415: checking for special C compiler options needed for large files
configure:4460: result: no
configure:4466: checking for _FILE_OFFSET_BITS value needed for large files
configure:4523: result: no
configure:4630: checking whether gcc supports -W
configure:4656: result: yes
configure:4630: checking whether gcc supports -Wall
configure:4656: result: yes
configure:4630: checking whether gcc supports -Wwrite-strings
configure:4656: result: yes
configure:4630: checking whether gcc supports -Wc++-compat
configure:4656: result: yes
configure:4630: checking whether gcc supports -Wstrict-prototypes
configure:4656: result: yes
configure:4630: checking whether gcc supports -Wshadow=local
configure:4656: result: yes
configure:4679: checking whether gcc supports -pedantic 
configure:4705: result: yes
configure:4721: checking whether gcc and cc understand -c and -o together
configure:4821: result: yes
configure:4840: checking for an ANSI C-conforming const
configure:4913: result: yes
configure:4921: checking for inline
configure:4945: result: inline
configure:4963: checking whether byte ordering is bigendian
configure:5169: result: no
configure:5208: checking for a BSD-compatible install
configure:5276: result: /usr/bin/install -c
configure:5426: checking for CET support
configure:5455: gcc -c -march=x86-64 -mtune=generic -O2 -pipe -fno-plt -fexceptions         -Wp,-D_FORTIFY_SOURCE=2 -Wformat -Werror=format-security         -fstack-clash-protection -fcf-protection     -fcf-protection  conftest.c >&5
configure:5455: $? = 0
configure:5524: gcc -o conftest -march=x86-64 -mtune=generic -O2 -pipe -fno-plt -fexceptions         -Wp,-D_FORTIFY_SOURCE=2 -Wformat -Werror=format-security         -fstack-clash-protection -fcf-protection     -fcf-protection=none   -Wl,-O1,--sort-common,--as-needed,-z,relro,-z,now -Wl,-z,ibt,-z,shstk conftest.c  >&5
configure:5524: $? = 0
configure:5552: gcc -o conftest -march=x86-64 -mtune=generic -O2 -pipe -fno-plt -fexceptions         -Wp,-D_FORTIFY_SOURCE=2 -Wformat -Werror=format-security         -fstack-clash-protection -fcf-protection     -fcf-protection=none   -Wl,-O1,--sort-common,--as-needed,-z,relro,-z,now -Wl,-z,ibt,-z,shstk conftest.c  >&5
configure:5552: $? = 0
configure:5552: ./conftest
configure:5552: $? = 0
configure:5599: gcc -o conftest -march=x86-64 -mtune=generic -O2 -pipe -fno-plt -fexceptions         -Wp,-D_FORTIFY_SOURCE=2 -Wformat -Werror=format-security         -fstack-clash-protection -fcf-protection     -fcf-protection=none   -Wl,-O1,--sort-common,--as-needed,-z,relro,-z,now -Wl,-z,ibt,-z,shstk conftest.c  >&5
configure:5599: $? = 0
configure:5599: ./conftest
configure:5599: $? = 0
configure:5620: result: yes
configure:5658: checking for sys/file.h
configure:5658: result: yes
configure:5658: checking for sys/param.h
configure:5658: result: yes
configure:5658: checking for limits.h
configure:5658: result: yes
configure:5658: checking for stdlib.h
configure:5658: result: yes
configure:5658: checking for malloc.h
configure:5658: result: yes
configure:5658: checking for string.h
configure:5658: result: yes
configure:5658: checking for unistd.h
configure:5658: result: yes
configure:5658: checking for strings.h
configure:5658: result: yes
configure:5658: checking for sys/time.h
configure:5658: result: yes
configure:5658: checking for time.h
configure:5658: result: yes
configure:5658: checking for sys/resource.h
configure:5658: result: yes
configure:5658: checking for sys/stat.h
configure:5658: result: yes
configure:5658: checking for sys/mman.h
configure:5658: result: yes
configure:5658: checking for fcntl.h
configure:5658: result: yes
configure:5658: checking for alloca.h
configure:5658: result: yes
configure:5658: checking for sys/pstat.h
configure:5658: result: no
configure:5658: checking for sys/sysmp.h
configure:5658: result: no
configure:5658: checking for sys/sysinfo.h
configure:5658: result: yes
configure:5658: checking for machine/hal_sysinfo.h
configure:5658: result: no
configure:5658: checking for sys/table.h
configure:5658: result: no
configure:5658: checking for sys/sysctl.h
configure:5658: result: no
configure:5658: checking for sys/systemcfg.h
configure:5658: result: no
configure:5658: checking for stdint.h
configure:5658: result: yes
configure:5658: checking for stdio_ext.h
configure:5658: result: yes
configure:5658: checking for process.h
configure:5658: result: no
configure:5658: checking for sys/prctl.h
configure:5658: result: yes
configure:5667: checking for sys/wait.h that is POSIX.1 compatible
configure:5700: result: yes
configure:5708: checking whether time.h and sys/time.h may both be included
configure:5735: result: yes
configure:5744: checking whether errno must be declared
configure:5767: result: no
configure:5781: checking size of int
configure:5800: result: 4
configure:5814: checking size of long
configure:5833: result: 8
configure:5847: checking size of size_t
configure:5866: result: 8
configure:5878: checking for long long
configure:5878: result: yes
configure:5886: checking size of long long
configure:5905: result: 8
configure:5919: checking for a 64-bit type
configure:5987: result: uint64_t
configure:5998: checking for intptr_t
configure:5998: result: yes
configure:6034: checking for uintptr_t
configure:6034: result: yes
configure:6070: checking for ssize_t
configure:6070: result: yes
configure:6089: checking for pid_t
configure:6089: result: yes
configure:6794: checking for library containing strerror
configure:6845: result: none required
configure:6856: checking for asprintf
configure:6856: result: yes
configure:6856: checking for atexit
configure:6856: result: yes
configure:6856: checking for basename
configure:6856: result: yes
configure:6856: checking for bcmp
configure:6856: result: yes
configure:6856: checking for bcopy
configure:6856: result: yes
configure:6856: checking for bsearch
configure:6856: result: yes
configure:6856: checking for bzero
configure:6856: result: yes
configure:6856: checking for calloc
configure:6856: result: yes
configure:6856: checking for clock
configure:6856: result: yes
configure:6856: checking for ffs
configure:6856: result: yes
configure:6856: checking for getcwd
configure:6856: result: yes
configure:6856: checking for getpagesize
configure:6856: result: yes
configure:6856: checking for gettimeofday
configure:6856: result: yes
configure:6856: checking for index
configure:6856: result: yes
configure:6856: checking for insque
configure:6856: result: yes
configure:6856: checking for memchr
configure:6856: result: yes
configure:6856: checking for memcmp
configure:6856: result: yes
configure:6856: checking for memcpy
configure:6856: result: yes
configure:6856: checking for memmem
configure:6856: result: yes
configure:6856: checking for memmove
configure:6856: result: yes
configure:6856: checking for mempcpy
configure:6856: result: yes
configure:6856: checking for memset
configure:6856: result: yes
configure:6856: checking for mkstemps
configure:6856: result: yes
configure:6856: checking for putenv
configure:6856: result: yes
configure:6856: checking for random
configure:6856: result: yes
configure:6856: checking for rename
configure:6856: result: yes
configure:6856: checking for rindex
configure:6856: result: yes
configure:6856: checking for setenv
configure:6856: result: yes
configure:6856: checking for snprintf
configure:6856: result: yes
configure:6856: checking for sigsetmask
configure:6856: result: yes
configure:6856: checking for stpcpy
configure:6856: result: yes
configure:6856: checking for stpncpy
configure:6856: result: yes
configure:6856: checking for strcasecmp
configure:6856: result: yes
configure:6856: checking for strchr
configure:6856: result: yes
configure:6856: checking for strdup
configure:6856: result: yes
configure:6856: checking for strncasecmp
configure:6856: result: yes
configure:6856: checking for strndup
configure:6856: result: yes
configure:6856: checking for strnlen
configure:6856: result: yes
configure:6856: checking for strrchr
configure:6856: result: yes
configure:6856: checking for strstr
configure:6856: result: yes
configure:6856: checking for strtod
configure:6856: result: yes
configure:6856: checking for strtol
configure:6856: result: yes
configure:6856: checking for strtoul
configure:6856: result: yes
configure:6856: checking for strtoll
configure:6856: result: yes
configure:6856: checking for strtoull
configure:6856: result: yes
configure:6856: checking for strverscmp
configure:6856: result: yes
configure:6856: checking for tmpnam
configure:6856: result: yes
configure:6856: checking for vasprintf
configure:6856: result: yes
configure:6856: checking for vfprintf
configure:6856: result: yes
configure:6856: checking for vprintf
configure:6856: result: yes
configure:6856: checking for vsnprintf
configure:6856: result: yes
configure:6856: checking for vsprintf
configure:6856: result: yes
configure:6856: checking for waitpid
configure:6856: result: yes
configure:6856: checking for setproctitle
configure:6856: result: no
configure:6872: checking whether alloca needs Cray hooks
configure:6895: result: no
configure:6912: checking stack direction for C alloca
configure:6949: result: 1
configure:6959: checking for vfork.h
configure:6959: result: no
configure:6971: checking for fork
configure:6971: result: yes
configure:6971: checking for vfork
configure:6971: result: yes
configure:6981: checking for working fork
configure:7013: result: yes
configure:7034: checking for working vfork
configure:7144: result: yes
configure:7198: checking for _doprnt
configure:7198: result: no
configure:7210: checking for sys_errlist
configure:7247: result: no
configure:7210: checking for sys_nerr
configure:7247: result: no
configure:7210: checking for sys_siglist
configure:7247: result: no
configure:7254: checking for external symbol _system_configuration
configure:7267: gcc -c -march=x86-64 -mtune=generic -O2 -pipe -fno-plt -fexceptions         -Wp,-D_FORTIFY_SOURCE=2 -Wformat -Werror=format-security         -fstack-clash-protection -fcf-protection      conftest.c >&5
conftest.c:112:10: fatal error: sys/systemcfg.h: No such file or directory
  112 | #include <sys/systemcfg.h>
      |          ^~~~~~~~~~~~~~~~~
compilation terminated.
configure:7267: $? = 1
configure: failed program was:
| /* confdefs.h */
| #define PACKAGE_NAME ""
| #define PACKAGE_TARNAME ""
| #define PACKAGE_VERSION ""
| #define PACKAGE_STRING ""
| #define PACKAGE_BUGREPORT ""
| #define PACKAGE_URL ""
| #define STDC_HEADERS 1
| #define HAVE_SYS_TYPES_H 1
| #define HAVE_SYS_STAT_H 1
| #define HAVE_STDLIB_H 1
| #define HAVE_STRING_H 1
| #define HAVE_MEMORY_H 1
| #define HAVE_STRINGS_H 1
| #define HAVE_INTTYPES_H 1
| #define HAVE_STDINT_H 1
| #define HAVE_UNISTD_H 1
| #define __EXTENSIONS__ 1
| #define _ALL_SOURCE 1
| #define _GNU_SOURCE 1
| #define _POSIX_PTHREAD_SEMANTICS 1
| #define _TANDEM_SOURCE 1
| #define HAVE_SYS_FILE_H 1
| #define HAVE_SYS_PARAM_H 1
| #define HAVE_LIMITS_H 1
| #define HAVE_STDLIB_H 1
| #define HAVE_MALLOC_H 1
| #define HAVE_STRING_H 1
| #define HAVE_UNISTD_H 1
| #define HAVE_STRINGS_H 1
| #define HAVE_SYS_TIME_H 1
| #define HAVE_TIME_H 1
| #define HAVE_SYS_RESOURCE_H 1
| #define HAVE_SYS_STAT_H 1
| #define HAVE_SYS_MMAN_H 1
| #define HAVE_FCNTL_H 1
| #define HAVE_ALLOCA_H 1
| #define HAVE_SYS_SYSINFO_H 1
| #define HAVE_STDINT_H 1
| #define HAVE_STDIO_EXT_H 1
| #define HAVE_SYS_PRCTL_H 1
| #define HAVE_SYS_WAIT_H 1
| #define TIME_WITH_SYS_TIME 1
| #define SIZEOF_INT 4
| #define SIZEOF_LONG 8
| #define SIZEOF_SIZE_T 8
| #define HAVE_LONG_LONG 1
| #define SIZEOF_LONG_LONG 8
| #define UNSIGNED_64BIT_TYPE uint64_t
| #define HAVE_INTPTR_T 1
| #define HAVE_UINTPTR_T 1
| #define HAVE_UINTPTR_T 1
| #define HAVE_ASPRINTF 1
| #define HAVE_ATEXIT 1
| #define HAVE_BASENAME 1
| #define HAVE_BCMP 1
| #define HAVE_BCOPY 1
| #define HAVE_BSEARCH 1
| #define HAVE_BZERO 1
| #define HAVE_CALLOC 1
| #define HAVE_CLOCK 1
| #define HAVE_FFS 1
| #define HAVE_GETCWD 1
| #define HAVE_GETPAGESIZE 1
| #define HAVE_GETTIMEOFDAY 1
| #define HAVE_INDEX 1
| #define HAVE_INSQUE 1
| #define HAVE_MEMCHR 1
| #define HAVE_MEMCMP 1
| #define HAVE_MEMCPY 1
| #define HAVE_MEMMEM 1
| #define HAVE_MEMMOVE 1
| #define HAVE_MEMPCPY 1
| #define HAVE_MEMSET 1
| #define HAVE_MKSTEMPS 1
| #define HAVE_PUTENV 1
| #define HAVE_RANDOM 1
| #define HAVE_RENAME 1
| #define HAVE_RINDEX 1
| #define HAVE_SETENV 1
| #define HAVE_SNPRINTF 1
| #define HAVE_SIGSETMASK 1
| #define HAVE_STPCPY 1
| #define HAVE_STPNCPY 1
| #define HAVE_STRCASECMP 1
| #define HAVE_STRCHR 1
| #define HAVE_STRDUP 1
| #define HAVE_STRNCASECMP 1
| #define HAVE_STRNDUP 1
| #define HAVE_STRNLEN 1
| #define HAVE_STRRCHR 1
| #define HAVE_STRSTR 1
| #define HAVE_STRTOD 1
| #define HAVE_STRTOL 1
| #define HAVE_STRTOUL 1
| #define HAVE_STRTOLL 1
| #define HAVE_STRTOULL 1
| #define HAVE_STRVERSCMP 1
| #define HAVE_TMPNAM 1
| #define HAVE_VASPRINTF 1
| #define HAVE_VFPRINTF 1
| #define HAVE_VPRINTF 1
| #define HAVE_VSNPRINTF 1
| #define HAVE_VSPRINTF 1
| #define HAVE_WAITPID 1
| #define STACK_DIRECTION 1
| #define HAVE_FORK 1
| #define HAVE_VFORK 1
| #define HAVE_WORKING_VFORK 1
| #define HAVE_WORKING_FORK 1
| /* end confdefs.h.  */
| #include <sys/systemcfg.h>
| int
| main ()
| {
| double x = _system_configuration.physmem;
|   ;
|   return 0;
| }
configure:7274: result: no
configure:7282: checking for __fsetlocking
configure:7282: result: yes
configure:7282: checking for canonicalize_file_name
configure:7282: result: yes
configure:7282: checking for dup3
configure:7282: result: yes
configure:7282: checking for getrlimit
configure:7282: result: yes
configure:7282: checking for getrusage
configure:7282: result: yes
configure:7282: checking for getsysinfo
configure:7282: result: no
configure:7282: checking for gettimeofday
configure:7282: result: yes
configure:7282: checking for on_exit
configure:7282: result: yes
configure:7282: checking for pipe2
configure:7282: result: yes
configure:7282: checking for psignal
configure:7282: result: yes
configure:7282: checking for pstat_getdynamic
configure:7282: result: no
configure:7282: checking for pstat_getstatic
configure:7282: result: no
configure:7282: checking for realpath
configure:7282: result: yes
configure:7282: checking for setrlimit
configure:7282: result: yes
configure:7282: checking for spawnve
configure:7282: result: no
configure:7282: checking for spawnvpe
configure:7282: result: no
configure:7282: checking for strerror
configure:7282: result: yes
configure:7282: checking for strsignal
configure:7282: result: yes
configure:7282: checking for sysconf
configure:7282: result: yes
configure:7282: checking for sysctl
configure:7282: result: no
configure:7282: checking for sysmp
configure:7282: result: no
configure:7282: checking for table
configure:7282: result: no
configure:7282: checking for times
configure:7282: result: yes
configure:7282: checking for wait3
configure:7282: result: yes
configure:7282: checking for wait4
configure:7282: result: yes
configure:7282: checking for sbrk
configure:7282: result: yes
configure:7292: checking whether basename is declared
configure:7292: result: yes
configure:7302: checking whether ffs is declared
configure:7302: result: yes
configure:7312: checking whether asprintf is declared
configure:7312: result: yes
configure:7322: checking whether vasprintf is declared
configure:7322: result: yes
configure:7332: checking whether snprintf is declared
configure:7332: result: yes
configure:7342: checking whether vsnprintf is declared
configure:7342: result: yes
configure:7353: checking whether calloc is declared
configure:7353: result: yes
configure:7363: checking whether getenv is declared
configure:7363: result: yes
configure:7373: checking whether getopt is declared
configure:7373: result: yes
configure:7383: checking whether malloc is declared
configure:7383: result: yes
configure:7393: checking whether realloc is declared
configure:7393: result: yes
configure:7406: checking whether sbrk is declared
configure:7406: result: yes
configure:7418: checking whether strtol is declared
configure:7418: result: yes
configure:7428: checking whether strtoul is declared
configure:7428: result: yes
configure:7438: checking whether strtoll is declared
configure:7438: result: yes
configure:7448: checking whether strtoull is declared
configure:7448: result: yes
configure:7459: checking whether strverscmp is declared
configure:7459: result: yes
configure:7470: checking whether strnlen is declared
configure:7470: result: yes
configure:7481: checking whether canonicalize_file_name must be declared
configure:7520: result: no
configure:7545: checking for stdlib.h
configure:7545: result: yes
configure:7545: checking for unistd.h
configure:7545: result: yes
configure:7545: checking for sys/param.h
configure:7545: result: yes
configure:7569: checking for getpagesize
configure:7569: result: yes
configure:7578: checking for working mmap
configure:7735: result: yes
configure:7746: checking for working strncmp
configure:7829: result: yes
configure:7976: creating ./config.status

## ---------------------- ##
## Running config.status. ##
## ---------------------- ##

This file was extended by config.status, which was
generated by GNU Autoconf 2.69.  Invocation command line was

  CONFIG_FILES    = 
  CONFIG_HEADERS  = 
  CONFIG_LINKS    = 
  CONFIG_COMMANDS = 
  $ ./config.status 

on redshanks

config.status:1013: creating Makefile
config.status:1013: creating testsuite/Makefile
config.status:1013: creating config.h
config.status:1193: config.h is unchanged
config.status:1207: executing default commands

## ---------------- ##
## Cache variables. ##
## ---------------- ##

ac_cv_build=x86_64-pc-linux-gnu
ac_cv_c_bigendian=no
ac_cv_c_compiler_gnu=yes
ac_cv_c_const=yes
ac_cv_c_inline=inline
ac_cv_c_stack_direction=1
ac_cv_env_CC_set=set
ac_cv_env_CC_value=gcc
ac_cv_env_CFLAGS_set=set
ac_cv_env_CFLAGS_value='-march=x86-64 -mtune=generic -O2 -pipe -fno-plt -fexceptions         -Wp,-D_FORTIFY_SOURCE=2 -Wformat -Werror=format-security         -fstack-clash-protection -fcf-protection    '
ac_cv_env_CPPFLAGS_set=
ac_cv_env_CPPFLAGS_value=
ac_cv_env_CPP_set=
ac_cv_env_CPP_value=
ac_cv_env_LDFLAGS_set=set
ac_cv_env_LDFLAGS_value=' -Wl,-O1,--sort-common,--as-needed,-z,relro,-z,now'
ac_cv_env_LIBS_set=
ac_cv_env_LIBS_value=
ac_cv_env_build_alias_set=set
ac_cv_env_build_alias_value=x86_64-pc-linux-gnu
ac_cv_env_host_alias_set=set
ac_cv_env_host_alias_value=x86_64-pc-linux-gnu
ac_cv_env_target_alias_set=set
ac_cv_env_target_alias_value=riscv64-elf
ac_cv_func___fsetlocking=yes
ac_cv_func__doprnt=no
ac_cv_func_asprintf=yes
ac_cv_func_atexit=yes
ac_cv_func_basename=yes
ac_cv_func_bcmp=yes
ac_cv_func_bcopy=yes
ac_cv_func_bsearch=yes
ac_cv_func_bzero=yes
ac_cv_func_calloc=yes
ac_cv_func_canonicalize_file_name=yes
ac_cv_func_clock=yes
ac_cv_func_dup3=yes
ac_cv_func_ffs=yes
ac_cv_func_fork=yes
ac_cv_func_fork_works=yes
ac_cv_func_getcwd=yes
ac_cv_func_getpagesize=yes
ac_cv_func_getrlimit=yes
ac_cv_func_getrusage=yes
ac_cv_func_getsysinfo=no
ac_cv_func_gettimeofday=yes
ac_cv_func_index=yes
ac_cv_func_insque=yes
ac_cv_func_memchr=yes
ac_cv_func_memcmp=yes
ac_cv_func_memcpy=yes
ac_cv_func_memmem=yes
ac_cv_func_memmove=yes
ac_cv_func_mempcpy=yes
ac_cv_func_memset=yes
ac_cv_func_mkstemps=yes
ac_cv_func_mmap_fixed_mapped=yes
ac_cv_func_on_exit=yes
ac_cv_func_pipe2=yes
ac_cv_func_psignal=yes
ac_cv_func_pstat_getdynamic=no
ac_cv_func_pstat_getstatic=no
ac_cv_func_putenv=yes
ac_cv_func_random=yes
ac_cv_func_realpath=yes
ac_cv_func_rename=yes
ac_cv_func_rindex=yes
ac_cv_func_sbrk=yes
ac_cv_func_setenv=yes
ac_cv_func_setproctitle=no
ac_cv_func_setrlimit=yes
ac_cv_func_sigsetmask=yes
ac_cv_func_snprintf=yes
ac_cv_func_spawnve=no
ac_cv_func_spawnvpe=no
ac_cv_func_stpcpy=yes
ac_cv_func_stpncpy=yes
ac_cv_func_strcasecmp=yes
ac_cv_func_strchr=yes
ac_cv_func_strdup=yes
ac_cv_func_strerror=yes
ac_cv_func_strncasecmp=yes
ac_cv_func_strncmp_works=yes
ac_cv_func_strndup=yes
ac_cv_func_strnlen=yes
ac_cv_func_strrchr=yes
ac_cv_func_strsignal=yes
ac_cv_func_strstr=yes
ac_cv_func_strtod=yes
ac_cv_func_strtol=yes
ac_cv_func_strtoll=yes
ac_cv_func_strtoul=yes
ac_cv_func_strtoull=yes
ac_cv_func_strverscmp=yes
ac_cv_func_sysconf=yes
ac_cv_func_sysctl=no
ac_cv_func_sysmp=no
ac_cv_func_table=no
ac_cv_func_times=yes
ac_cv_func_tmpnam=yes
ac_cv_func_vasprintf=yes
ac_cv_func_vfork=yes
ac_cv_func_vfork_works=yes
ac_cv_func_vfprintf=yes
ac_cv_func_vprintf=yes
ac_cv_func_vsnprintf=yes
ac_cv_func_vsprintf=yes
ac_cv_func_wait3=yes
ac_cv_func_wait4=yes
ac_cv_func_waitpid=yes
ac_cv_have_decl_asprintf=yes
ac_cv_have_decl_basename_char_p_=yes
ac_cv_have_decl_calloc=yes
ac_cv_have_decl_ffs=yes
ac_cv_have_decl_getenv=yes
ac_cv_have_decl_getopt=yes
ac_cv_have_decl_malloc=yes
ac_cv_have_decl_realloc=yes
ac_cv_have_decl_sbrk=yes
ac_cv_have_decl_snprintf=yes
ac_cv_have_decl_strnlen=yes
ac_cv_have_decl_strtol=yes
ac_cv_have_decl_strtoll=yes
ac_cv_have_decl_strtoul=yes
ac_cv_have_decl_strtoull=yes
ac_cv_have_decl_strverscmp=yes
ac_cv_have_decl_vasprintf=yes
ac_cv_have_decl_vsnprintf=yes
ac_cv_header_alloca_h=yes
ac_cv_header_fcntl_h=yes
ac_cv_header_inttypes_h=yes
ac_cv_header_limits_h=yes
ac_cv_header_machine_hal_sysinfo_h=no
ac_cv_header_malloc_h=yes
ac_cv_header_memory_h=yes
ac_cv_header_minix_config_h=no
ac_cv_header_process_h=no
ac_cv_header_stdc=yes
ac_cv_header_stdint_h=yes
ac_cv_header_stdio_ext_h=yes
ac_cv_header_stdlib_h=yes
ac_cv_header_string_h=yes
ac_cv_header_strings_h=yes
ac_cv_header_sys_file_h=yes
ac_cv_header_sys_mman_h=yes
ac_cv_header_sys_param_h=yes
ac_cv_header_sys_prctl_h=yes
ac_cv_header_sys_pstat_h=no
ac_cv_header_sys_resource_h=yes
ac_cv_header_sys_stat_h=yes
ac_cv_header_sys_sysctl_h=no
ac_cv_header_sys_sysinfo_h=yes
ac_cv_header_sys_sysmp_h=no
ac_cv_header_sys_systemcfg_h=no
ac_cv_header_sys_table_h=no
ac_cv_header_sys_time_h=yes
ac_cv_header_sys_types_h=yes
ac_cv_header_sys_wait_h=yes
ac_cv_header_time=yes
ac_cv_header_time_h=yes
ac_cv_header_unistd_h=yes
ac_cv_header_vfork_h=no
ac_cv_host=x86_64-pc-linux-gnu
ac_cv_objext=o
ac_cv_os_cray=no
ac_cv_path_EGREP='/usr/bin/grep -E'
ac_cv_path_GREP=/usr/bin/grep
ac_cv_prog_AR='ar --plugin /usr/lib/gcc/x86_64-pc-linux-gnu/12.2.0/liblto_plugin.so'
ac_cv_prog_CC=gcc
ac_cv_prog_CPP='gcc -E'
ac_cv_prog_MAKEINFO='makeinfo --split-size=5000000'
ac_cv_prog_PERL=perl
ac_cv_prog_RANLIB='ranlib --plugin /usr/lib/gcc/x86_64-pc-linux-gnu/12.2.0/liblto_plugin.so'
ac_cv_prog_cc_c89=
ac_cv_prog_cc_g=yes
ac_cv_prog_cc_gcc_c_o=yes
ac_cv_safe_to_define___extensions__=yes
ac_cv_search_strerror='none required'
ac_cv_sizeof_int=4
ac_cv_sizeof_long=8
ac_cv_sizeof_long_long=8
ac_cv_sizeof_size_t=8
ac_cv_sys_file_offset_bits=no
ac_cv_sys_largefile_CC=no
ac_cv_type_intptr_t=yes
ac_cv_type_long_long=yes
ac_cv_type_pid_t=yes
ac_cv_type_ssize_t=yes
ac_cv_type_uintptr_t=yes
acx_cv_prog_cc_pedantic_=yes
acx_cv_prog_cc_warning__W=yes
acx_cv_prog_cc_warning__Wall=yes
acx_cv_prog_cc_warning__Wcpp_compat=yes
acx_cv_prog_cc_warning__Wshadow_local=yes
acx_cv_prog_cc_warning__Wstrict_prototypes=yes
acx_cv_prog_cc_warning__Wwrite_strings=yes
liberty_cv_uint64=uint64_t
libiberty_cv_decl_needed_canonicalize_file_name=no
libiberty_cv_declare_errno=no
libiberty_cv_var_sys_errlist=no
libiberty_cv_var_sys_nerr=no
libiberty_cv_var_sys_siglist=no

## ----------------- ##
## Output variables. ##
## ----------------- ##

AR='ar --plugin /usr/lib/gcc/x86_64-pc-linux-gnu/12.2.0/liblto_plugin.so'
AR_PLUGIN_OPTION='--plugin /usr/lib/gcc/x86_64-pc-linux-gnu/12.2.1/liblto_plugin.so'
BUILD_INFO='info'
CC='gcc'
CET_HOST_FLAGS='-fcf-protection'
CFLAGS='-march=x86-64 -mtune=generic -O2 -pipe -fno-plt -fexceptions         -Wp,-D_FORTIFY_SOURCE=2 -Wformat -Werror=format-security         -fstack-clash-protection -fcf-protection    '
CHECK='really-check'
CPP='gcc -E'
CPPFLAGS=''
DEFS='-DHAVE_CONFIG_H'
ECHO_C=''
ECHO_N='-n'
ECHO_T=''
EGREP='/usr/bin/grep -E'
ETAGS='etags'
EXEEXT=''
GREP='/usr/bin/grep'
HAVE_PERL=''
INSTALL_DATA='/usr/bin/install -c -m 644'
INSTALL_DEST='libdir'
INSTALL_PROGRAM='/usr/bin/install -c'
INSTALL_SCRIPT='/usr/bin/install -c'
LDFLAGS=' -Wl,-O1,--sort-common,--as-needed,-z,relro,-z,now'
LIBOBJS=' ${LIBOBJDIR}./setproctitle$U.o'
LIBS=''
LTLIBOBJS=' ${LIBOBJDIR}./setproctitle$U.lo'
MAINT='#'
MAKEINFO='makeinfo --split-size=5000000'
NOASANFLAG=''
NOTMAINT=''
NO_MINUS_C_MINUS_O=''
OBJEXT='o'
OUTPUT_OPTION='-o $@'
PACKAGE_BUGREPORT=''
PACKAGE_NAME=''
PACKAGE_STRING=''
PACKAGE_TARNAME=''
PACKAGE_URL=''
PACKAGE_VERSION=''
PATH_SEPARATOR=':'
PERL='perl'
PICFLAG=''
RANLIB='ranlib --plugin /usr/lib/gcc/x86_64-pc-linux-gnu/12.2.0/liblto_plugin.so'
RANLIB_PLUGIN_OPTION='--plugin /usr/lib/gcc/x86_64-pc-linux-gnu/12.2.1/liblto_plugin.so'
SHELL='/bin/sh'
ac_ct_CC=''
ac_libiberty_warn_cflags='-W -Wall -Wwrite-strings -Wc++-compat -Wstrict-prototypes -Wshadow=local -pedantic '
bindir='${exec_prefix}/bin'
build='x86_64-pc-linux-gnu'
build_alias='x86_64-pc-linux-gnu'
build_cpu='x86_64'
build_os='linux-gnu'
build_vendor='pc'
datadir='${datarootdir}'
datarootdir='${prefix}/share'
docdir='${datarootdir}/doc/${PACKAGE}'
dvidir='${docdir}'
exec_prefix='${prefix}'
host='x86_64-pc-linux-gnu'
host_alias='x86_64-pc-linux-gnu'
host_cpu='x86_64'
host_os='linux-gnu'
host_vendor='pc'
htmldir='${docdir}'
includedir='${prefix}/include'
infodir='${datarootdir}/info'
libdir='${exec_prefix}/lib'
libexecdir='${exec_prefix}/libexec'
libiberty_topdir='./..'
localedir='${datarootdir}/locale'
localstatedir='${prefix}/var'
mandir='${datarootdir}/man'
oldincludedir='/usr/include'
pdfdir='${docdir}'
pexecute='pex-unix'
prefix='/usr'
program_transform_name='s&^&riscv64-elf-&'
psdir='${docdir}'
sbindir='${exec_prefix}/sbin'
sharedstatedir='${prefix}/com'
sysconfdir='${prefix}/etc'
target_alias='riscv64-elf'
target_header_dir=''

## ------------------- ##
## File substitutions. ##
## ------------------- ##

host_makefile_frag='xhost-mkfrag'

## ----------- ##
## confdefs.h. ##
## ----------- ##

/* confdefs.h */
#define PACKAGE_NAME ""
#define PACKAGE_TARNAME ""
#define PACKAGE_VERSION ""
#define PACKAGE_STRING ""
#define PACKAGE_BUGREPORT ""
#define PACKAGE_URL ""
#define STDC_HEADERS 1
#define HAVE_SYS_TYPES_H 1
#define HAVE_SYS_STAT_H 1
#define HAVE_STDLIB_H 1
#define HAVE_STRING_H 1
#define HAVE_MEMORY_H 1
#define HAVE_STRINGS_H 1
#define HAVE_INTTYPES_H 1
#define HAVE_STDINT_H 1
#define HAVE_UNISTD_H 1
#define __EXTENSIONS__ 1
#define _ALL_SOURCE 1
#define _GNU_SOURCE 1
#define _POSIX_PTHREAD_SEMANTICS 1
#define _TANDEM_SOURCE 1
#define HAVE_SYS_FILE_H 1
#define HAVE_SYS_PARAM_H 1
#define HAVE_LIMITS_H 1
#define HAVE_STDLIB_H 1
#define HAVE_MALLOC_H 1
#define HAVE_STRING_H 1
#define HAVE_UNISTD_H 1
#define HAVE_STRINGS_H 1
#define HAVE_SYS_TIME_H 1
#define HAVE_TIME_H 1
#define HAVE_SYS_RESOURCE_H 1
#define HAVE_SYS_STAT_H 1
#define HAVE_SYS_MMAN_H 1
#define HAVE_FCNTL_H 1
#define HAVE_ALLOCA_H 1
#define HAVE_SYS_SYSINFO_H 1
#define HAVE_STDINT_H 1
#define HAVE_STDIO_EXT_H 1
#define HAVE_SYS_PRCTL_H 1
#define HAVE_SYS_WAIT_H 1
#define TIME_WITH_SYS_TIME 1
#define SIZEOF_INT 4
#define SIZEOF_LONG 8
#define SIZEOF_SIZE_T 8
#define HAVE_LONG_LONG 1
#define SIZEOF_LONG_LONG 8
#define UNSIGNED_64BIT_TYPE uint64_t
#define HAVE_INTPTR_T 1
#define HAVE_UINTPTR_T 1
#define HAVE_UINTPTR_T 1
#define HAVE_ASPRINTF 1
#define HAVE_ATEXIT 1
#define HAVE_BASENAME 1
#define HAVE_BCMP 1
#define HAVE_BCOPY 1
#define HAVE_BSEARCH 1
#define HAVE_BZERO 1
#define HAVE_CALLOC 1
#define HAVE_CLOCK 1
#define HAVE_FFS 1
#define HAVE_GETCWD 1
#define HAVE_GETPAGESIZE 1
#define HAVE_GETTIMEOFDAY 1
#define HAVE_INDEX 1
#define HAVE_INSQUE 1
#define HAVE_MEMCHR 1
#define HAVE_MEMCMP 1
#define HAVE_MEMCPY 1
#define HAVE_MEMMEM 1
#define HAVE_MEMMOVE 1
#define HAVE_MEMPCPY 1
#define HAVE_MEMSET 1
#define HAVE_MKSTEMPS 1
#define HAVE_PUTENV 1
#define HAVE_RANDOM 1
#define HAVE_RENAME 1
#define HAVE_RINDEX 1
#define HAVE_SETENV 1
#define HAVE_SNPRINTF 1
#define HAVE_SIGSETMASK 1
#define HAVE_STPCPY 1
#define HAVE_STPNCPY 1
#define HAVE_STRCASECMP 1
#define HAVE_STRCHR 1
#define HAVE_STRDUP 1
#define HAVE_STRNCASECMP 1
#define HAVE_STRNDUP 1
#define HAVE_STRNLEN 1
#define HAVE_STRRCHR 1
#define HAVE_STRSTR 1
#define HAVE_STRTOD 1
#define HAVE_STRTOL 1
#define HAVE_STRTOUL 1
#define HAVE_STRTOLL 1
#define HAVE_STRTOULL 1
#define HAVE_STRVERSCMP 1
#define HAVE_TMPNAM 1
#define HAVE_VASPRINTF 1
#define HAVE_VFPRINTF 1
#define HAVE_VPRINTF 1
#define HAVE_VSNPRINTF 1
#define HAVE_VSPRINTF 1
#define HAVE_WAITPID 1
#define STACK_DIRECTION 1
#define HAVE_FORK 1
#define HAVE_VFORK 1
#define HAVE_WORKING_VFORK 1
#define HAVE_WORKING_FORK 1
#define HAVE___FSETLOCKING 1
#define HAVE_CANONICALIZE_FILE_NAME 1
#define HAVE_DUP3 1
#define HAVE_GETRLIMIT 1
#define HAVE_GETRUSAGE 1
#define HAVE_GETTIMEOFDAY 1
#define HAVE_ON_EXIT 1
#define HAVE_PIPE2 1
#define HAVE_PSIGNAL 1
#define HAVE_REALPATH 1
#define HAVE_SETRLIMIT 1
#define HAVE_STRERROR 1
#define HAVE_STRSIGNAL 1
#define HAVE_SYSCONF 1
#define HAVE_TIMES 1
#define HAVE_WAIT3 1
#define HAVE_WAIT4 1
#define HAVE_SBRK 1
#define HAVE_DECL_BASENAME 1
#define HAVE_DECL_FFS 1
#define HAVE_DECL_ASPRINTF 1
#define HAVE_DECL_VASPRINTF 1
#define HAVE_DECL_SNPRINTF 1
#define HAVE_DECL_VSNPRINTF 1
#define HAVE_DECL_CALLOC 1
#define HAVE_DECL_GETENV 1
#define HAVE_DECL_GETOPT 1
#define HAVE_DECL_MALLOC 1
#define HAVE_DECL_REALLOC 1
#define HAVE_DECL_SBRK 1
#define HAVE_DECL_STRTOL 1
#define HAVE_DECL_STRTOUL 1
#define HAVE_DECL_STRTOLL 1
#define HAVE_DECL_STRTOULL 1
#define HAVE_DECL_STRVERSCMP 1
#define HAVE_DECL_STRNLEN 1
#define HAVE_STDLIB_H 1
#define HAVE_UNISTD_H 1
#define HAVE_SYS_PARAM_H 1
#define HAVE_GETPAGESIZE 1
#define HAVE_MMAP 1

configure: exit 0
