This file contains any messages produced by compilers while
running configure, to aid debugging if configure makes a mistake.

It was created by bfd configure 2.39, which was
generated by GNU Autoconf 2.69.  Invocation command line was

  $ /home/cvonelm/masterarbeit/software/binutils-softmode/src/binutils-2.39/bfd/configure --srcdir=.././bfd --cache-file=./config.cache --with-gnu-as --with-gnu-ld --with-sysroot=/usr/riscv64-elf --prefix=/usr --enable-multilib --enable-interwork --with-gnu-as --with-gnu-ld --disable-nls --enable-ld=default --enable-gold --enable-plugins --enable-deterministic-archives --program-transform-name=s&^&riscv64-elf-& --disable-option-checking --build=x86_64-pc-linux-gnu --host=x86_64-pc-linux-gnu --target=riscv64-elf

## --------- ##
## Platform. ##
## --------- ##

hostname = redshanks
uname -m = x86_64
uname -r = 6.1.7-arch1-1
uname -s = Linux
uname -v = #1 SMP PREEMPT_DYNAMIC Wed, 18 Jan 2023 19:54:38 +0000

/usr/bin/uname -p = unknown
/bin/uname -X     = unknown

/bin/arch              = unknown
/usr/bin/arch -k       = unknown
/usr/convex/getsysinfo = unknown
/usr/bin/hostinfo      = unknown
/bin/machine           = unknown
/usr/bin/oslevel       = unknown
/bin/universe          = unknown

PATH: /usr/local/sbin
PATH: /usr/local/bin
PATH: /usr/bin
PATH: /usr/lib/jvm/default/bin
PATH: /usr/bin/site_perl
PATH: /usr/bin/vendor_perl
PATH: /usr/bin/core_perl


## ----------- ##
## Core tests. ##
## ----------- ##

configure:2453: loading cache ./config.cache
configure:2575: checking build system type
configure:2589: result: x86_64-pc-linux-gnu
configure:2609: checking host system type
configure:2622: result: x86_64-pc-linux-gnu
configure:2642: checking target system type
configure:2655: result: riscv64-unknown-elf
configure:2698: checking for a BSD-compatible install
configure:2766: result: /usr/bin/install -c
configure:2777: checking whether build environment is sane
configure:2832: result: yes
configure:2983: checking for a thread-safe mkdir -p
configure:3022: result: /usr/bin/mkdir -p
configure:3029: checking for gawk
configure:3056: result: gawk
configure:3067: checking whether make sets $(MAKE)
configure:3089: result: yes
configure:3118: checking whether make supports nested variables
configure:3135: result: yes
configure:3272: checking whether make supports nested variables
configure:3289: result: yes
configure:3304: checking for x86_64-pc-linux-gnu-ar
configure:3331: result: ar --plugin /usr/lib/gcc/x86_64-pc-linux-gnu/12.2.0/liblto_plugin.so
configure:3396: checking for x86_64-pc-linux-gnu-ranlib
configure:3423: result: ranlib --plugin /usr/lib/gcc/x86_64-pc-linux-gnu/12.2.0/liblto_plugin.so
configure:3526: checking for x86_64-pc-linux-gnu-gcc
configure:3553: result: gcc
configure:3822: checking for C compiler version
configure:3831: gcc --version >&5
gcc (GCC) 12.2.1 20230111
Copyright (C) 2022 Free Software Foundation, Inc.
This is free software; see the source for copying conditions.  There is NO
warranty; not even for MERCHANTABILITY or FITNESS FOR A PARTICULAR PURPOSE.

configure:3842: $? = 0
configure:3831: gcc -v >&5
Using built-in specs.
COLLECT_GCC=gcc
COLLECT_LTO_WRAPPER=/usr/lib/gcc/x86_64-pc-linux-gnu/12.2.1/lto-wrapper
Target: x86_64-pc-linux-gnu
Configured with: /build/gcc/src/gcc/configure --enable-languages=c,c++,ada,fortran,go,lto,objc,obj-c++,d --enable-bootstrap --prefix=/usr --libdir=/usr/lib --libexecdir=/usr/lib --mandir=/usr/share/man --infodir=/usr/share/info --with-bugurl=https://bugs.archlinux.org/ --with-build-config=bootstrap-lto --with-linker-hash-style=gnu --with-system-zlib --enable-__cxa_atexit --enable-cet=auto --enable-checking=release --enable-clocale=gnu --enable-default-pie --enable-default-ssp --enable-gnu-indirect-function --enable-gnu-unique-object --enable-libstdcxx-backtrace --enable-link-serialization=1 --enable-linker-build-id --enable-lto --enable-multilib --enable-plugin --enable-shared --enable-threads=posix --disable-libssp --disable-libstdcxx-pch --disable-werror
Thread model: posix
Supported LTO compression algorithms: zlib zstd
gcc version 12.2.1 20230111 (GCC) 
configure:3842: $? = 0
configure:3831: gcc -V >&5
gcc: error: unrecognized command-line option '-V'
gcc: fatal error: no input files
compilation terminated.
configure:3842: $? = 1
configure:3831: gcc -qversion >&5
gcc: error: unrecognized command-line option '-qversion'; did you mean '--version'?
gcc: fatal error: no input files
compilation terminated.
configure:3842: $? = 1
configure:3862: checking whether the C compiler works
configure:3884: gcc -march=x86-64 -mtune=generic -O2 -pipe -fno-plt -fexceptions         -Wp,-D_FORTIFY_SOURCE=2 -Wformat -Werror=format-security         -fstack-clash-protection -fcf-protection       -Wl,-O1,--sort-common,--as-needed,-z,relro,-z,now conftest.c  >&5
configure:3888: $? = 0
configure:3936: result: yes
configure:3939: checking for C compiler default output file name
configure:3941: result: a.out
configure:3947: checking for suffix of executables
configure:3954: gcc -o conftest -march=x86-64 -mtune=generic -O2 -pipe -fno-plt -fexceptions         -Wp,-D_FORTIFY_SOURCE=2 -Wformat -Werror=format-security         -fstack-clash-protection -fcf-protection       -Wl,-O1,--sort-common,--as-needed,-z,relro,-z,now conftest.c  >&5
configure:3958: $? = 0
configure:3980: result: 
configure:4002: checking whether we are cross compiling
configure:4010: gcc -o conftest -march=x86-64 -mtune=generic -O2 -pipe -fno-plt -fexceptions         -Wp,-D_FORTIFY_SOURCE=2 -Wformat -Werror=format-security         -fstack-clash-protection -fcf-protection       -Wl,-O1,--sort-common,--as-needed,-z,relro,-z,now conftest.c  >&5
configure:4014: $? = 0
configure:4021: ./conftest
configure:4025: $? = 0
configure:4040: result: no
configure:4045: checking for suffix of object files
configure:4092: result: o
configure:4096: checking whether we are using the GNU C compiler
configure:4124: result: yes
configure:4133: checking whether gcc accepts -g
configure:4194: result: yes
configure:4211: checking for gcc option to accept ISO C89
configure:4287: result: none needed
configure:4312: checking whether gcc understands -c and -o together
configure:4349: result: yes
configure:4377: checking for style of include used by make
configure:4405: result: GNU
configure:4431: checking dependency style of gcc
configure:4542: result: gcc3
configure:4563: checking how to run the C preprocessor
configure:4633: result: gcc -E
configure:4653: gcc -E  conftest.c
configure:4653: $? = 0
configure:4667: gcc -E  conftest.c
conftest.c:11:10: fatal error: ac_nonexistent.h: No such file or directory
   11 | #include <ac_nonexistent.h>
      |          ^~~~~~~~~~~~~~~~~~
compilation terminated.
configure:4667: $? = 1
configure: failed program was:
| /* confdefs.h */
| #define PACKAGE_NAME "bfd"
| #define PACKAGE_TARNAME "bfd"
| #define PACKAGE_VERSION "2.39"
| #define PACKAGE_STRING "bfd 2.39"
| #define PACKAGE_BUGREPORT ""
| #define PACKAGE_URL ""
| #define PACKAGE "bfd"
| #define VERSION "2.39"
| /* end confdefs.h.  */
| #include <ac_nonexistent.h>
configure:4696: checking for grep that handles long lines and -e
configure:4754: result: /usr/bin/grep
configure:4759: checking for egrep
configure:4821: result: /usr/bin/grep -E
configure:4826: checking for ANSI C header files
configure:4930: result: yes
configure:4943: checking for sys/types.h
configure:4943: result: yes
configure:4943: checking for sys/stat.h
configure:4943: result: yes
configure:4943: checking for stdlib.h
configure:4943: result: yes
configure:4943: checking for string.h
configure:4943: result: yes
configure:4943: checking for memory.h
configure:4943: result: yes
configure:4943: checking for strings.h
configure:4943: result: yes
configure:4943: checking for inttypes.h
configure:4943: result: yes
configure:4943: checking for stdint.h
configure:4943: result: yes
configure:4943: checking for unistd.h
configure:4943: result: yes
configure:4956: checking for minix/config.h
configure:4956: result: no
configure:4977: checking whether it is safe to define __EXTENSIONS__
configure:5002: result: yes
configure:5065: checking how to print strings
configure:5092: result: printf
configure:5113: checking for a sed that does not truncate output
configure:5177: result: /usr/bin/sed
configure:5195: checking for fgrep
configure:5257: result: /usr/bin/grep -F
configure:5292: checking for ld used by gcc
configure:5359: result: ld
configure:5366: checking if the linker (ld) is GNU ld
configure:5381: result: yes
configure:5393: checking for BSD- or MS-compatible name lister (nm)
configure:5449: result: /usr/bin/nm -B
configure:5579: checking the name lister (/usr/bin/nm -B) interface
configure:5599: result: BSD nm
configure:5602: checking whether ln -s works
configure:5606: result: yes
configure:5614: checking the maximum length of command line arguments
configure:5739: result: 1572864
configure:5756: checking whether the shell understands some XSI constructs
configure:5766: result: yes
configure:5770: checking whether the shell understands "+="
configure:5776: result: yes
configure:5811: checking for ld option to reload object files
configure:5818: result: -r
configure:5847: checking for x86_64-pc-linux-gnu-objdump
configure:5874: result: objdump
configure:5946: checking how to recognize dependent libraries
configure:6147: result: pass_all
configure:6180: checking for x86_64-pc-linux-gnu-ar
configure:6207: result: ar --plugin /usr/lib/gcc/x86_64-pc-linux-gnu/12.2.0/liblto_plugin.so
configure:6298: checking for x86_64-pc-linux-gnu-strip
configure:6328: result: no
configure:6338: checking for strip
configure:6365: result: strip
configure:6397: checking for x86_64-pc-linux-gnu-ranlib
configure:6424: result: ranlib --plugin /usr/lib/gcc/x86_64-pc-linux-gnu/12.2.0/liblto_plugin.so
configure:6571: checking command to parse /usr/bin/nm -B output from gcc object
configure:6794: result: ok
configure:6889: gcc -c -march=x86-64 -mtune=generic -O2 -pipe -fno-plt -fexceptions         -Wp,-D_FORTIFY_SOURCE=2 -Wformat -Werror=format-security         -fstack-clash-protection -fcf-protection      conftest.c >&5
configure:6892: $? = 0
configure:7642: checking for dlfcn.h
configure:7642: result: yes
configure:7798: checking for objdir
configure:7813: result: .libs
configure:8084: checking if gcc supports -fno-rtti -fno-exceptions
configure:8119: result: no
configure:8139: checking for gcc option to produce PIC
configure:8425: result: -fPIC -DPIC
configure:8437: checking if gcc PIC flag -fPIC -DPIC works
configure:8472: result: yes
configure:8496: checking if gcc static flag -static works
configure:8524: result: yes
configure:8539: checking if gcc supports -c -o file.o
configure:8586: result: yes
configure:8594: checking if gcc supports -c -o file.o
configure:8641: result: yes
configure:8674: checking whether the gcc linker (ld -m elf_x86_64) supports shared libraries
configure:9745: result: yes
configure:9990: checking dynamic linker characteristics
configure:10653: result: GNU/Linux ld.so
configure:10760: checking how to hardcode library paths into programs
configure:10785: result: immediate
configure:10879: checking for shl_load
configure:10879: result: no
configure:10883: checking for shl_load in -ldld
configure:10917: result: no
configure:10922: checking for dlopen
configure:10922: result: yes
configure:11079: checking whether a program can dlopen itself
configure:11180: result: yes
configure:11185: checking whether a statically linked program can dlopen itself
configure:11286: result: no
configure:11325: checking whether stripping libraries is possible
configure:11330: result: yes
configure:11365: checking if libtool supports shared libraries
configure:11367: result: yes
configure:11370: checking whether to build shared libraries
configure:11391: result: no
configure:11394: checking whether to build static libraries
configure:11398: result: yes
configure:11448: checking for dlfcn.h
configure:11448: result: yes
configure:11461: checking for windows.h
configure:11461: result: no
configure:11488: checking for library containing dlsym
configure:11536: result: none required
configure:11608: checking for special C compiler options needed for large files
configure:11653: result: no
configure:11659: checking for _FILE_OFFSET_BITS value needed for large files
configure:11716: result: no
configure:11871: checking size of void *
configure:11890: result: 8
gcc: warning: @CPPFLAGS_FOR_BUILD@: linker input file unused because linking not done
gcc: error: @CPPFLAGS_FOR_BUILD@: linker input file not found: No such file or directory
gcc: warning: @CPPFLAGS_FOR_BUILD@: linker input file unused because linking not done
gcc: error: @CPPFLAGS_FOR_BUILD@: linker input file not found: No such file or directory
configure:12227: checking whether to enable maintainer-specific portions of Makefiles
configure:12236: result: no
configure:12272: checking whether to install libbfd
configure:12285: result: no
configure:12335: checking whether NLS is requested
configure:12338: result: no
configure:12406: checking whether NLS is requested
configure:12415: result: no
configure:12453: checking for msgfmt
configure:12484: result: /usr/bin/msgfmt
configure:12493: checking for gmsgfmt
configure:12524: result: /usr/bin/msgfmt
configure:12564: checking for xgettext
configure:12595: result: /usr/bin/xgettext
configure:12635: checking for msgmerge
configure:12665: result: /usr/bin/msgmerge
configure:12711: checking size of long long
configure:12730: result: 8
configure:12744: checking size of void *
configure:12763: result: 8
configure:12777: checking size of long
configure:12796: result: 8
configure:12810: checking size of int
configure:12829: result: 4
configure:12886: checking for fcntl.h
configure:12886: result: yes
configure:12886: checking for sys/file.h
configure:12886: result: yes
configure:12886: checking for sys/resource.h
configure:12886: result: yes
configure:12886: checking for sys/stat.h
configure:12886: result: yes
configure:12886: checking for sys/types.h
configure:12886: result: yes
configure:12886: checking for unistd.h
configure:12886: result: yes
configure:12901: checking for fcntl
configure:12901: result: yes
configure:12901: checking for fdopen
configure:12901: result: yes
configure:12901: checking for fileno
configure:12901: result: yes
configure:12901: checking for fls
configure:12901: result: no
configure:12901: checking for getgid
configure:12901: result: yes
configure:12901: checking for getpagesize
configure:12901: result: yes
configure:12901: checking for getrlimit
configure:12901: result: yes
configure:12901: checking for getuid
configure:12901: result: yes
configure:12901: checking for sysconf
configure:12901: result: yes
configure:12911: checking whether basename is declared
configure:12911: result: yes
configure:12921: checking whether ffs is declared
configure:12921: result: yes
configure:12931: checking whether stpcpy is declared
configure:12931: result: yes
configure:12941: checking whether asprintf is declared
configure:12941: result: yes
configure:12951: checking whether vasprintf is declared
configure:12951: result: yes
configure:12961: checking whether strnlen is declared
configure:12961: result: yes
configure:13003: checking compiler support for hidden visibility
configure:13028: result: yes
configure:13037: checking printf int64_t format
configure:13065: result: l
configure:13071: checking linker --as-needed support
configure:13082: result: yes
configure:13173: checking for cos in -lm
configure:13207: result: yes
configure:13709: checking for gcc version with buggy 64-bit support
configure:13722: result: no
configure:14760: checking for ftello
configure:14760: result: yes
configure:14760: checking for ftello64
configure:14760: result: yes
configure:14760: checking for fseeko
configure:14760: result: yes
configure:14760: checking for fseeko64
configure:14760: result: yes
configure:14760: checking for fopen64
configure:14760: result: yes
configure:14769: checking whether ftello is declared
configure:14769: result: yes
configure:14779: checking whether ftello64 is declared
configure:14779: result: yes
configure:14789: checking whether fseeko is declared
configure:14789: result: yes
configure:14799: checking whether fseeko64 is declared
configure:14799: result: yes
configure:14809: checking whether fopen64 is declared
configure:14809: result: yes
configure:14825: checking size of off_t
configure:14844: result: 8
configure:14855: checking file_ptr type
configure:14864: result: int64_t
configure:14875: checking for stdlib.h
configure:14875: result: yes
configure:14875: checking for unistd.h
configure:14875: result: yes
configure:14875: checking for sys/param.h
configure:14875: result: yes
configure:14895: checking for getpagesize
configure:14895: result: yes
configure:14904: checking for working mmap
configure:15061: result: yes
configure:15073: checking for madvise
configure:15073: result: yes
configure:15073: checking for mprotect
configure:15073: result: yes
configure:15200: checking that generated files are newer than configure
configure:15206: result: done
configure:15249: creating ./config.status

## ---------------------- ##
## Running config.status. ##
## ---------------------- ##

This file was extended by bfd config.status 2.39, which was
generated by GNU Autoconf 2.69.  Invocation command line was

  CONFIG_FILES    = 
  CONFIG_HEADERS  = 
  CONFIG_LINKS    = 
  CONFIG_COMMANDS = 
  $ ./config.status 

on redshanks

config.status:1202: creating Makefile
config.status:1202: creating bfd-in3.h
config.status:1202: creating po/Makefile.in
config.status:1202: creating config.h
config.status:1383: config.h is unchanged
config.status:1431: executing depfiles commands
config.status:1431: executing libtool commands
config.status:1431: executing default-1 commands
config.status:1431: executing default commands

## ---------------- ##
## Cache variables. ##
## ---------------- ##

ac_cv_build=x86_64-pc-linux-gnu
ac_cv_c_compiler_gnu=yes
ac_cv_env_CC_set=set
ac_cv_env_CC_value=gcc
ac_cv_env_CFLAGS_set=set
ac_cv_env_CFLAGS_value='-march=x86-64 -mtune=generic -O2 -pipe -fno-plt -fexceptions         -Wp,-D_FORTIFY_SOURCE=2 -Wformat -Werror=format-security         -fstack-clash-protection -fcf-protection    '
ac_cv_env_CPPFLAGS_set=
ac_cv_env_CPPFLAGS_value=
ac_cv_env_CPP_set=
ac_cv_env_CPP_value=
ac_cv_env_LDFLAGS_set=set
ac_cv_env_LDFLAGS_value=' -Wl,-O1,--sort-common,--as-needed,-z,relro,-z,now'
ac_cv_env_LIBS_set=
ac_cv_env_LIBS_value=
ac_cv_env_build_alias_set=set
ac_cv_env_build_alias_value=x86_64-pc-linux-gnu
ac_cv_env_host_alias_set=set
ac_cv_env_host_alias_value=x86_64-pc-linux-gnu
ac_cv_env_target_alias_set=set
ac_cv_env_target_alias_value=riscv64-elf
ac_cv_func_dlopen=yes
ac_cv_func_fcntl=yes
ac_cv_func_fdopen=yes
ac_cv_func_fileno=yes
ac_cv_func_fls=no
ac_cv_func_fopen64=yes
ac_cv_func_fseeko64=yes
ac_cv_func_fseeko=yes
ac_cv_func_ftello64=yes
ac_cv_func_ftello=yes
ac_cv_func_getgid=yes
ac_cv_func_getpagesize=yes
ac_cv_func_getrlimit=yes
ac_cv_func_getuid=yes
ac_cv_func_madvise=yes
ac_cv_func_mmap_fixed_mapped=yes
ac_cv_func_mprotect=yes
ac_cv_func_shl_load=no
ac_cv_func_sysconf=yes
ac_cv_have_decl_asprintf=yes
ac_cv_have_decl_basename=yes
ac_cv_have_decl_ffs=yes
ac_cv_have_decl_fopen64=yes
ac_cv_have_decl_fseeko64=yes
ac_cv_have_decl_fseeko=yes
ac_cv_have_decl_ftello64=yes
ac_cv_have_decl_ftello=yes
ac_cv_have_decl_stpcpy=yes
ac_cv_have_decl_strnlen=yes
ac_cv_have_decl_vasprintf=yes
ac_cv_header_dlfcn_h=yes
ac_cv_header_fcntl_h=yes
ac_cv_header_inttypes_h=yes
ac_cv_header_memory_h=yes
ac_cv_header_minix_config_h=no
ac_cv_header_stdc=yes
ac_cv_header_stdint_h=yes
ac_cv_header_stdlib_h=yes
ac_cv_header_string_h=yes
ac_cv_header_strings_h=yes
ac_cv_header_sys_file_h=yes
ac_cv_header_sys_param_h=yes
ac_cv_header_sys_resource_h=yes
ac_cv_header_sys_stat_h=yes
ac_cv_header_sys_types_h=yes
ac_cv_header_unistd_h=yes
ac_cv_header_windows_h=no
ac_cv_host=x86_64-pc-linux-gnu
ac_cv_lib_dld_shl_load=no
ac_cv_lib_m_cos=yes
ac_cv_objext=o
ac_cv_path_EGREP='/usr/bin/grep -E'
ac_cv_path_FGREP='/usr/bin/grep -F'
ac_cv_path_GMSGFMT=/usr/bin/msgfmt
ac_cv_path_GREP=/usr/bin/grep
ac_cv_path_MSGFMT=/usr/bin/msgfmt
ac_cv_path_MSGMERGE=/usr/bin/msgmerge
ac_cv_path_SED=/usr/bin/sed
ac_cv_path_XGETTEXT=/usr/bin/xgettext
ac_cv_path_mkdir=/usr/bin/mkdir
ac_cv_prog_AR='ar --plugin /usr/lib/gcc/x86_64-pc-linux-gnu/12.2.0/liblto_plugin.so'
ac_cv_prog_AWK=gawk
ac_cv_prog_CC=gcc
ac_cv_prog_CPP='gcc -E'
ac_cv_prog_OBJDUMP=objdump
ac_cv_prog_RANLIB='ranlib --plugin /usr/lib/gcc/x86_64-pc-linux-gnu/12.2.0/liblto_plugin.so'
ac_cv_prog_ac_ct_STRIP=strip
ac_cv_prog_cc_c89=
ac_cv_prog_cc_g=yes
ac_cv_prog_make_make_set=yes
ac_cv_safe_to_define___extensions__=yes
ac_cv_search_dlsym='none required'
ac_cv_sizeof_int=4
ac_cv_sizeof_long=8
ac_cv_sizeof_long_long=8
ac_cv_sizeof_off_t=8
ac_cv_sizeof_void_p=8
ac_cv_sys_file_offset_bits=no
ac_cv_sys_largefile_CC=no
ac_cv_target=riscv64-unknown-elf
am_cv_CC_dependencies_compiler_type=gcc3
am_cv_make_support_nested_variables=yes
am_cv_prog_cc_c_o=yes
bfd_cv_hidden=yes
bfd_cv_int64_fmt=l
bfd_cv_ld_as_needed=yes
lt_cv_deplibs_check_method=pass_all
lt_cv_dlopen=dlopen
lt_cv_dlopen_libs=
lt_cv_dlopen_self=yes
lt_cv_dlopen_self_static=no
lt_cv_file_magic_cmd='$MAGIC_CMD'
lt_cv_file_magic_test_file=
lt_cv_ld_reload_flag=-r
lt_cv_nm_interface='BSD nm'
lt_cv_objdir=.libs
lt_cv_path_LD=ld
lt_cv_path_NM='/usr/bin/nm -B'
lt_cv_prog_compiler_c_o=yes
lt_cv_prog_compiler_pic_works=yes
lt_cv_prog_compiler_rtti_exceptions=no
lt_cv_prog_compiler_static_works=yes
lt_cv_prog_gnu_ld=yes
lt_cv_shlibpath_overrides_runpath=no
lt_cv_sys_global_symbol_pipe='sed -n -e '\''s/^.*[	 ]\([ABCDGIRSTW][ABCDGIRSTW]*\)[	 ][	 ]*\([_A-Za-z][_A-Za-z0-9]*\)$/\1 \2 \2/p'\'''
lt_cv_sys_global_symbol_to_c_name_address='sed -n -e '\''s/^: \([^ ]*\) $/  {\"\1\", (void *) 0},/p'\'' -e '\''s/^[ABCDGIRSTW]* \([^ ]*\) \([^ ]*\)$/  {"\2", (void *) \&\2},/p'\'''
lt_cv_sys_global_symbol_to_c_name_address_lib_prefix='sed -n -e '\''s/^: \([^ ]*\) $/  {\"\1\", (void *) 0},/p'\'' -e '\''s/^[ABCDGIRSTW]* \([^ ]*\) \(lib[^ ]*\)$/  {"\2", (void *) \&\2},/p'\'' -e '\''s/^[ABCDGIRSTW]* \([^ ]*\) \([^ ]*\)$/  {"lib\2", (void *) \&\2},/p'\'''
lt_cv_sys_global_symbol_to_cdecl='sed -n -e '\''s/^T .* \(.*\)$/extern int \1();/p'\'' -e '\''s/^[ABCDGIRSTW]* .* \(.*\)$/extern char \1;/p'\'''
lt_cv_sys_max_cmd_len=1572864

## ----------------- ##
## Output variables. ##
## ----------------- ##

ACLOCAL='${SHELL} /home/cvonelm/masterarbeit/software/binutils-softmode/src/binutils-2.39/missing aclocal-1.15'
AMDEPBACKSLASH='\'
AMDEP_FALSE='#'
AMDEP_TRUE=''
AMTAR='$${TAR-tar}'
AM_BACKSLASH='\'
AM_DEFAULT_V='$(AM_DEFAULT_VERBOSITY)'
AM_DEFAULT_VERBOSITY='0'
AM_V='$(V)'
AR='ar --plugin /usr/lib/gcc/x86_64-pc-linux-gnu/12.2.0/liblto_plugin.so --plugin /usr/lib/gcc/x86_64-pc-linux-gnu/12.2.1/liblto_plugin.so'
AUTOCONF='${SHELL} /home/cvonelm/masterarbeit/software/binutils-softmode/src/binutils-2.39/missing autoconf'
AUTOHEADER='${SHELL} /home/cvonelm/masterarbeit/software/binutils-softmode/src/binutils-2.39/missing autoheader'
AUTOMAKE='${SHELL} /home/cvonelm/masterarbeit/software/binutils-softmode/src/binutils-2.39/missing automake-1.15'
AWK='gawk'
BFD_INT64_FMT='"l"'
CATALOGS=''
CATOBJEXT=''
CC='gcc'
CCDEPMODE='depmode=gcc3'
CC_FOR_BUILD='gcc'
CFLAGS='-march=x86-64 -mtune=generic -O2 -pipe -fno-plt -fexceptions         -Wp,-D_FORTIFY_SOURCE=2 -Wformat -Werror=format-security         -fstack-clash-protection -fcf-protection    '
COREFILE=''
COREFLAG=''
CPP='gcc -E'
CPPFLAGS=''
CYGPATH_W='echo'
DATADIRNAME=''
DEBUGDIR='${exec_prefix}/lib/debug'
DEFS='-DHAVE_CONFIG_H'
DEPDIR='.deps'
DSYMUTIL='@DSYMUTIL@'
DUMPBIN=''
ECHO_C=''
ECHO_N='-n'
ECHO_T=''
EGREP='/usr/bin/grep -E'
ENABLE_BFD_64_BIT_FALSE='#'
ENABLE_BFD_64_BIT_TRUE=''
EXEEXT=''
EXEEXT_FOR_BUILD='$(EXEEXT)'
FGREP='/usr/bin/grep -F'
GENCAT=''
GENINSRC_NEVER_FALSE=''
GENINSRC_NEVER_TRUE='#'
GMSGFMT='/usr/bin/msgfmt'
GREP='/usr/bin/grep'
HDEFINES=''
INCINTL=''
INSTALL_DATA='/usr/bin/install -c -m 644'
INSTALL_LIBBFD_FALSE=''
INSTALL_LIBBFD_TRUE='#'
INSTALL_PROGRAM='/usr/bin/install -c'
INSTALL_SCRIPT='/usr/bin/install -c'
INSTALL_STRIP_PROGRAM='$(install_sh) -c -s'
INSTOBJEXT=''
LARGEFILE_CPPFLAGS=''
LD='ld -m elf_x86_64'
LDFLAGS=' -Wl,-O1,--sort-common,--as-needed,-z,relro,-z,now'
LIBINTL=''
LIBINTL_DEP=''
LIBM='-lm'
LIBOBJS=''
LIBS=''
LIBTOOL='$(SHELL) $(top_builddir)/libtool'
LIPO=''
LN_S='ln -s'
LTLIBOBJS=''
MAINT='#'
MAINTAINER_MODE_FALSE=''
MAINTAINER_MODE_TRUE='#'
MAKEINFO='makeinfo --split-size=5000000'
MKDIR_P='/usr/bin/mkdir -p'
MKINSTALLDIRS='$(top_builddir)/./../mkinstalldirs'
MSGFMT='/usr/bin/msgfmt'
MSGMERGE='/usr/bin/msgmerge'
NM='/usr/bin/nm -B'
NMEDIT=''
NO_WERROR=''
OBJDUMP='objdump'
OBJEXT='o'
OTOOL64=''
OTOOL='@OTOOL@'
PACKAGE='bfd'
PACKAGE_BUGREPORT=''
PACKAGE_NAME='bfd'
PACKAGE_STRING='bfd 2.39'
PACKAGE_TARNAME='bfd'
PACKAGE_URL=''
PACKAGE_VERSION='2.39'
PATH_SEPARATOR=':'
PKGVERSION='(GNU Binutils) '
PLUGINS_FALSE='#'
PLUGINS_TRUE=''
POSUB=''
RANLIB='ranlib --plugin /usr/lib/gcc/x86_64-pc-linux-gnu/12.2.0/liblto_plugin.so --plugin /usr/lib/gcc/x86_64-pc-linux-gnu/12.2.1/liblto_plugin.so'
REPORT_BUGS_TEXI='@uref{https://sourceware.org/bugzilla/}'
REPORT_BUGS_TO='<https://sourceware.org/bugzilla/>'
SED='/usr/bin/sed'
SET_MAKE=''
SHARED_LDFLAGS=''
SHARED_LIBADD=' '
SHELL='/bin/sh'
STRIP='strip'
TDEFINES=' '
USE_NLS='no'
VERSION='2.39'
WARN_CFLAGS='-W -Wall -Wstrict-prototypes -Wmissing-prototypes -Wshadow -Wstack-usage=262144'
WARN_CFLAGS_FOR_BUILD='-W -Wall -Wstrict-prototypes -Wmissing-prototypes -Wshadow -Wstack-usage=262144'
WARN_WRITE_STRINGS='-Wwrite-strings'
XGETTEXT='/usr/bin/xgettext'
ac_ct_CC=''
ac_ct_DUMPBIN=''
all_backends='$(BFD64_BACKENDS) $(BFD32_BACKENDS)'
am__EXEEXT_FALSE=''
am__EXEEXT_TRUE='#'
am__fastdepCC_FALSE='#'
am__fastdepCC_TRUE=''
am__include='include'
am__isrc=''
am__leading_dot='.'
am__nodep='_no'
am__quote=''
am__tar='$${TAR-tar} chof - "$$tardir"'
am__untar='$${TAR-tar} xf -'
bfd64_libs='$(BFD64_LIBS)'
bfd_backends=' elf64-riscv.lo elf64.lo elfxx-riscv.lo elf-ifunc.lo elf32.lo elf.lo elflink.lo elf-attrs.lo elf-strtab.lo elf-eh-frame.lo dwarf1.lo dwarf2.lo elf32-riscv.lo elf64-gen.lo elf32-gen.lo plugin.lo'
bfd_default_target_size='64'
bfd_file_ptr='int64_t'
bfd_machines=' cpu-riscv.lo'
bfd_ufile_ptr='uint64_t'
bfdincludedir='$(exec_prefix)/$(host_noncanonical)/$(target_noncanonical)/include'
bfdlibdir='$(exec_prefix)/$(host_noncanonical)/$(target_noncanonical)/lib'
bindir='${exec_prefix}/bin'
build='x86_64-pc-linux-gnu'
build_alias='x86_64-pc-linux-gnu'
build_cpu='x86_64'
build_os='linux-gnu'
build_vendor='pc'
datadir='${datarootdir}'
datarootdir='${prefix}/share'
docdir='${datarootdir}/doc/${PACKAGE_TARNAME}'
dvidir='${docdir}'
exec_prefix='${prefix}'
havevecs='-DHAVE_riscv_elf64_vec -DHAVE_riscv_elf32_vec -DHAVE_riscv_elf32_be_vec -DHAVE_riscv_elf64_be_vec -DHAVE_elf64_le_vec -DHAVE_elf64_be_vec -DHAVE_elf32_le_vec -DHAVE_elf32_be_vec'
host='x86_64-pc-linux-gnu'
host_alias='x86_64-pc-linux-gnu'
host_cpu='x86_64'
host_noncanonical='x86_64-pc-linux-gnu'
host_os='linux-gnu'
host_vendor='pc'
htmldir='${docdir}'
includedir='${prefix}/include'
infodir='${datarootdir}/info'
install_sh='${SHELL} /home/cvonelm/masterarbeit/software/binutils-softmode/src/binutils-2.39/install-sh'
libdir='${exec_prefix}/lib'
libexecdir='${exec_prefix}/libexec'
localedir='${datarootdir}/locale'
localstatedir='${prefix}/var'
lt_cv_dlopen_libs=''
mandir='${datarootdir}/man'
mkdir_p='$(MKDIR_P)'
oldincludedir='/usr/include'
pdfdir='${docdir}'
prefix='/usr'
program_transform_name='s&^&riscv64-elf-&'
psdir='${docdir}'
sbindir='${exec_prefix}/sbin'
sharedstatedir='${prefix}/com'
supports_plugins='1'
sysconfdir='${prefix}/etc'
target='riscv64-unknown-elf'
target_alias='riscv64-elf'
target_cpu='riscv64'
target_noncanonical='riscv64-elf'
target_os='elf'
target_vendor='unknown'
tdefaults=' -DDEFAULT_VECTOR=riscv_elf64_vec -DSELECT_VECS='\''&riscv_elf64_vec,&riscv_elf32_vec,&riscv_elf32_be_vec,&riscv_elf64_be_vec,&elf64_le_vec,&elf64_be_vec,&elf32_le_vec,&elf32_be_vec'\'' -DSELECT_ARCHITECTURES='\''&bfd_riscv_arch'\'''
wordsize='64'
zlibdir='-L$(top_builddir)/../zlib'
zlibinc='-I$(top_srcdir)/../zlib'

## ----------- ##
## confdefs.h. ##
## ----------- ##

/* confdefs.h */
#define PACKAGE_NAME "bfd"
#define PACKAGE_TARNAME "bfd"
#define PACKAGE_VERSION "2.39"
#define PACKAGE_STRING "bfd 2.39"
#define PACKAGE_BUGREPORT ""
#define PACKAGE_URL ""
#define PACKAGE "bfd"
#define VERSION "2.39"
#define STDC_HEADERS 1
#define HAVE_SYS_TYPES_H 1
#define HAVE_SYS_STAT_H 1
#define HAVE_STDLIB_H 1
#define HAVE_STRING_H 1
#define HAVE_MEMORY_H 1
#define HAVE_STRINGS_H 1
#define HAVE_INTTYPES_H 1
#define HAVE_STDINT_H 1
#define HAVE_UNISTD_H 1
#define __EXTENSIONS__ 1
#define _ALL_SOURCE 1
#define _GNU_SOURCE 1
#define _POSIX_PTHREAD_SEMANTICS 1
#define _TANDEM_SOURCE 1
#define HAVE_DLFCN_H 1
#define LT_OBJDIR ".libs/"
#define HAVE_DLFCN_H 1
#define SIZEOF_VOID_P 8
#define USE_SECUREPLT 1
#define DEFAULT_LD_Z_SEPARATE_CODE 0
#define SIZEOF_LONG_LONG 8
#define SIZEOF_VOID_P 8
#define SIZEOF_LONG 8
#define SIZEOF_INT 4
#define HAVE_FCNTL_H 1
#define HAVE_SYS_FILE_H 1
#define HAVE_SYS_RESOURCE_H 1
#define HAVE_SYS_STAT_H 1
#define HAVE_SYS_TYPES_H 1
#define HAVE_UNISTD_H 1
#define HAVE_FCNTL 1
#define HAVE_FDOPEN 1
#define HAVE_FILENO 1
#define HAVE_GETGID 1
#define HAVE_GETPAGESIZE 1
#define HAVE_GETRLIMIT 1
#define HAVE_GETUID 1
#define HAVE_SYSCONF 1
#define HAVE_DECL_BASENAME 1
#define HAVE_DECL_FFS 1
#define HAVE_DECL_STPCPY 1
#define HAVE_DECL_ASPRINTF 1
#define HAVE_DECL_VASPRINTF 1
#define HAVE_DECL_STRNLEN 1
#define HAVE_HIDDEN 1
#define HAVE_FTELLO 1
#define HAVE_FTELLO64 1
#define HAVE_FSEEKO 1
#define HAVE_FSEEKO64 1
#define HAVE_FOPEN64 1
#define HAVE_DECL_FTELLO 1
#define HAVE_DECL_FTELLO64 1
#define HAVE_DECL_FSEEKO 1
#define HAVE_DECL_FSEEKO64 1
#define HAVE_DECL_FOPEN64 1
#define SIZEOF_OFF_T 8
#define HAVE_STDLIB_H 1
#define HAVE_UNISTD_H 1
#define HAVE_SYS_PARAM_H 1
#define HAVE_GETPAGESIZE 1
#define HAVE_MMAP 1
#define HAVE_MADVISE 1
#define HAVE_MPROTECT 1

configure: exit 0
