This file contains any messages produced by compilers while
running configure, to aid debugging if configure makes a mistake.

It was created by gas configure 2.39, which was
generated by GNU Autoconf 2.69.  Invocation command line was

  $ /home/cvonelm/masterarbeit/software/binutils-softmode/src/binutils-2.39/gas/configure --srcdir=.././gas --cache-file=./config.cache --with-gnu-as --with-gnu-ld --with-sysroot=/usr/riscv64-elf --prefix=/usr --enable-multilib --enable-interwork --with-gnu-as --with-gnu-ld --disable-nls --enable-ld=default --enable-gold --enable-plugins --enable-deterministic-archives --program-transform-name=s&^&riscv64-elf-& --disable-option-checking --build=x86_64-pc-linux-gnu --host=x86_64-pc-linux-gnu --target=riscv64-elf

## --------- ##
## Platform. ##
## --------- ##

hostname = redshanks
uname -m = x86_64
uname -r = 6.1.7-arch1-1
uname -s = Linux
uname -v = #1 SMP PREEMPT_DYNAMIC Wed, 18 Jan 2023 19:54:38 +0000

/usr/bin/uname -p = unknown
/bin/uname -X     = unknown

/bin/arch              = unknown
/usr/bin/arch -k       = unknown
/usr/convex/getsysinfo = unknown
/usr/bin/hostinfo      = unknown
/bin/machine           = unknown
/usr/bin/oslevel       = unknown
/bin/universe          = unknown

PATH: /usr/local/sbin
PATH: /usr/local/bin
PATH: /usr/bin
PATH: /usr/lib/jvm/default/bin
PATH: /usr/bin/site_perl
PATH: /usr/bin/vendor_perl
PATH: /usr/bin/core_perl


## ----------- ##
## Core tests. ##
## ----------- ##

configure:2257: loading cache ./config.cache
configure:2376: checking build system type
configure:2390: result: x86_64-pc-linux-gnu
configure:2410: checking host system type
configure:2423: result: x86_64-pc-linux-gnu
configure:2443: checking target system type
configure:2456: result: riscv64-unknown-elf
configure:2499: checking for a BSD-compatible install
configure:2567: result: /usr/bin/install -c
configure:2578: checking whether build environment is sane
configure:2633: result: yes
configure:2784: checking for a thread-safe mkdir -p
configure:2823: result: /usr/bin/mkdir -p
configure:2830: checking for gawk
configure:2857: result: gawk
configure:2868: checking whether make sets $(MAKE)
configure:2890: result: yes
configure:2919: checking whether make supports nested variables
configure:2936: result: yes
configure:3073: checking whether make supports nested variables
configure:3090: result: yes
configure:3110: checking for x86_64-pc-linux-gnu-gcc
configure:3137: result: gcc
configure:3406: checking for C compiler version
configure:3415: gcc --version >&5
gcc (GCC) 12.2.1 20230111
Copyright (C) 2022 Free Software Foundation, Inc.
This is free software; see the source for copying conditions.  There is NO
warranty; not even for MERCHANTABILITY or FITNESS FOR A PARTICULAR PURPOSE.

configure:3426: $? = 0
configure:3415: gcc -v >&5
Using built-in specs.
COLLECT_GCC=gcc
COLLECT_LTO_WRAPPER=/usr/lib/gcc/x86_64-pc-linux-gnu/12.2.1/lto-wrapper
Target: x86_64-pc-linux-gnu
Configured with: /build/gcc/src/gcc/configure --enable-languages=c,c++,ada,fortran,go,lto,objc,obj-c++,d --enable-bootstrap --prefix=/usr --libdir=/usr/lib --libexecdir=/usr/lib --mandir=/usr/share/man --infodir=/usr/share/info --with-bugurl=https://bugs.archlinux.org/ --with-build-config=bootstrap-lto --with-linker-hash-style=gnu --with-system-zlib --enable-__cxa_atexit --enable-cet=auto --enable-checking=release --enable-clocale=gnu --enable-default-pie --enable-default-ssp --enable-gnu-indirect-function --enable-gnu-unique-object --enable-libstdcxx-backtrace --enable-link-serialization=1 --enable-linker-build-id --enable-lto --enable-multilib --enable-plugin --enable-shared --enable-threads=posix --disable-libssp --disable-libstdcxx-pch --disable-werror
Thread model: posix
Supported LTO compression algorithms: zlib zstd
gcc version 12.2.1 20230111 (GCC) 
configure:3426: $? = 0
configure:3415: gcc -V >&5
gcc: error: unrecognized command-line option '-V'
gcc: fatal error: no input files
compilation terminated.
configure:3426: $? = 1
configure:3415: gcc -qversion >&5
gcc: error: unrecognized command-line option '-qversion'; did you mean '--version'?
gcc: fatal error: no input files
compilation terminated.
configure:3426: $? = 1
configure:3446: checking whether the C compiler works
configure:3468: gcc -march=x86-64 -mtune=generic -O2 -pipe -fno-plt -fexceptions         -Wp,-D_FORTIFY_SOURCE=2 -Wformat -Werror=format-security         -fstack-clash-protection -fcf-protection       -Wl,-O1,--sort-common,--as-needed,-z,relro,-z,now conftest.c  >&5
configure:3472: $? = 0
configure:3520: result: yes
configure:3523: checking for C compiler default output file name
configure:3525: result: a.out
configure:3531: checking for suffix of executables
configure:3538: gcc -o conftest -march=x86-64 -mtune=generic -O2 -pipe -fno-plt -fexceptions         -Wp,-D_FORTIFY_SOURCE=2 -Wformat -Werror=format-security         -fstack-clash-protection -fcf-protection       -Wl,-O1,--sort-common,--as-needed,-z,relro,-z,now conftest.c  >&5
configure:3542: $? = 0
configure:3564: result: 
configure:3586: checking whether we are cross compiling
configure:3594: gcc -o conftest -march=x86-64 -mtune=generic -O2 -pipe -fno-plt -fexceptions         -Wp,-D_FORTIFY_SOURCE=2 -Wformat -Werror=format-security         -fstack-clash-protection -fcf-protection       -Wl,-O1,--sort-common,--as-needed,-z,relro,-z,now conftest.c  >&5
configure:3598: $? = 0
configure:3605: ./conftest
configure:3609: $? = 0
configure:3624: result: no
configure:3629: checking for suffix of object files
configure:3676: result: o
configure:3680: checking whether we are using the GNU C compiler
configure:3708: result: yes
configure:3717: checking whether gcc accepts -g
configure:3778: result: yes
configure:3795: checking for gcc option to accept ISO C89
configure:3871: result: none needed
configure:3896: checking whether gcc understands -c and -o together
configure:3933: result: yes
configure:3961: checking for style of include used by make
configure:3989: result: GNU
configure:4015: checking dependency style of gcc
configure:4126: result: gcc3
configure:4147: checking how to run the C preprocessor
configure:4217: result: gcc -E
configure:4237: gcc -E  conftest.c
configure:4237: $? = 0
configure:4251: gcc -E  conftest.c
conftest.c:11:10: fatal error: ac_nonexistent.h: No such file or directory
   11 | #include <ac_nonexistent.h>
      |          ^~~~~~~~~~~~~~~~~~
compilation terminated.
configure:4251: $? = 1
configure: failed program was:
| /* confdefs.h */
| #define PACKAGE_NAME "gas"
| #define PACKAGE_TARNAME "gas"
| #define PACKAGE_VERSION "2.39"
| #define PACKAGE_STRING "gas 2.39"
| #define PACKAGE_BUGREPORT ""
| #define PACKAGE_URL ""
| #define PACKAGE "gas"
| #define VERSION "2.39"
| /* end confdefs.h.  */
| #include <ac_nonexistent.h>
configure:4280: checking for grep that handles long lines and -e
configure:4338: result: /usr/bin/grep
configure:4343: checking for egrep
configure:4405: result: /usr/bin/grep -E
configure:4410: checking for ANSI C header files
configure:4514: result: yes
configure:4527: checking for sys/types.h
configure:4527: result: yes
configure:4527: checking for sys/stat.h
configure:4527: result: yes
configure:4527: checking for stdlib.h
configure:4527: result: yes
configure:4527: checking for string.h
configure:4527: result: yes
configure:4527: checking for memory.h
configure:4527: result: yes
configure:4527: checking for strings.h
configure:4527: result: yes
configure:4527: checking for inttypes.h
configure:4527: result: yes
configure:4527: checking for stdint.h
configure:4527: result: yes
configure:4527: checking for unistd.h
configure:4527: result: yes
configure:4540: checking for minix/config.h
configure:4540: result: no
configure:4561: checking whether it is safe to define __EXTENSIONS__
configure:4586: result: yes
configure:4649: checking how to print strings
configure:4676: result: printf
configure:4697: checking for a sed that does not truncate output
configure:4761: result: /usr/bin/sed
configure:4779: checking for fgrep
configure:4841: result: /usr/bin/grep -F
configure:4876: checking for ld used by gcc
configure:4943: result: ld
configure:4950: checking if the linker (ld) is GNU ld
configure:4965: result: yes
configure:4977: checking for BSD- or MS-compatible name lister (nm)
configure:5033: result: /usr/bin/nm -B
configure:5163: checking the name lister (/usr/bin/nm -B) interface
configure:5183: result: BSD nm
configure:5186: checking whether ln -s works
configure:5190: result: yes
configure:5198: checking the maximum length of command line arguments
configure:5323: result: 1572864
configure:5340: checking whether the shell understands some XSI constructs
configure:5350: result: yes
configure:5354: checking whether the shell understands "+="
configure:5360: result: yes
configure:5395: checking for ld option to reload object files
configure:5402: result: -r
configure:5431: checking for x86_64-pc-linux-gnu-objdump
configure:5458: result: objdump
configure:5530: checking how to recognize dependent libraries
configure:5731: result: pass_all
configure:5764: checking for x86_64-pc-linux-gnu-ar
configure:5791: result: ar --plugin /usr/lib/gcc/x86_64-pc-linux-gnu/12.2.0/liblto_plugin.so
configure:5882: checking for x86_64-pc-linux-gnu-strip
configure:5912: result: no
configure:5922: checking for strip
configure:5949: result: strip
configure:5981: checking for x86_64-pc-linux-gnu-ranlib
configure:6008: result: ranlib --plugin /usr/lib/gcc/x86_64-pc-linux-gnu/12.2.0/liblto_plugin.so
configure:6155: checking command to parse /usr/bin/nm -B output from gcc object
configure:6378: result: ok
configure:6473: gcc -c -march=x86-64 -mtune=generic -O2 -pipe -fno-plt -fexceptions         -Wp,-D_FORTIFY_SOURCE=2 -Wformat -Werror=format-security         -fstack-clash-protection -fcf-protection      conftest.c >&5
configure:6476: $? = 0
configure:7226: checking for dlfcn.h
configure:7226: result: yes
configure:7413: checking for objdir
configure:7428: result: .libs
configure:7699: checking if gcc supports -fno-rtti -fno-exceptions
configure:7734: result: no
configure:7754: checking for gcc option to produce PIC
configure:8040: result: -fPIC -DPIC
configure:8052: checking if gcc PIC flag -fPIC -DPIC works
configure:8087: result: yes
configure:8111: checking if gcc static flag -static works
configure:8139: result: yes
configure:8154: checking if gcc supports -c -o file.o
configure:8201: result: yes
configure:8209: checking if gcc supports -c -o file.o
configure:8256: result: yes
configure:8289: checking whether the gcc linker (ld -m elf_x86_64) supports shared libraries
configure:9360: result: yes
configure:9397: checking whether -lc should be explicitly linked in
configure:9440: result: no
configure:9605: checking dynamic linker characteristics
configure:10268: result: GNU/Linux ld.so
configure:10375: checking how to hardcode library paths into programs
configure:10400: result: immediate
configure:10940: checking whether stripping libraries is possible
configure:10945: result: yes
configure:10980: checking if libtool supports shared libraries
configure:10982: result: yes
configure:10985: checking whether to build shared libraries
configure:11006: result: yes
configure:11009: checking whether to build static libraries
configure:11013: result: yes
configure:11061: checking for dlfcn.h
configure:11061: result: yes
configure:11074: checking for windows.h
configure:11074: result: no
configure:11101: checking for library containing dlsym
configure:11149: result: none required
configure:11221: checking for special C compiler options needed for large files
configure:11266: result: no
configure:11272: checking for _FILE_OFFSET_BITS value needed for large files
configure:11329: result: no
configure:11415: checking how to compare bootstrapped objects
configure:11440: result: cmp --ignore-initial=16 $$f1 $$f2
gcc: warning: @CPPFLAGS_FOR_BUILD@: linker input file unused because linking not done
gcc: error: @CPPFLAGS_FOR_BUILD@: linker input file not found: No such file or directory
gcc: warning: @CPPFLAGS_FOR_BUILD@: linker input file unused because linking not done
gcc: error: @CPPFLAGS_FOR_BUILD@: linker input file not found: No such file or directory
configure:11745: checking whether byte ordering is bigendian
configure:11951: result: no
configure:12457: checking for default configuration of --with-arch
configure:12466: result: 
configure:12470: checking for default configuration of --with-isa-spec
configure:12479: result: 
configure:12483: checking for default configuration of --with-priv-spec
configure:12492: result: 
configure:12896: checking for bison
configure:12923: result: bison -y
configure:12939: checking for flex
configure:12966: result: flex
configure:13005: flex conftest.l
configure:13009: $? = 0
configure:13011: checking lex output file root
configure:13025: result: lex.yy
configure:13030: checking lex library
configure:13054: result: -lfl
configure:13060: checking whether yytext is a pointer
configure:13085: result: yes
configure:13113: checking whether NLS is requested
configure:13116: result: no
configure:13184: checking whether NLS is requested
configure:13193: result: no
configure:13231: checking for msgfmt
configure:13262: result: /usr/bin/msgfmt
configure:13271: checking for gmsgfmt
configure:13302: result: /usr/bin/msgfmt
configure:13342: checking for xgettext
configure:13373: result: /usr/bin/xgettext
configure:13413: checking for msgmerge
configure:13443: result: /usr/bin/msgmerge
configure:13480: checking whether to enable maintainer-specific portions of Makefiles
configure:13489: result: no
configure:13515: checking for memory.h
configure:13515: result: yes
configure:13515: checking for sys/stat.h
configure:13515: result: yes
configure:13515: checking for sys/types.h
configure:13515: result: yes
configure:13515: checking for unistd.h
configure:13515: result: yes
configure:13528: checking whether compiling a cross-assembler
configure:13538: result: yes
configure:13543: checking for strsignal
configure:13543: result: yes
configure:13554: checking for LC_MESSAGES
configure:13578: result: yes
configure:13729: checking for working assert macro
configure:13762: result: yes
configure:13783: checking for a known getopt prototype in unistd.h
configure:13807: result: yes
configure:13816: checking whether declaration is required for environ
configure:13844: result: no
configure:13853: checking whether declaration is required for ffs
configure:13881: result: no
configure:13890: checking whether asprintf is declared
configure:13890: result: yes
configure:13900: checking whether mempcpy is declared
configure:13900: result: yes
configure:13910: checking whether stpcpy is declared
configure:13910: result: yes
configure:13990: checking for struct stat.st_mtim.tv_sec in sys/stat.h
configure:14022: result: yes
configure:14025: checking for struct stat.st_mtim.tv_nsec in sys/stat.h
configure:14057: result: yes
configure:14176: checking that generated files are newer than configure
configure:14182: result: done
configure:14214: creating ./config.status

## ---------------------- ##
## Running config.status. ##
## ---------------------- ##

This file was extended by gas config.status 2.39, which was
generated by GNU Autoconf 2.69.  Invocation command line was

  CONFIG_FILES    = 
  CONFIG_HEADERS  = 
  CONFIG_LINKS    = 
  CONFIG_COMMANDS = 
  $ ./config.status 

on redshanks

config.status:1166: creating .gdbinit
config.status:1166: creating Makefile
config.status:1166: creating po/Makefile.in
config.status:1166: creating config.h
config.status:1347: config.h is unchanged
config.status:1395: executing depfiles commands
config.status:1395: executing libtool commands
config.status:1395: executing default-1 commands
config.status:1395: executing default commands

## ---------------- ##
## Cache variables. ##
## ---------------- ##

ac_cv_build=x86_64-pc-linux-gnu
ac_cv_c_bigendian=no
ac_cv_c_compiler_gnu=yes
ac_cv_env_CC_set=set
ac_cv_env_CC_value=gcc
ac_cv_env_CFLAGS_set=set
ac_cv_env_CFLAGS_value='-march=x86-64 -mtune=generic -O2 -pipe -fno-plt -fexceptions         -Wp,-D_FORTIFY_SOURCE=2 -Wformat -Werror=format-security         -fstack-clash-protection -fcf-protection    '
ac_cv_env_CPPFLAGS_set=
ac_cv_env_CPPFLAGS_value=
ac_cv_env_CPP_set=
ac_cv_env_CPP_value=
ac_cv_env_LDFLAGS_set=set
ac_cv_env_LDFLAGS_value=' -Wl,-O1,--sort-common,--as-needed,-z,relro,-z,now'
ac_cv_env_LIBS_set=
ac_cv_env_LIBS_value=
ac_cv_env_YACC_set=set
ac_cv_env_YACC_value='bison -y'
ac_cv_env_YFLAGS_set=
ac_cv_env_YFLAGS_value=
ac_cv_env_build_alias_set=set
ac_cv_env_build_alias_value=x86_64-pc-linux-gnu
ac_cv_env_host_alias_set=set
ac_cv_env_host_alias_value=x86_64-pc-linux-gnu
ac_cv_env_target_alias_set=set
ac_cv_env_target_alias_value=riscv64-elf
ac_cv_func_strsignal=yes
ac_cv_have_decl_asprintf=yes
ac_cv_have_decl_mempcpy=yes
ac_cv_have_decl_stpcpy=yes
ac_cv_header_dlfcn_h=yes
ac_cv_header_inttypes_h=yes
ac_cv_header_memory_h=yes
ac_cv_header_minix_config_h=no
ac_cv_header_stdc=yes
ac_cv_header_stdint_h=yes
ac_cv_header_stdlib_h=yes
ac_cv_header_string_h=yes
ac_cv_header_strings_h=yes
ac_cv_header_sys_stat_h=yes
ac_cv_header_sys_types_h=yes
ac_cv_header_unistd_h=yes
ac_cv_header_windows_h=no
ac_cv_host=x86_64-pc-linux-gnu
ac_cv_lib_lex=-lfl
ac_cv_objext=o
ac_cv_path_EGREP='/usr/bin/grep -E'
ac_cv_path_FGREP='/usr/bin/grep -F'
ac_cv_path_GMSGFMT=/usr/bin/msgfmt
ac_cv_path_GREP=/usr/bin/grep
ac_cv_path_MSGFMT=/usr/bin/msgfmt
ac_cv_path_MSGMERGE=/usr/bin/msgmerge
ac_cv_path_SED=/usr/bin/sed
ac_cv_path_XGETTEXT=/usr/bin/xgettext
ac_cv_path_mkdir=/usr/bin/mkdir
ac_cv_prog_AR='ar --plugin /usr/lib/gcc/x86_64-pc-linux-gnu/12.2.0/liblto_plugin.so'
ac_cv_prog_AWK=gawk
ac_cv_prog_CC=gcc
ac_cv_prog_CPP='gcc -E'
ac_cv_prog_LEX=flex
ac_cv_prog_OBJDUMP=objdump
ac_cv_prog_RANLIB='ranlib --plugin /usr/lib/gcc/x86_64-pc-linux-gnu/12.2.0/liblto_plugin.so'
ac_cv_prog_YACC='bison -y'
ac_cv_prog_ac_ct_STRIP=strip
ac_cv_prog_cc_c89=
ac_cv_prog_cc_g=yes
ac_cv_prog_lex_root=lex.yy
ac_cv_prog_lex_yytext_pointer=yes
ac_cv_prog_make_make_set=yes
ac_cv_safe_to_define___extensions__=yes
ac_cv_search_dlsym='none required'
ac_cv_sys_file_offset_bits=no
ac_cv_sys_largefile_CC=no
ac_cv_target=riscv64-unknown-elf
am_cv_CC_dependencies_compiler_type=gcc3
am_cv_make_support_nested_variables=yes
am_cv_prog_cc_c_o=yes
am_cv_val_LC_MESSAGES=yes
gas_cv_assert_ok=yes
gas_cv_decl_getopt_unistd_h=yes
gas_cv_decl_needed_environ=no
gas_cv_decl_needed_ffs=no
gas_cv_have_sys_stat_type_member_st_mtim_tv_nsec=yes
gas_cv_have_sys_stat_type_member_st_mtim_tv_sec=yes
gcc_cv_prog_cmp_skip='cmp --ignore-initial=16 $$f1 $$f2'
lt_cv_archive_cmds_need_lc=no
lt_cv_deplibs_check_method=pass_all
lt_cv_file_magic_cmd='$MAGIC_CMD'
lt_cv_file_magic_test_file=
lt_cv_ld_reload_flag=-r
lt_cv_nm_interface='BSD nm'
lt_cv_objdir=.libs
lt_cv_path_LD=ld
lt_cv_path_NM='/usr/bin/nm -B'
lt_cv_prog_compiler_c_o=yes
lt_cv_prog_compiler_pic_works=yes
lt_cv_prog_compiler_rtti_exceptions=no
lt_cv_prog_compiler_static_works=yes
lt_cv_prog_gnu_ld=yes
lt_cv_shlibpath_overrides_runpath=no
lt_cv_sys_global_symbol_pipe='sed -n -e '\''s/^.*[	 ]\([ABCDGIRSTW][ABCDGIRSTW]*\)[	 ][	 ]*\([_A-Za-z][_A-Za-z0-9]*\)$/\1 \2 \2/p'\'''
lt_cv_sys_global_symbol_to_c_name_address='sed -n -e '\''s/^: \([^ ]*\) $/  {\"\1\", (void *) 0},/p'\'' -e '\''s/^[ABCDGIRSTW]* \([^ ]*\) \([^ ]*\)$/  {"\2", (void *) \&\2},/p'\'''
lt_cv_sys_global_symbol_to_c_name_address_lib_prefix='sed -n -e '\''s/^: \([^ ]*\) $/  {\"\1\", (void *) 0},/p'\'' -e '\''s/^[ABCDGIRSTW]* \([^ ]*\) \(lib[^ ]*\)$/  {"\2", (void *) \&\2},/p'\'' -e '\''s/^[ABCDGIRSTW]* \([^ ]*\) \([^ ]*\)$/  {"lib\2", (void *) \&\2},/p'\'''
lt_cv_sys_global_symbol_to_cdecl='sed -n -e '\''s/^T .* \(.*\)$/extern int \1();/p'\'' -e '\''s/^[ABCDGIRSTW]* .* \(.*\)$/extern char \1;/p'\'''
lt_cv_sys_max_cmd_len=1572864

## ----------------- ##
## Output variables. ##
## ----------------- ##

ACLOCAL='${SHELL} /home/cvonelm/masterarbeit/software/binutils-softmode/src/binutils-2.39/missing aclocal-1.15'
AMDEPBACKSLASH='\'
AMDEP_FALSE='#'
AMDEP_TRUE=''
AMTAR='$${TAR-tar}'
AM_BACKSLASH='\'
AM_DEFAULT_V='$(AM_DEFAULT_VERBOSITY)'
AM_DEFAULT_VERBOSITY='0'
AM_V='$(V)'
AR='ar --plugin /usr/lib/gcc/x86_64-pc-linux-gnu/12.2.0/liblto_plugin.so --plugin /usr/lib/gcc/x86_64-pc-linux-gnu/12.2.1/liblto_plugin.so'
AUTOCONF='${SHELL} /home/cvonelm/masterarbeit/software/binutils-softmode/src/binutils-2.39/missing autoconf'
AUTOHEADER='${SHELL} /home/cvonelm/masterarbeit/software/binutils-softmode/src/binutils-2.39/missing autoheader'
AUTOMAKE='${SHELL} /home/cvonelm/masterarbeit/software/binutils-softmode/src/binutils-2.39/missing automake-1.15'
AWK='gawk'
CATALOGS=''
CATOBJEXT=''
CC='gcc'
CCDEPMODE='depmode=gcc3'
CFLAGS='-march=x86-64 -mtune=generic -O2 -pipe -fno-plt -fexceptions         -Wp,-D_FORTIFY_SOURCE=2 -Wformat -Werror=format-security         -fstack-clash-protection -fcf-protection    '
CPP='gcc -E'
CPPFLAGS=''
CYGPATH_W='echo'
DATADIRNAME=''
DEFS='-DHAVE_CONFIG_H'
DEPDIR='.deps'
DSYMUTIL='@DSYMUTIL@'
DUMPBIN=''
ECHO_C=''
ECHO_N='-n'
ECHO_T=''
EGREP='/usr/bin/grep -E'
EXEEXT=''
FGREP='/usr/bin/grep -F'
GDBINIT='.gdbinit'
GENCAT=''
GENINSRC_NEVER_FALSE=''
GENINSRC_NEVER_TRUE='#'
GMSGFMT='/usr/bin/msgfmt'
GREP='/usr/bin/grep'
INCINTL=''
INSTALL_DATA='/usr/bin/install -c -m 644'
INSTALL_PROGRAM='/usr/bin/install -c'
INSTALL_SCRIPT='/usr/bin/install -c'
INSTALL_STRIP_PROGRAM='$(install_sh) -c -s'
INSTOBJEXT=''
LARGEFILE_CPPFLAGS=''
LD='ld -m elf_x86_64'
LDFLAGS=' -Wl,-O1,--sort-common,--as-needed,-z,relro,-z,now'
LEX='flex'
LEXLIB='-lfl'
LEX_OUTPUT_ROOT='lex.yy'
LIBINTL=''
LIBINTL_DEP=''
LIBM=''
LIBOBJS=''
LIBS=''
LIBTOOL='$(SHELL) $(top_builddir)/libtool'
LIPO=''
LN_S='ln -s'
LTLIBOBJS=''
MAINT='#'
MAINTAINER_MODE_FALSE=''
MAINTAINER_MODE_TRUE='#'
MAKEINFO='makeinfo --split-size=5000000'
MKDIR_P='/usr/bin/mkdir -p'
MKINSTALLDIRS='$(top_builddir)/../mkinstalldirs'
MSGFMT='/usr/bin/msgfmt'
MSGMERGE='/usr/bin/msgmerge'
NM='/usr/bin/nm -B'
NMEDIT=''
NO_WERROR=''
OBJDUMP='objdump'
OBJEXT='o'
OPCODES_LIB='../opcodes/libopcodes.la'
OTOOL64=''
OTOOL='@OTOOL@'
PACKAGE='gas'
PACKAGE_BUGREPORT=''
PACKAGE_NAME='gas'
PACKAGE_STRING='gas 2.39'
PACKAGE_TARNAME='gas'
PACKAGE_URL=''
PACKAGE_VERSION='2.39'
PATH_SEPARATOR=':'
POSUB=''
RANLIB='ranlib --plugin /usr/lib/gcc/x86_64-pc-linux-gnu/12.2.0/liblto_plugin.so --plugin /usr/lib/gcc/x86_64-pc-linux-gnu/12.2.1/liblto_plugin.so'
SED='/usr/bin/sed'
SET_MAKE=''
SHELL='/bin/sh'
STRIP='strip'
USE_NLS='no'
VERSION='2.39'
WARN_CFLAGS='-W -Wall -Wstrict-prototypes -Wmissing-prototypes -Wshadow -Wstack-usage=262144'
WARN_CFLAGS_FOR_BUILD='-W -Wall -Wstrict-prototypes -Wmissing-prototypes -Wshadow -Wstack-usage=262144'
WARN_WRITE_STRINGS='-Wwrite-strings'
XGETTEXT='/usr/bin/xgettext'
YACC='bison -y'
YFLAGS=''
ac_ct_CC=''
ac_ct_DUMPBIN=''
am__EXEEXT_FALSE=''
am__EXEEXT_TRUE='#'
am__fastdepCC_FALSE='#'
am__fastdepCC_TRUE=''
am__include='include'
am__isrc=''
am__leading_dot='.'
am__nodep='_no'
am__quote=''
am__tar='$${TAR-tar} chof - "$$tardir"'
am__untar='$${TAR-tar} xf -'
atof='ieee'
bindir='${exec_prefix}/bin'
build='x86_64-pc-linux-gnu'
build_alias='x86_64-pc-linux-gnu'
build_cpu='x86_64'
build_os='linux-gnu'
build_vendor='pc'
cgen_cpu_prefix=''
datadir='${datarootdir}'
datarootdir='${prefix}/share'
do_compare='cmp --ignore-initial=16 $$f1 $$f2'
docdir='${datarootdir}/doc/${PACKAGE_TARNAME}'
dvidir='${docdir}'
exec_prefix='${prefix}'
extra_objects=''
host='x86_64-pc-linux-gnu'
host_alias='x86_64-pc-linux-gnu'
host_cpu='x86_64'
host_os='linux-gnu'
host_vendor='pc'
htmldir='${docdir}'
includedir='${prefix}/include'
infodir='${datarootdir}/info'
install_sh='${SHELL} /home/cvonelm/masterarbeit/software/binutils-softmode/src/binutils-2.39/install-sh'
install_tooldir='install-exec-tooldir'
libdir='${exec_prefix}/lib'
libexecdir='${exec_prefix}/libexec'
localedir='${datarootdir}/locale'
localstatedir='${prefix}/var'
mandir='${datarootdir}/man'
mkdir_p='$(MKDIR_P)'
obj_format='elf'
oldincludedir='/usr/include'
pdfdir='${docdir}'
prefix='/usr'
program_transform_name='s&^&riscv64-elf-&'
psdir='${docdir}'
sbindir='${exec_prefix}/sbin'
sharedstatedir='${prefix}/com'
sysconfdir='${prefix}/etc'
target='riscv64-unknown-elf'
target_alias='riscv64-elf'
target_cpu='riscv64'
target_cpu_type='riscv'
target_os='elf'
target_vendor='unknown'
te_file='generic'
zlibdir='-L$(top_builddir)/../zlib'
zlibinc='-I$(top_srcdir)/../zlib'

## ----------- ##
## confdefs.h. ##
## ----------- ##

/* confdefs.h */
#define PACKAGE_NAME "gas"
#define PACKAGE_TARNAME "gas"
#define PACKAGE_VERSION "2.39"
#define PACKAGE_STRING "gas 2.39"
#define PACKAGE_BUGREPORT ""
#define PACKAGE_URL ""
#define PACKAGE "gas"
#define VERSION "2.39"
#define STDC_HEADERS 1
#define HAVE_SYS_TYPES_H 1
#define HAVE_SYS_STAT_H 1
#define HAVE_STDLIB_H 1
#define HAVE_STRING_H 1
#define HAVE_MEMORY_H 1
#define HAVE_STRINGS_H 1
#define HAVE_INTTYPES_H 1
#define HAVE_STDINT_H 1
#define HAVE_UNISTD_H 1
#define __EXTENSIONS__ 1
#define _ALL_SOURCE 1
#define _GNU_SOURCE 1
#define _POSIX_PTHREAD_SEMANTICS 1
#define _TANDEM_SOURCE 1
#define HAVE_DLFCN_H 1
#define LT_OBJDIR ".libs/"
#define HAVE_DLFCN_H 1
#define TARGET_BYTES_BIG_ENDIAN 0
#define DEFAULT_ARCH "riscv64"
#define DEFAULT_GENERATE_X86_RELAX_RELOCATIONS 1
#define DEFAULT_GENERATE_ELF_STT_COMMON 0
#define DEFAULT_GENERATE_BUILD_NOTES 0
#define DEFAULT_X86_USED_NOTE 0
#define DEFAULT_RISCV_ATTR 1
#define DEFAULT_MIPS_FIX_LOONGSON3_LLSC 0
#define EMULATIONS 
#define DEFAULT_EMULATION ""
#define TARGET_ALIAS "riscv64-elf"
#define TARGET_CANONICAL "riscv64-unknown-elf"
#define TARGET_CPU "riscv64"
#define TARGET_VENDOR "unknown"
#define TARGET_OS "elf"
#define YYTEXT_POINTER 1
#define HAVE_MEMORY_H 1
#define HAVE_SYS_STAT_H 1
#define HAVE_SYS_TYPES_H 1
#define HAVE_UNISTD_H 1
#define CROSS_COMPILE 1
#define HAVE_STRSIGNAL 1
#define HAVE_LC_MESSAGES 1
#define HAVE_DECL_GETOPT 1
#define HAVE_DECL_ASPRINTF 1
#define HAVE_DECL_MEMPCPY 1
#define HAVE_DECL_STPCPY 1
#define HAVE_ST_MTIM_TV_SEC 1
#define HAVE_ST_MTIM_TV_NSEC 1

configure: exit 0
