This file contains any messages produced by compilers while
running configure, to aid debugging if configure makes a mistake.

It was created by zlib configure 1.1.4, which was
generated by GNU Autoconf 2.69.  Invocation command line was

  $ /home/cvonelm/masterarbeit/software/binutils-softmode/src/binutils-2.39/zlib/configure --srcdir=.././zlib --cache-file=./config.cache --with-gnu-as --with-gnu-ld --with-sysroot=/usr/riscv64-elf --prefix=/usr --enable-multilib --enable-interwork --with-gnu-as --with-gnu-ld --disable-nls --enable-ld=default --enable-gold --enable-plugins --enable-deterministic-archives --program-transform-name=s&^&riscv64-elf-& --disable-option-checking --build=x86_64-pc-linux-gnu --host=x86_64-pc-linux-gnu --target=riscv64-elf

## --------- ##
## Platform. ##
## --------- ##

hostname = redshanks
uname -m = x86_64
uname -r = 6.1.7-arch1-1
uname -s = Linux
uname -v = #1 SMP PREEMPT_DYNAMIC Wed, 18 Jan 2023 19:54:38 +0000

/usr/bin/uname -p = unknown
/bin/uname -X     = unknown

/bin/arch              = unknown
/usr/bin/arch -k       = unknown
/usr/convex/getsysinfo = unknown
/usr/bin/hostinfo      = unknown
/bin/machine           = unknown
/usr/bin/oslevel       = unknown
/bin/universe          = unknown

PATH: /usr/local/sbin
PATH: /usr/local/bin
PATH: /usr/bin
PATH: /usr/lib/jvm/default/bin
PATH: /usr/bin/site_perl
PATH: /usr/bin/vendor_perl
PATH: /usr/bin/core_perl


## ----------- ##
## Core tests. ##
## ----------- ##

configure:2146: loading cache ./config.cache
configure:2308: checking build system type
configure:2322: result: x86_64-pc-linux-gnu
configure:2342: checking host system type
configure:2355: result: x86_64-pc-linux-gnu
configure:2375: checking target system type
configure:2388: result: riscv64-unknown-elf
configure:2436: checking for a BSD-compatible install
configure:2504: result: /usr/bin/install -c
configure:2515: checking whether build environment is sane
configure:2570: result: yes
configure:2716: checking for a thread-safe mkdir -p
configure:2755: result: /usr/bin/mkdir -p
configure:2762: checking for gawk
configure:2789: result: gawk
configure:2800: checking whether make sets $(MAKE)
configure:2822: result: yes
configure:2851: checking whether make supports nested variables
configure:2868: result: yes
configure:3019: checking whether make supports nested variables
configure:3036: result: yes
configure:3049: checking whether to enable maintainer-specific portions of Makefiles
configure:3058: result: no
configure:3129: checking for x86_64-pc-linux-gnu-gcc
configure:3156: result: gcc
configure:3425: checking for C compiler version
configure:3434: gcc --version >&5
gcc (GCC) 12.2.1 20230111
Copyright (C) 2022 Free Software Foundation, Inc.
This is free software; see the source for copying conditions.  There is NO
warranty; not even for MERCHANTABILITY or FITNESS FOR A PARTICULAR PURPOSE.

configure:3445: $? = 0
configure:3434: gcc -v >&5
Using built-in specs.
COLLECT_GCC=gcc
COLLECT_LTO_WRAPPER=/usr/lib/gcc/x86_64-pc-linux-gnu/12.2.1/lto-wrapper
Target: x86_64-pc-linux-gnu
Configured with: /build/gcc/src/gcc/configure --enable-languages=c,c++,ada,fortran,go,lto,objc,obj-c++,d --enable-bootstrap --prefix=/usr --libdir=/usr/lib --libexecdir=/usr/lib --mandir=/usr/share/man --infodir=/usr/share/info --with-bugurl=https://bugs.archlinux.org/ --with-build-config=bootstrap-lto --with-linker-hash-style=gnu --with-system-zlib --enable-__cxa_atexit --enable-cet=auto --enable-checking=release --enable-clocale=gnu --enable-default-pie --enable-default-ssp --enable-gnu-indirect-function --enable-gnu-unique-object --enable-libstdcxx-backtrace --enable-link-serialization=1 --enable-linker-build-id --enable-lto --enable-multilib --enable-plugin --enable-shared --enable-threads=posix --disable-libssp --disable-libstdcxx-pch --disable-werror
Thread model: posix
Supported LTO compression algorithms: zlib zstd
gcc version 12.2.1 20230111 (GCC) 
configure:3445: $? = 0
configure:3434: gcc -V >&5
gcc: error: unrecognized command-line option '-V'
gcc: fatal error: no input files
compilation terminated.
configure:3445: $? = 1
configure:3434: gcc -qversion >&5
gcc: error: unrecognized command-line option '-qversion'; did you mean '--version'?
gcc: fatal error: no input files
compilation terminated.
configure:3445: $? = 1
configure:3461: gcc -o conftest -march=x86-64 -mtune=generic -O2 -pipe -fno-plt -fexceptions         -Wp,-D_FORTIFY_SOURCE=2 -Wformat -Werror=format-security         -fstack-clash-protection -fcf-protection       -Wl,-O1,--sort-common,--as-needed,-z,relro,-z,now conftest.c  >&5
configure:3464: $? = 0
configure:3493: checking whether the C compiler works
configure:3515: gcc -march=x86-64 -mtune=generic -O2 -pipe -fno-plt -fexceptions         -Wp,-D_FORTIFY_SOURCE=2 -Wformat -Werror=format-security         -fstack-clash-protection -fcf-protection       -Wl,-O1,--sort-common,--as-needed,-z,relro,-z,now conftest.c  >&5
configure:3519: $? = 0
configure:3567: result: yes
configure:3570: checking for C compiler default output file name
configure:3572: result: a.out
configure:3578: checking for suffix of executables
configure:3585: gcc -o conftest -march=x86-64 -mtune=generic -O2 -pipe -fno-plt -fexceptions         -Wp,-D_FORTIFY_SOURCE=2 -Wformat -Werror=format-security         -fstack-clash-protection -fcf-protection       -Wl,-O1,--sort-common,--as-needed,-z,relro,-z,now conftest.c  >&5
configure:3589: $? = 0
configure:3611: result: 
configure:3633: checking whether we are cross compiling
configure:3641: gcc -o conftest -march=x86-64 -mtune=generic -O2 -pipe -fno-plt -fexceptions         -Wp,-D_FORTIFY_SOURCE=2 -Wformat -Werror=format-security         -fstack-clash-protection -fcf-protection       -Wl,-O1,--sort-common,--as-needed,-z,relro,-z,now conftest.c  >&5
configure:3645: $? = 0
configure:3652: ./conftest
configure:3656: $? = 0
configure:3671: result: no
configure:3677: checking for suffix of object files
configure:3724: result: o
configure:3728: checking whether we are using the GNU C compiler
configure:3756: result: yes
configure:3765: checking whether gcc accepts -g
configure:3826: result: yes
configure:3843: checking for gcc option to accept ISO C89
configure:3919: result: none needed
configure:3944: checking whether gcc understands -c and -o together
configure:3981: result: yes
configure:4001: checking whether make supports the include directive
configure:4016: make -f confmf.GNU && cat confinc.out
make[2]: Entering directory '/home/cvonelm/masterarbeit/software/binutils-softmode/src/binutils-2.39/zlib'
make[2]: Leaving directory '/home/cvonelm/masterarbeit/software/binutils-softmode/src/binutils-2.39/zlib'
this is the am__doit target
configure:4019: $? = 0
configure:4038: result: yes (GNU style)
configure:4063: checking dependency style of gcc
configure:4174: result: gcc3
configure:4239: checking how to print strings
configure:4266: result: printf
configure:4287: checking for a sed that does not truncate output
configure:4351: result: /usr/bin/sed
configure:4369: checking for grep that handles long lines and -e
configure:4427: result: /usr/bin/grep
configure:4432: checking for egrep
configure:4494: result: /usr/bin/grep -E
configure:4499: checking for fgrep
configure:4561: result: /usr/bin/grep -F
configure:4596: checking for ld used by gcc
configure:4663: result: ld
configure:4670: checking if the linker (ld) is GNU ld
configure:4685: result: yes
configure:4697: checking for BSD- or MS-compatible name lister (nm)
configure:4753: result: /usr/bin/nm -B
configure:4883: checking the name lister (/usr/bin/nm -B) interface
configure:4903: result: BSD nm
configure:4906: checking whether ln -s works
configure:4910: result: yes
configure:4918: checking the maximum length of command line arguments
configure:5043: result: 1572864
configure:5060: checking whether the shell understands some XSI constructs
configure:5070: result: yes
configure:5074: checking whether the shell understands "+="
configure:5080: result: yes
configure:5115: checking for ld option to reload object files
configure:5122: result: -r
configure:5151: checking for x86_64-pc-linux-gnu-objdump
configure:5178: result: objdump
configure:5250: checking how to recognize dependent libraries
configure:5451: result: pass_all
configure:5484: checking for x86_64-pc-linux-gnu-ar
configure:5511: result: ar --plugin /usr/lib/gcc/x86_64-pc-linux-gnu/12.2.0/liblto_plugin.so
configure:5602: checking for x86_64-pc-linux-gnu-strip
configure:5632: result: no
configure:5642: checking for strip
configure:5669: result: strip
configure:5701: checking for x86_64-pc-linux-gnu-ranlib
configure:5728: result: ranlib --plugin /usr/lib/gcc/x86_64-pc-linux-gnu/12.2.0/liblto_plugin.so
configure:5875: checking command to parse /usr/bin/nm -B output from gcc object
configure:6098: result: ok
configure:6194: gcc -c -march=x86-64 -mtune=generic -O2 -pipe -fno-plt -fexceptions         -Wp,-D_FORTIFY_SOURCE=2 -Wformat -Werror=format-security         -fstack-clash-protection -fcf-protection      conftest.c >&5
configure:6197: $? = 0
configure:6956: checking how to run the C preprocessor
configure:7026: result: gcc -E
configure:7046: gcc -E  conftest.c
configure:7046: $? = 0
configure:7060: gcc -E  conftest.c
conftest.c:11:10: fatal error: ac_nonexistent.h: No such file or directory
   11 | #include <ac_nonexistent.h>
      |          ^~~~~~~~~~~~~~~~~~
compilation terminated.
configure:7060: $? = 1
configure: failed program was:
| /* confdefs.h */
| #define PACKAGE_NAME "zlib"
| #define PACKAGE_TARNAME "zlib"
| #define PACKAGE_VERSION "1.1.4"
| #define PACKAGE_STRING "zlib 1.1.4"
| #define PACKAGE_BUGREPORT ""
| #define PACKAGE_URL ""
| #define PACKAGE "zlib"
| #define VERSION "1.1.4"
| /* end confdefs.h.  */
| #include <ac_nonexistent.h>
configure:7089: checking for ANSI C header files
configure:7193: result: yes
configure:7206: checking for sys/types.h
configure:7206: result: yes
configure:7206: checking for sys/stat.h
configure:7206: result: yes
configure:7206: checking for stdlib.h
configure:7206: result: yes
configure:7206: checking for string.h
configure:7206: result: yes
configure:7206: checking for memory.h
configure:7206: result: yes
configure:7206: checking for strings.h
configure:7206: result: yes
configure:7206: checking for inttypes.h
configure:7206: result: yes
configure:7206: checking for stdint.h
configure:7206: result: yes
configure:7206: checking for unistd.h
configure:7206: result: yes
configure:7220: checking for dlfcn.h
configure:7220: result: yes
configure:7407: checking for objdir
configure:7422: result: .libs
configure:7693: checking if gcc supports -fno-rtti -fno-exceptions
configure:7728: result: no
configure:7748: checking for gcc option to produce PIC
configure:8034: result: -fPIC -DPIC
configure:8046: checking if gcc PIC flag -fPIC -DPIC works
configure:8081: result: yes
configure:8105: checking if gcc static flag -static works
configure:8133: result: yes
configure:8148: checking if gcc supports -c -o file.o
configure:8195: result: yes
configure:8203: checking if gcc supports -c -o file.o
configure:8250: result: yes
configure:8283: checking whether the gcc linker (ld -m elf_x86_64) supports shared libraries
configure:9363: result: yes
configure:9400: checking whether -lc should be explicitly linked in
configure:9443: result: no
configure:9608: checking dynamic linker characteristics
configure:10274: result: GNU/Linux ld.so
configure:10381: checking how to hardcode library paths into programs
configure:10406: result: immediate
configure:10961: checking whether stripping libraries is possible
configure:10966: result: yes
configure:11001: checking if libtool supports shared libraries
configure:11003: result: yes
configure:11006: checking whether to build shared libraries
configure:11027: result: yes
configure:11030: checking whether to build static libraries
configure:11034: result: yes
configure:11077: checking how to run the C preprocessor
configure:11147: result: gcc -E
configure:11167: gcc -E  conftest.c
configure:11167: $? = 0
configure:11181: gcc -E  conftest.c
conftest.c:23:10: fatal error: ac_nonexistent.h: No such file or directory
   23 | #include <ac_nonexistent.h>
      |          ^~~~~~~~~~~~~~~~~~
compilation terminated.
configure:11181: $? = 1
configure: failed program was:
| /* confdefs.h */
| #define PACKAGE_NAME "zlib"
| #define PACKAGE_TARNAME "zlib"
| #define PACKAGE_VERSION "1.1.4"
| #define PACKAGE_STRING "zlib 1.1.4"
| #define PACKAGE_BUGREPORT ""
| #define PACKAGE_URL ""
| #define PACKAGE "zlib"
| #define VERSION "1.1.4"
| #define STDC_HEADERS 1
| #define HAVE_SYS_TYPES_H 1
| #define HAVE_SYS_STAT_H 1
| #define HAVE_STDLIB_H 1
| #define HAVE_STRING_H 1
| #define HAVE_MEMORY_H 1
| #define HAVE_STRINGS_H 1
| #define HAVE_INTTYPES_H 1
| #define HAVE_STDINT_H 1
| #define HAVE_UNISTD_H 1
| #define HAVE_DLFCN_H 1
| #define LT_OBJDIR ".libs/"
| /* end confdefs.h.  */
| #include <ac_nonexistent.h>
configure:11237: checking for stdlib.h
configure:11237: result: yes
configure:11237: checking for unistd.h
configure:11237: result: yes
configure:11237: checking for sys/param.h
configure:11237: result: yes
configure:11257: checking for getpagesize
configure:11257: result: yes
configure:11266: checking for working mmap
configure:11423: result: yes
configure:11436: checking for memcpy
configure:11436: result: yes
configure:11436: checking for strerror
configure:11436: result: yes
configure:11501: checking for unistd.h
configure:11501: result: yes
configure:11695: checking that generated files are newer than configure
configure:11701: result: done
configure:11732: creating ./config.status

## ---------------------- ##
## Running config.status. ##
## ---------------------- ##

This file was extended by zlib config.status 1.1.4, which was
generated by GNU Autoconf 2.69.  Invocation command line was

  CONFIG_FILES    = 
  CONFIG_HEADERS  = 
  CONFIG_LINKS    = 
  CONFIG_COMMANDS = 
  $ ./config.status 

on redshanks

config.status:1025: creating Makefile
config.status:1197: executing depfiles commands
config.status:1282: cd .       && sed -e '/# am--include-marker/d' Makefile         | make -f - am--depfiles
make[2]: Entering directory '/home/cvonelm/masterarbeit/software/binutils-softmode/src/binutils-2.39/zlib'
make[2]: Nothing to be done for 'am--depfiles'.
make[2]: Leaving directory '/home/cvonelm/masterarbeit/software/binutils-softmode/src/binutils-2.39/zlib'
config.status:1287: $? = 0
config.status:1197: executing libtool commands

## ---------------- ##
## Cache variables. ##
## ---------------- ##

ac_cv_build=x86_64-pc-linux-gnu
ac_cv_c_compiler_gnu=yes
ac_cv_env_CPPFLAGS_set=
ac_cv_env_CPPFLAGS_value=
ac_cv_env_CPP_set=
ac_cv_env_CPP_value=
ac_cv_env_build_alias_set=set
ac_cv_env_build_alias_value=x86_64-pc-linux-gnu
ac_cv_env_host_alias_set=set
ac_cv_env_host_alias_value=x86_64-pc-linux-gnu
ac_cv_env_target_alias_set=set
ac_cv_env_target_alias_value=riscv64-elf
ac_cv_func_getpagesize=yes
ac_cv_func_memcpy=yes
ac_cv_func_mmap_fixed_mapped=yes
ac_cv_func_strerror=yes
ac_cv_header_dlfcn_h=yes
ac_cv_header_inttypes_h=yes
ac_cv_header_memory_h=yes
ac_cv_header_stdc=yes
ac_cv_header_stdint_h=yes
ac_cv_header_stdlib_h=yes
ac_cv_header_string_h=yes
ac_cv_header_strings_h=yes
ac_cv_header_sys_param_h=yes
ac_cv_header_sys_stat_h=yes
ac_cv_header_sys_types_h=yes
ac_cv_header_unistd_h=yes
ac_cv_host=x86_64-pc-linux-gnu
ac_cv_objext=o
ac_cv_path_EGREP='/usr/bin/grep -E'
ac_cv_path_FGREP='/usr/bin/grep -F'
ac_cv_path_GREP=/usr/bin/grep
ac_cv_path_SED=/usr/bin/sed
ac_cv_path_mkdir=/usr/bin/mkdir
ac_cv_prog_AR='ar --plugin /usr/lib/gcc/x86_64-pc-linux-gnu/12.2.0/liblto_plugin.so'
ac_cv_prog_AWK=gawk
ac_cv_prog_CC=gcc
ac_cv_prog_CPP='gcc -E'
ac_cv_prog_OBJDUMP=objdump
ac_cv_prog_RANLIB='ranlib --plugin /usr/lib/gcc/x86_64-pc-linux-gnu/12.2.0/liblto_plugin.so'
ac_cv_prog_ac_ct_STRIP=strip
ac_cv_prog_cc_c89=
ac_cv_prog_cc_g=yes
ac_cv_prog_make_make_set=yes
ac_cv_target=riscv64-unknown-elf
am_cv_CC_dependencies_compiler_type=gcc3
am_cv_make_support_nested_variables=yes
am_cv_prog_cc_c_o=yes
lt_cv_archive_cmds_need_lc=no
lt_cv_deplibs_check_method=pass_all
lt_cv_file_magic_cmd='$MAGIC_CMD'
lt_cv_file_magic_test_file=
lt_cv_ld_reload_flag=-r
lt_cv_nm_interface='BSD nm'
lt_cv_objdir=.libs
lt_cv_path_LD=ld
lt_cv_path_NM='/usr/bin/nm -B'
lt_cv_prog_compiler_c_o=yes
lt_cv_prog_compiler_pic_works=yes
lt_cv_prog_compiler_rtti_exceptions=no
lt_cv_prog_compiler_static_works=yes
lt_cv_prog_gnu_ld=yes
lt_cv_shlibpath_overrides_runpath=no
lt_cv_sys_global_symbol_pipe='sed -n -e '\''s/^.*[	 ]\([ABCDGIRSTW][ABCDGIRSTW]*\)[	 ][	 ]*\([_A-Za-z][_A-Za-z0-9]*\)$/\1 \2 \2/p'\'''
lt_cv_sys_global_symbol_to_c_name_address='sed -n -e '\''s/^: \([^ ]*\) $/  {\"\1\", (void *) 0},/p'\'' -e '\''s/^[ABCDGIRSTW]* \([^ ]*\) \([^ ]*\)$/  {"\2", (void *) \&\2},/p'\'''
lt_cv_sys_global_symbol_to_c_name_address_lib_prefix='sed -n -e '\''s/^: \([^ ]*\) $/  {\"\1\", (void *) 0},/p'\'' -e '\''s/^[ABCDGIRSTW]* \([^ ]*\) \(lib[^ ]*\)$/  {"\2", (void *) \&\2},/p'\'' -e '\''s/^[ABCDGIRSTW]* \([^ ]*\) \([^ ]*\)$/  {"lib\2", (void *) \&\2},/p'\'''
lt_cv_sys_global_symbol_to_cdecl='sed -n -e '\''s/^T .* \(.*\)$/extern int \1();/p'\'' -e '\''s/^[ABCDGIRSTW]* .* \(.*\)$/extern char \1;/p'\'''
lt_cv_sys_max_cmd_len=1572864

## ----------------- ##
## Output variables. ##
## ----------------- ##

ACLOCAL='${SHELL} '\''/home/cvonelm/masterarbeit/software/binutils-softmode/src/binutils-2.39/missing'\'' aclocal-1.16'
AMDEPBACKSLASH='\'
AMDEP_FALSE='#'
AMDEP_TRUE=''
AMTAR='$${TAR-tar}'
AM_BACKSLASH='\'
AM_DEFAULT_V='$(AM_DEFAULT_VERBOSITY)'
AM_DEFAULT_VERBOSITY='0'
AM_V='$(V)'
AR='ar --plugin /usr/lib/gcc/x86_64-pc-linux-gnu/12.2.0/liblto_plugin.so --plugin /usr/lib/gcc/x86_64-pc-linux-gnu/12.2.1/liblto_plugin.so'
AUTOCONF='${SHELL} '\''/home/cvonelm/masterarbeit/software/binutils-softmode/src/binutils-2.39/missing'\'' autoconf'
AUTOHEADER='${SHELL} '\''/home/cvonelm/masterarbeit/software/binutils-softmode/src/binutils-2.39/missing'\'' autoheader'
AUTOMAKE='${SHELL} '\''/home/cvonelm/masterarbeit/software/binutils-softmode/src/binutils-2.39/missing'\'' automake-1.16'
AWK='gawk'
CC='gcc'
CCDEPMODE='depmode=gcc3'
CFLAGS='-march=x86-64 -mtune=generic -O2 -pipe -fno-plt -fexceptions         -Wp,-D_FORTIFY_SOURCE=2 -Wformat -Werror=format-security         -fstack-clash-protection -fcf-protection    '
COMPPATH='.'
CPP='gcc -E'
CPPFLAGS=''
CSCOPE='cscope'
CTAGS='ctags'
CYGPATH_W='echo'
DEFS='-DPACKAGE_NAME=\"zlib\" -DPACKAGE_TARNAME=\"zlib\" -DPACKAGE_VERSION=\"1.1.4\" -DPACKAGE_STRING=\"zlib\ 1.1.4\" -DPACKAGE_BUGREPORT=\"\" -DPACKAGE_URL=\"\" -DPACKAGE=\"zlib\" -DVERSION=\"1.1.4\" -DSTDC_HEADERS=1 -DHAVE_SYS_TYPES_H=1 -DHAVE_SYS_STAT_H=1 -DHAVE_STDLIB_H=1 -DHAVE_STRING_H=1 -DHAVE_MEMORY_H=1 -DHAVE_STRINGS_H=1 -DHAVE_INTTYPES_H=1 -DHAVE_STDINT_H=1 -DHAVE_UNISTD_H=1 -DHAVE_DLFCN_H=1 -DLT_OBJDIR=\".libs/\" -DHAVE_STDLIB_H=1 -DHAVE_UNISTD_H=1 -DHAVE_SYS_PARAM_H=1 -DHAVE_GETPAGESIZE=1 -DHAVE_MMAP=1 -DHAVE_MEMCPY=1 -DHAVE_STRERROR=1 -DHAVE_UNISTD_H=1'
DEPDIR='.deps'
DSYMUTIL='@DSYMUTIL@'
DUMPBIN=''
ECHO_C=''
ECHO_N='-n'
ECHO_T=''
EGREP='/usr/bin/grep -E'
ETAGS='etags'
EXEEXT=''
FGREP='/usr/bin/grep -F'
GREP='/usr/bin/grep'
INSTALL_DATA='/usr/bin/install -c -m 644'
INSTALL_PROGRAM='/usr/bin/install -c'
INSTALL_SCRIPT='/usr/bin/install -c'
INSTALL_STRIP_PROGRAM='$(install_sh) -c -s'
LD='ld -m elf_x86_64'
LDFLAGS=' -Wl,-O1,--sort-common,--as-needed,-z,relro,-z,now'
LIBOBJS=''
LIBS=''
LIBTOOL='$(SHELL) $(top_builddir)/libtool'
LIPO=''
LN_S='ln -s'
LTLIBOBJS=''
MAINT='#'
MAINTAINER_MODE_FALSE=''
MAINTAINER_MODE_TRUE='#'
MAKEINFO='makeinfo --split-size=5000000'
MKDIR_P='/usr/bin/mkdir -p'
NM='/usr/bin/nm -B'
NMEDIT=''
OBJDUMP='objdump'
OBJEXT='o'
OTOOL64=''
OTOOL='@OTOOL@'
PACKAGE='zlib'
PACKAGE_BUGREPORT=''
PACKAGE_NAME='zlib'
PACKAGE_STRING='zlib 1.1.4'
PACKAGE_TARNAME='zlib'
PACKAGE_URL=''
PACKAGE_VERSION='1.1.4'
PATH_SEPARATOR=':'
PICFLAG=''
RANLIB='ranlib --plugin /usr/lib/gcc/x86_64-pc-linux-gnu/12.2.0/liblto_plugin.so --plugin /usr/lib/gcc/x86_64-pc-linux-gnu/12.2.1/liblto_plugin.so'
SED='/usr/bin/sed'
SET_MAKE=''
SHELL='/bin/sh'
STRIP='strip'
TARGET_LIBRARY_FALSE=''
TARGET_LIBRARY_TRUE='#'
VERSION='1.1.4'
ac_ct_CC=''
ac_ct_DUMPBIN=''
am__EXEEXT_FALSE=''
am__EXEEXT_TRUE='#'
am__fastdepCC_FALSE='#'
am__fastdepCC_TRUE=''
am__include='include'
am__isrc=''
am__leading_dot='.'
am__nodep='_no'
am__quote=''
am__tar='$${TAR-tar} chof - "$$tardir"'
am__untar='$${TAR-tar} xf -'
bindir='${exec_prefix}/bin'
build='x86_64-pc-linux-gnu'
build_alias='x86_64-pc-linux-gnu'
build_cpu='x86_64'
build_os='linux-gnu'
build_vendor='pc'
datadir='${datarootdir}'
datarootdir='${prefix}/share'
docdir='${datarootdir}/doc/${PACKAGE_TARNAME}'
dvidir='${docdir}'
exec_prefix='${prefix}'
host='x86_64-pc-linux-gnu'
host_alias='x86_64-pc-linux-gnu'
host_cpu='x86_64'
host_os='linux-gnu'
host_vendor='pc'
htmldir='${docdir}'
includedir='${prefix}/include'
infodir='${datarootdir}/info'
install_sh='${SHELL} /home/cvonelm/masterarbeit/software/binutils-softmode/src/binutils-2.39/install-sh'
libdir='${exec_prefix}/lib'
libexecdir='${exec_prefix}/libexec'
localedir='${datarootdir}/locale'
localstatedir='${prefix}/var'
mandir='${datarootdir}/man'
mkdir_p='$(MKDIR_P)'
mkinstalldirs='/home/cvonelm/masterarbeit/software/binutils-softmode/src/binutils-2.39/mkinstalldirs'
multi_basedir=''
oldincludedir='/usr/include'
pdfdir='${docdir}'
prefix='/usr'
program_transform_name='s&^&riscv64-elf-&'
psdir='${docdir}'
sbindir='${exec_prefix}/sbin'
sharedstatedir='${prefix}/com'
sysconfdir='${prefix}/etc'
target='riscv64-unknown-elf'
target_alias='riscv64-elf'
target_all='libzgcj.la'
target_cpu='riscv64'
target_os='elf'
target_vendor='unknown'
toolexecdir='$(libdir)/gcc-lib/$(target_alias)'
toolexeclibdir='$(libdir)/../lib'

## ----------- ##
## confdefs.h. ##
## ----------- ##

/* confdefs.h */
#define PACKAGE_NAME "zlib"
#define PACKAGE_TARNAME "zlib"
#define PACKAGE_VERSION "1.1.4"
#define PACKAGE_STRING "zlib 1.1.4"
#define PACKAGE_BUGREPORT ""
#define PACKAGE_URL ""
#define PACKAGE "zlib"
#define VERSION "1.1.4"
#define STDC_HEADERS 1
#define HAVE_SYS_TYPES_H 1
#define HAVE_SYS_STAT_H 1
#define HAVE_STDLIB_H 1
#define HAVE_STRING_H 1
#define HAVE_MEMORY_H 1
#define HAVE_STRINGS_H 1
#define HAVE_INTTYPES_H 1
#define HAVE_STDINT_H 1
#define HAVE_UNISTD_H 1
#define HAVE_DLFCN_H 1
#define LT_OBJDIR ".libs/"
#define HAVE_STDLIB_H 1
#define HAVE_UNISTD_H 1
#define HAVE_SYS_PARAM_H 1
#define HAVE_GETPAGESIZE 1
#define HAVE_MMAP 1
#define HAVE_MEMCPY 1
#define HAVE_STRERROR 1
#define HAVE_UNISTD_H 1

configure: exit 0
